2017-10-08 14:54:46,315 [1] [INFO  ] MessageBrocker.Program - Starting message broker 
2017-10-08 15:01:31,240 [1] [INFO  ] MessageBrocker.Program - Starting message broker 
2017-10-08 15:01:31,305 [1] [INFO  ] MessageBrocker.Program - Press any key to stop the server 
2017-10-08 15:01:41,637 [1] [INFO  ] MessageBrocker.Program - Press any key to exit 
2017-10-08 15:14:24,131 [1] [INFO  ] MessageBrocker.Program - Starting message broker 
2017-10-08 15:14:24,187 [1] [INFO  ] MessageBrocker.Program - Press any key to stop the server 
2017-10-08 15:15:05,359 [1] [INFO  ] MessageBrocker.Program - Press any key to exit 
2017-10-08 15:16:02,706 [1] [INFO  ] MessageBrocker.Program - Starting message broker 
2017-10-08 15:16:02,765 [1] [INFO  ] MessageBrocker.Program - Press any key to stop the server 
2017-10-08 15:16:02,769 [4] [INFO  ] Transport.Connectors.Tcp.TcpConnectionListener - Starting sockets listener 
2017-10-08 15:16:02,795 [4] [DEBUG ] Transport.Connectors.Tcp.TcpConnectionListener - Socket was started on port 9000 
2017-10-08 15:16:02,811 [4] [INFO  ] Transport.Connectors.Tcp.TcpConnectionListener - Waiting for connections 
2017-10-08 15:25:10,343 [1] [INFO  ] Transport.Connectors.Tcp.TcpConnectionListener - Stop sockets listener 
2017-10-08 15:25:10,385 [1] [INFO  ] MessageBrocker.Program - Press any key to exit 
2017-10-08 15:25:17,372 [1] [INFO  ] MessageBrocker.Program - Starting message broker 
2017-10-08 15:25:17,432 [1] [INFO  ] MessageBrocker.Program - Press any key to stop the server 
2017-10-08 15:25:17,436 [4] [INFO  ] Transport.Connectors.Tcp.TcpConnectionListener - Starting sockets listener 
2017-10-08 15:25:17,463 [4] [DEBUG ] Transport.Connectors.Tcp.TcpConnectionListener - Socket was started on port 9000 
2017-10-08 15:25:17,480 [4] [INFO  ] Transport.Connectors.Tcp.TcpConnectionListener - Waiting for connections 
2017-10-08 15:25:53,809 [1] [INFO  ] Transport.Connectors.Tcp.TcpConnectionListener - Stop sockets listener 
2017-10-08 15:25:53,839 [1] [INFO  ] MessageBrocker.Program - Press any key to exit 
2017-10-08 15:26:41,578 [1] [INFO  ] MessageBrocker.Program - Starting message broker 
2017-10-08 15:26:41,637 [1] [INFO  ] MessageBrocker.Program - Press any key to stop the server 
2017-10-08 15:26:41,641 [5] [INFO  ] Transport.Connectors.Tcp.TcpConnectionListener - Starting sockets listener 
2017-10-08 15:26:41,688 [5] [DEBUG ] Transport.Connectors.Tcp.TcpConnectionListener - Socket was started on port 9000 
2017-10-08 15:26:41,708 [5] [INFO  ] Transport.Connectors.Tcp.TcpConnectionListener - Waiting for connections 
2017-10-08 15:26:46,142 [3] [DEBUG ] Transport.Connectors.Tcp.TcpConnectionListener - New client socket was accepted 
2017-10-08 15:26:46,171 [3] [INFO  ] Data.RemoteApplication - New remote application with id 4567f7ac-d506-44d7-b6d2-f2d7cd6b9aa3 
2017-10-08 15:26:46,187 [3] [INFO  ] Data.RemoteApplication - Starting remote applicatoin 
2017-10-08 15:26:46,202 [4] [INFO  ] Transport.Connectors.Tcp.TcpConnector - Strting connector 
2017-10-08 15:26:46,220 [6] [DEBUG ] Transport.Connectors.Tcp.TcpConnector - Started receiving messages 
2017-10-08 15:26:46,320 [6] [ERROR ] Serialization.MessageFactory - There is no susch module 
2017-10-08 15:26:46,470 [6] [INFO  ] Transport.Connectors.Tcp.TcpConnector - OpenConnectionMessage was received by a TcpConnector with id 4f32f53a-63be-4e16-9f23-5400211fa168 
2017-10-08 15:26:46,488 [6] [ERROR ] Serialization.MessageFactory - There is no susch module 
2017-10-08 15:26:46,512 [6] [INFO  ] Transport.Connectors.Tcp.TcpConnector - DefaultMessage was received by a TcpConnector with id 4f32f53a-63be-4e16-9f23-5400211fa168 
2017-10-08 15:27:19,781 [1] [INFO  ] Transport.Connectors.Tcp.TcpConnectionListener - Stop sockets listener 
2017-10-08 15:27:19,816 [1] [INFO  ] Transport.Connectors.Tcp.TcpConnector - Connector is disconecting 
2017-10-08 15:27:19,839 [1] [INFO  ] MessageBrocker.Program - Press any key to exit 
2017-10-08 15:27:19,842 [6] [ERROR ] Transport.Connectors.Tcp.TcpConnector - Receiving message failed 
2017-10-08 15:27:19,893 [6] [INFO  ] Transport.Connectors.Tcp.TcpConnector - Connector is disconecting 
2017-10-08 15:27:26,934 [1] [INFO  ] MessageBrocker.Program - Starting message broker 
2017-10-08 15:27:27,095 [1] [INFO  ] MessageBrocker.Program - Press any key to stop the server 
2017-10-08 15:27:27,123 [1] [INFO  ] Transport.Connectors.Tcp.TcpConnectionListener - Stop sockets listener 
2017-10-08 15:27:27,139 [1] [ERROR ] Transport.Connectors.Tcp.TcpConnectionListener - Socket is not listening already 
2017-10-08 15:27:27,135 [5] [INFO  ] Transport.Connectors.Tcp.TcpConnectionListener - Starting sockets listener 
2017-10-08 15:27:27,215 [5] [DEBUG ] Transport.Connectors.Tcp.TcpConnectionListener - Socket was started on port 9000 
2017-10-08 15:27:27,251 [5] [INFO  ] Transport.Connectors.Tcp.TcpConnectionListener - Waiting for connections 
2017-10-08 15:27:29,686 [3] [DEBUG ] Transport.Connectors.Tcp.TcpConnectionListener - New client socket was accepted 
2017-10-08 15:27:40,887 [1] [INFO  ] MessageBrocker.Program - Press any key to exit 
2017-10-08 15:27:58,525 [1] [INFO  ] MessageBrocker.Program - Starting message broker 
2017-10-08 15:27:58,683 [1] [INFO  ] MessageBrocker.Program - Press any key to stop the server 
2017-10-08 15:27:58,743 [5] [INFO  ] Transport.Connectors.Tcp.TcpConnectionListener - Starting sockets listener 
2017-10-08 15:27:58,777 [5] [DEBUG ] Transport.Connectors.Tcp.TcpConnectionListener - Socket was started on port 9000 
2017-10-08 15:27:58,792 [5] [INFO  ] Transport.Connectors.Tcp.TcpConnectionListener - Waiting for connections 
2017-10-08 15:28:05,123 [3] [DEBUG ] Transport.Connectors.Tcp.TcpConnectionListener - New client socket was accepted 
2017-10-08 15:28:05,178 [3] [INFO  ] Data.RemoteApplication - New remote application with id a76178d3-359e-4036-b340-ddfe7bc3789a 
2017-10-08 15:28:05,194 [3] [INFO  ] Data.RemoteApplication - Starting remote applicatoin 
2017-10-08 15:28:05,210 [4] [INFO  ] Transport.Connectors.Tcp.TcpConnector - Strting connector 
2017-10-08 15:28:05,232 [4] [DEBUG ] Transport.Connectors.Tcp.TcpConnector - Started receiving messages 
2017-10-08 15:30:37,348 [1] [INFO  ] MessageBrocker.Program - Starting message broker 
2017-10-08 15:30:37,414 [1] [INFO  ] MessageBrocker.Program - Press any key to stop the server 
2017-10-08 15:30:37,419 [5] [INFO  ] Transport.Connectors.Tcp.TcpConnectionListener - Starting sockets listener 
2017-10-08 15:30:37,472 [5] [DEBUG ] Transport.Connectors.Tcp.TcpConnectionListener - Socket was started on port 9000 
2017-10-08 15:30:37,488 [5] [INFO  ] Transport.Connectors.Tcp.TcpConnectionListener - Waiting for connections 
2017-10-08 15:30:43,868 [3] [DEBUG ] Transport.Connectors.Tcp.TcpConnectionListener - New client socket was accepted 
2017-10-08 15:30:43,897 [3] [INFO  ] Data.RemoteApplication - New remote application with id 9d4b4937-f75f-4017-823f-8d6e0ed51be0 
2017-10-08 15:30:43,918 [3] [INFO  ] Data.RemoteApplication - Starting remote applicatoin 
2017-10-08 15:30:43,939 [4] [INFO  ] Transport.Connectors.Tcp.TcpConnector - Strting connector 
2017-10-08 15:30:43,957 [4] [DEBUG ] Transport.Connectors.Tcp.TcpConnector - Started receiving messages 
2017-10-08 15:30:43,991 [4] [INFO  ] Transport.Connectors.Tcp.TcpConnector - OpenConnectionMessage was received by a TcpConnector with id 686b3659-9cb2-4c64-8249-ee333de612e7 
2017-10-08 15:30:44,012 [4] [INFO  ] Transport.Connectors.Tcp.TcpConnector - DefaultMessage was received by a TcpConnector with id 686b3659-9cb2-4c64-8249-ee333de612e7 
2017-10-08 15:30:51,194 [1] [INFO  ] Transport.Connectors.Tcp.TcpConnectionListener - Stop sockets listener 
2017-10-08 15:30:51,212 [1] [INFO  ] Transport.Connectors.Tcp.TcpConnector - Connector is disconecting 
2017-10-08 15:30:51,230 [1] [INFO  ] MessageBrocker.Program - Press any key to exit 
2017-10-08 15:30:51,231 [4] [ERROR ] Transport.Connectors.Tcp.TcpConnector - Receiving message failed 
2017-10-08 15:30:51,281 [4] [INFO  ] Transport.Connectors.Tcp.TcpConnector - Connector is disconecting 
2017-10-08 15:59:24,735 [1] [INFO  ] MessageBrocker.Program - Starting message broker 
2017-10-08 15:59:24,794 [1] [INFO  ] MessageBrocker.Program - Press any key to stop the server 
2017-10-08 15:59:24,798 [5] [INFO  ] Transport.Connectors.Tcp.TcpConnectionListener - Starting sockets listener 
2017-10-08 15:59:24,846 [5] [DEBUG ] Transport.Connectors.Tcp.TcpConnectionListener - Socket was started on port 9000 
2017-10-08 15:59:24,865 [5] [INFO  ] Transport.Connectors.Tcp.TcpConnectionListener - Waiting for connections 
2017-10-08 16:02:05,417 [1] [INFO  ] Transport.Connectors.Tcp.TcpConnectionListener - Stop sockets listener 
2017-10-08 16:02:05,443 [1] [INFO  ] MessageBrocker.Program - Press any key to exit 
2017-10-08 16:02:46,504 [1] [INFO  ] MessageBrocker.Program - Starting message broker 
2017-10-08 16:02:46,559 [1] [INFO  ] MessageBrocker.Program - Press any key to stop the server 
2017-10-08 16:02:46,563 [4] [INFO  ] Transport.Connectors.Tcp.TcpConnectionListener - Starting sockets listener 
2017-10-08 16:02:46,610 [4] [DEBUG ] Transport.Connectors.Tcp.TcpConnectionListener - Socket was started on port 9000 
2017-10-08 16:02:46,625 [4] [INFO  ] Transport.Connectors.Tcp.TcpConnectionListener - Waiting for connections 
2017-10-08 16:09:00,182 [1] [INFO  ] Transport.Connectors.Tcp.TcpConnectionListener - Stop sockets listener 
2017-10-08 16:09:00,206 [1] [INFO  ] MessageBrocker.Program - Press any key to exit 
2017-10-08 16:09:07,058 [1] [INFO  ] MessageBrocker.Program - Starting message broker 
2017-10-08 16:09:07,154 [1] [INFO  ] MessageBrocker.Program - Press any key to stop the server 
2017-10-08 16:09:07,161 [5] [INFO  ] Transport.Connectors.Tcp.TcpConnectionListener - Starting sockets listener 
2017-10-08 16:09:07,220 [5] [DEBUG ] Transport.Connectors.Tcp.TcpConnectionListener - Socket was started on port 9000 
2017-10-08 16:09:07,243 [5] [INFO  ] Transport.Connectors.Tcp.TcpConnectionListener - Waiting for connections 
2017-10-08 17:01:35,448 [1] [INFO  ] Transport.Connectors.Tcp.TcpConnectionListener - Stop sockets listener 
2017-10-08 17:01:35,479 [1] [INFO  ] MessageBrocker.Program - Press any key to exit 
2017-10-08 17:01:46,394 [1] [INFO  ] MessageBrocker.Program - Starting message broker 
2017-10-08 17:01:46,457 [1] [INFO  ] MessageBrocker.Program - Press any key to stop the server 
2017-10-08 17:01:46,461 [4] [INFO  ] Transport.Connectors.Tcp.TcpConnectionListener - Starting sockets listener 
2017-10-08 17:01:46,507 [4] [DEBUG ] Transport.Connectors.Tcp.TcpConnectionListener - Socket was started on port 9000 
2017-10-08 17:01:46,524 [4] [INFO  ] Transport.Connectors.Tcp.TcpConnectionListener - Waiting for connections 
2017-10-08 17:02:02,590 [1] [INFO  ] Transport.Connectors.Tcp.TcpConnectionListener - Stop sockets listener 
2017-10-08 17:02:02,618 [1] [INFO  ] MessageBrocker.Program - Press any key to exit 
2017-10-08 17:02:05,104 [1] [INFO  ] MessageBrocker.Program - Starting message broker 
2017-10-08 17:02:05,162 [1] [INFO  ] MessageBrocker.Program - Press any key to stop the server 
2017-10-08 17:02:05,166 [4] [INFO  ] Transport.Connectors.Tcp.TcpConnectionListener - Starting sockets listener 
2017-10-08 17:02:05,211 [4] [DEBUG ] Transport.Connectors.Tcp.TcpConnectionListener - Socket was started on port 9000 
2017-10-08 17:02:05,227 [4] [INFO  ] Transport.Connectors.Tcp.TcpConnectionListener - Waiting for connections 
2017-10-08 17:02:08,991 [1] [INFO  ] Transport.Connectors.Tcp.TcpConnectionListener - Stop sockets listener 
2017-10-08 17:02:09,016 [1] [INFO  ] MessageBrocker.Program - Press any key to exit 
2017-10-08 17:13:32,082 [1] [INFO  ] MessageBrocker.Program - Starting message broker 
2017-10-08 17:13:32,154 [1] [INFO  ] MessageBrocker.Program - Press any key to stop the server 
2017-10-08 17:13:32,158 [5] [INFO  ] Transport.Connectors.Tcp.TcpConnectionListener - Starting sockets listener 
2017-10-08 17:13:32,211 [5] [DEBUG ] Transport.Connectors.Tcp.TcpConnectionListener - Socket was started on port 9000 
2017-10-08 17:13:32,231 [5] [INFO  ] Transport.Connectors.Tcp.TcpConnectionListener - Waiting for connections 
2017-10-08 17:13:53,092 [1] [INFO  ] Transport.Connectors.Tcp.TcpConnectionListener - Stop sockets listener 
2017-10-08 17:13:53,116 [1] [INFO  ] MessageBrocker.Program - Press any key to exit 
2017-10-08 17:13:57,919 [1] [INFO  ] MessageBrocker.Program - Starting message broker 
2017-10-08 17:13:57,976 [1] [INFO  ] MessageBrocker.Program - Press any key to stop the server 
2017-10-08 17:13:57,980 [5] [INFO  ] Transport.Connectors.Tcp.TcpConnectionListener - Starting sockets listener 
2017-10-08 17:13:58,026 [5] [DEBUG ] Transport.Connectors.Tcp.TcpConnectionListener - Socket was started on port 9000 
2017-10-08 17:13:58,042 [5] [INFO  ] Transport.Connectors.Tcp.TcpConnectionListener - Waiting for connections 
2017-10-08 17:14:47,067 [3] [DEBUG ] Transport.Connectors.Tcp.TcpConnectionListener - New client socket was accepted 
2017-10-08 17:14:47,094 [3] [INFO  ] Data.RemoteApplication - New remote application with id f9217ba2-a51d-41c7-b6bd-bc521320e4f5 
2017-10-08 17:14:47,112 [3] [INFO  ] Data.RemoteApplication - Starting remote applicatoin 
2017-10-08 17:14:47,132 [7] [INFO  ] Transport.Connectors.Tcp.TcpConnector - Strting connector 
2017-10-08 17:14:47,152 [7] [DEBUG ] Transport.Connectors.Tcp.TcpConnector - Started receiving messages 
2017-10-08 17:14:47,190 [7] [INFO  ] Transport.Connectors.Tcp.TcpConnector - OpenConnectionMessage was received by a TcpConnector with id 8afc5654-8c45-4874-82e2-2fb79d3302da 
2017-10-08 17:14:47,213 [7] [INFO  ] Transport.Connectors.Tcp.TcpConnector - DefaultMessage was received by a TcpConnector with id 8afc5654-8c45-4874-82e2-2fb79d3302da 
2017-10-08 17:14:47,240 [7] [ERROR ] Data.UseCaseFactory - Smth went wrong during executing RouteMessageUseCase 
2017-10-08 17:45:15,815 [1] [INFO  ] Transport.Connectors.Tcp.TcpConnectionListener - Stop sockets listener 
2017-10-08 17:45:15,846 [1] [INFO  ] Transport.Connectors.Tcp.TcpConnector - Connector is disconecting 
2017-10-08 17:45:15,869 [1] [INFO  ] MessageBrocker.Program - Press any key to exit 
2017-10-08 17:45:15,870 [7] [ERROR ] Transport.Connectors.Tcp.TcpConnector - Receiving message failed 
2017-10-08 17:45:15,921 [7] [INFO  ] Transport.Connectors.Tcp.TcpConnector - Connector is disconecting 
2017-10-08 17:45:41,545 [1] [INFO  ] MessageBrocker.Program - Starting message broker 
2017-10-08 17:45:41,717 [1] [INFO  ] MessageBrocker.Program - Press any key to stop the server 
2017-10-08 17:45:41,786 [5] [INFO  ] Transport.Connectors.Tcp.TcpConnectionListener - Starting sockets listener 
2017-10-08 17:45:41,821 [5] [DEBUG ] Transport.Connectors.Tcp.TcpConnectionListener - Socket was started on port 9000 
2017-10-08 17:45:41,837 [5] [INFO  ] Transport.Connectors.Tcp.TcpConnectionListener - Waiting for connections 
2017-10-08 17:45:46,722 [1] [INFO  ] Transport.Connectors.Tcp.TcpConnectionListener - Stop sockets listener 
2017-10-08 17:46:03,183 [1] [INFO  ] MessageBrocker.Program - Starting message broker 
2017-10-08 17:46:03,244 [1] [INFO  ] MessageBrocker.Program - Press any key to stop the server 
2017-10-08 17:46:03,249 [5] [INFO  ] Transport.Connectors.Tcp.TcpConnectionListener - Starting sockets listener 
2017-10-08 17:46:03,276 [5] [DEBUG ] Transport.Connectors.Tcp.TcpConnectionListener - Socket was started on port 9000 
2017-10-08 17:46:03,295 [5] [INFO  ] Transport.Connectors.Tcp.TcpConnectionListener - Waiting for connections 
2017-10-08 17:46:08,416 [3] [DEBUG ] Transport.Connectors.Tcp.TcpConnectionListener - New client socket was accepted 
2017-10-08 17:46:08,458 [3] [INFO  ] Data.RemoteApplication - New remote application with id 1fd885e8-c78b-4aac-894e-c59c25e7b02e 
2017-10-08 17:46:08,484 [3] [INFO  ] Data.RemoteApplication - Starting remote applicatoin 
2017-10-08 17:46:08,513 [4] [INFO  ] Transport.Connectors.Tcp.TcpConnector - Strting connector 
2017-10-08 17:46:08,545 [6] [DEBUG ] Transport.Connectors.Tcp.TcpConnector - Started receiving messages 
2017-10-08 17:46:08,597 [6] [INFO  ] Transport.Connectors.Tcp.TcpConnector - OpenConnectionMessage was received by a TcpConnector with id 01fbd8c0-77f4-4b31-a890-c6a00d769bc0 
2017-10-08 17:46:08,622 [6] [INFO  ] Transport.Connectors.Tcp.TcpConnector - DefaultMessage was received by a TcpConnector with id 01fbd8c0-77f4-4b31-a890-c6a00d769bc0 
2017-10-08 17:46:15,464 [6] [INFO  ] Transport.Connectors.Tcp.TcpConnector - DefaultMessage was received by a TcpConnector with id 01fbd8c0-77f4-4b31-a890-c6a00d769bc0 
2017-10-08 17:46:15,640 [6] [INFO  ] Transport.Connectors.Tcp.TcpConnector - DefaultMessage was received by a TcpConnector with id 01fbd8c0-77f4-4b31-a890-c6a00d769bc0 
2017-10-08 17:46:15,743 [6] [INFO  ] Transport.Connectors.Tcp.TcpConnector - DefaultMessage was received by a TcpConnector with id 01fbd8c0-77f4-4b31-a890-c6a00d769bc0 
2017-10-08 17:46:15,880 [6] [INFO  ] Transport.Connectors.Tcp.TcpConnector - DefaultMessage was received by a TcpConnector with id 01fbd8c0-77f4-4b31-a890-c6a00d769bc0 
2017-10-08 17:46:31,095 [6] [INFO  ] Transport.Connectors.Tcp.TcpConnector - DefaultMessage was received by a TcpConnector with id 01fbd8c0-77f4-4b31-a890-c6a00d769bc0 
2017-10-08 17:46:35,982 [1] [INFO  ] Transport.Connectors.Tcp.TcpConnectionListener - Stop sockets listener 
2017-10-08 17:46:36,014 [1] [INFO  ] Transport.Connectors.Tcp.TcpConnector - Connector is disconecting 
2017-10-08 17:46:36,038 [6] [ERROR ] Transport.Connectors.Tcp.TcpConnector - Receiving message failed 
2017-10-08 17:46:36,061 [6] [INFO  ] Transport.Connectors.Tcp.TcpConnector - Connector is disconecting 
2017-10-08 17:46:36,038 [1] [INFO  ] MessageBrocker.Program - Press any key to exit 
2017-10-08 17:46:43,206 [1] [INFO  ] MessageBrocker.Program - Starting message broker 
2017-10-08 17:46:43,360 [1] [INFO  ] MessageBrocker.Program - Press any key to stop the server 
2017-10-08 17:46:43,389 [1] [INFO  ] Transport.Connectors.Tcp.TcpConnectionListener - Stop sockets listener 
2017-10-08 17:46:43,404 [5] [INFO  ] Transport.Connectors.Tcp.TcpConnectionListener - Starting sockets listener 
2017-10-08 17:46:43,409 [1] [ERROR ] Transport.Connectors.Tcp.TcpConnectionListener - Socket is not listening already 
2017-10-08 17:46:43,446 [5] [DEBUG ] Transport.Connectors.Tcp.TcpConnectionListener - Socket was started on port 9000 
2017-10-08 17:46:43,469 [1] [INFO  ] MessageBrocker.Program - Press any key to exit 
2017-10-08 17:46:43,472 [5] [INFO  ] Transport.Connectors.Tcp.TcpConnectionListener - Waiting for connections 
2017-10-08 17:46:54,744 [1] [INFO  ] MessageBrocker.Program - Starting message broker 
2017-10-08 17:46:54,913 [1] [INFO  ] MessageBrocker.Program - Press any key to stop the server 
2017-10-08 17:46:54,953 [5] [INFO  ] Transport.Connectors.Tcp.TcpConnectionListener - Starting sockets listener 
2017-10-08 17:46:54,986 [5] [DEBUG ] Transport.Connectors.Tcp.TcpConnectionListener - Socket was started on port 9000 
2017-10-08 17:46:55,002 [5] [INFO  ] Transport.Connectors.Tcp.TcpConnectionListener - Waiting for connections 
2017-10-08 17:46:58,774 [1] [INFO  ] Transport.Connectors.Tcp.TcpConnectionListener - Stop sockets listener 
2017-10-08 17:47:11,342 [1] [INFO  ] MessageBrocker.Program - Starting message broker 
2017-10-08 17:47:11,513 [1] [INFO  ] MessageBrocker.Program - Press any key to stop the server 
2017-10-08 17:47:11,541 [1] [INFO  ] Transport.Connectors.Tcp.TcpConnectionListener - Stop sockets listener 
2017-10-08 17:47:11,557 [5] [INFO  ] Transport.Connectors.Tcp.TcpConnectionListener - Starting sockets listener 
2017-10-08 17:47:11,560 [1] [ERROR ] Transport.Connectors.Tcp.TcpConnectionListener - Socket is not listening already 
2017-10-08 17:47:11,600 [5] [DEBUG ] Transport.Connectors.Tcp.TcpConnectionListener - Socket was started on port 9000 
2017-10-08 17:47:11,632 [5] [INFO  ] Transport.Connectors.Tcp.TcpConnectionListener - Waiting for connections 
2017-10-08 17:47:11,857 [1] [INFO  ] MessageBrocker.Program - Press any key to exit 
2017-10-08 17:47:22,089 [1] [INFO  ] MessageBrocker.Program - Starting message broker 
2017-10-08 17:47:22,254 [1] [INFO  ] MessageBrocker.Program - Press any key to stop the server 
2017-10-08 17:47:22,294 [5] [INFO  ] Transport.Connectors.Tcp.TcpConnectionListener - Starting sockets listener 
2017-10-08 17:47:22,327 [5] [DEBUG ] Transport.Connectors.Tcp.TcpConnectionListener - Socket was started on port 9000 
2017-10-08 17:47:22,344 [5] [INFO  ] Transport.Connectors.Tcp.TcpConnectionListener - Waiting for connections 
2017-10-08 17:47:30,073 [3] [DEBUG ] Transport.Connectors.Tcp.TcpConnectionListener - New client socket was accepted 
2017-10-08 17:47:30,138 [3] [INFO  ] Data.RemoteApplication - New remote application with id 7838f513-c8be-4855-a63c-f71ea2e351b2 
2017-10-08 17:47:30,160 [3] [INFO  ] Data.RemoteApplication - Starting remote applicatoin 
2017-10-08 17:47:30,178 [4] [INFO  ] Transport.Connectors.Tcp.TcpConnector - Strting connector 
2017-10-08 17:47:30,200 [4] [DEBUG ] Transport.Connectors.Tcp.TcpConnector - Started receiving messages 
2017-10-08 17:47:30,260 [4] [INFO  ] Transport.Connectors.Tcp.TcpConnector - OpenConnectionMessage was received by a TcpConnector with id c7e75054-be8d-4afc-9dc8-c89443aa31dd 
2017-10-08 17:47:30,284 [4] [INFO  ] Transport.Connectors.Tcp.TcpConnector - DefaultMessage was received by a TcpConnector with id c7e75054-be8d-4afc-9dc8-c89443aa31dd 
2017-10-08 17:47:46,120 [4] [INFO  ] Transport.Connectors.Tcp.TcpConnector - DefaultMessage was received by a TcpConnector with id c7e75054-be8d-4afc-9dc8-c89443aa31dd 
2017-10-08 17:48:41,548 [4] [INFO  ] Transport.Connectors.Tcp.TcpConnector - DefaultMessage was received by a TcpConnector with id c7e75054-be8d-4afc-9dc8-c89443aa31dd 
2017-10-08 17:48:41,702 [4] [INFO  ] Transport.Connectors.Tcp.TcpConnector - DefaultMessage was received by a TcpConnector with id c7e75054-be8d-4afc-9dc8-c89443aa31dd 
2017-10-08 17:48:41,842 [4] [INFO  ] Transport.Connectors.Tcp.TcpConnector - DefaultMessage was received by a TcpConnector with id c7e75054-be8d-4afc-9dc8-c89443aa31dd 
2017-10-08 17:48:41,975 [4] [INFO  ] Transport.Connectors.Tcp.TcpConnector - DefaultMessage was received by a TcpConnector with id c7e75054-be8d-4afc-9dc8-c89443aa31dd 
2017-10-08 17:48:42,108 [4] [INFO  ] Transport.Connectors.Tcp.TcpConnector - DefaultMessage was received by a TcpConnector with id c7e75054-be8d-4afc-9dc8-c89443aa31dd 
2017-10-08 17:48:42,251 [4] [INFO  ] Transport.Connectors.Tcp.TcpConnector - DefaultMessage was received by a TcpConnector with id c7e75054-be8d-4afc-9dc8-c89443aa31dd 
2017-10-08 17:48:42,398 [4] [INFO  ] Transport.Connectors.Tcp.TcpConnector - DefaultMessage was received by a TcpConnector with id c7e75054-be8d-4afc-9dc8-c89443aa31dd 
2017-10-08 17:48:50,886 [4] [INFO  ] Transport.Connectors.Tcp.TcpConnector - DefaultMessage was received by a TcpConnector with id c7e75054-be8d-4afc-9dc8-c89443aa31dd 
2017-10-08 17:51:21,398 [1] [INFO  ] MessageBrocker.Program - Starting message broker 
2017-10-08 17:51:21,456 [1] [INFO  ] MessageBrocker.Program - Press any key to stop the server 
2017-10-08 17:51:21,461 [5] [INFO  ] Transport.Connectors.Tcp.TcpConnectionListener - Starting sockets listener 
2017-10-08 17:51:21,506 [5] [DEBUG ] Transport.Connectors.Tcp.TcpConnectionListener - Socket was started on port 9000 
2017-10-08 17:51:21,522 [5] [INFO  ] Transport.Connectors.Tcp.TcpConnectionListener - Waiting for connections 
2017-10-08 17:51:31,084 [3] [DEBUG ] Transport.Connectors.Tcp.TcpConnectionListener - New client socket was accepted 
2017-10-08 17:51:31,117 [3] [INFO  ] Data.RemoteApplication - New remote application with id c27461e4-0ae2-4281-851b-cd1c533a47c5 
2017-10-08 17:51:31,137 [3] [INFO  ] Data.RemoteApplication - Starting remote applicatoin 
2017-10-08 17:51:31,156 [4] [INFO  ] Transport.Connectors.Tcp.TcpConnector - Strting connector 
2017-10-08 17:51:31,180 [6] [DEBUG ] Transport.Connectors.Tcp.TcpConnector - Started receiving messages 
2017-10-08 17:51:31,224 [6] [INFO  ] Transport.Connectors.Tcp.TcpConnector - OpenConnectionMessage was received by a TcpConnector with id 3045b5e8-bbba-4e86-9a0a-804880b82d49 
2017-10-08 17:51:31,252 [6] [INFO  ] Transport.Connectors.Tcp.TcpConnector - DefaultMessage was received by a TcpConnector with id 3045b5e8-bbba-4e86-9a0a-804880b82d49 
2017-10-08 17:51:42,598 [3] [DEBUG ] Transport.Connectors.Tcp.TcpConnectionListener - New client socket was accepted 
2017-10-08 17:51:42,620 [3] [INFO  ] Data.RemoteApplication - New remote application with id a1db0c76-031b-475a-bb1b-c140b032205c 
2017-10-08 17:51:42,643 [3] [INFO  ] Data.RemoteApplication - Starting remote applicatoin 
2017-10-08 17:51:42,669 [4] [INFO  ] Transport.Connectors.Tcp.TcpConnector - Strting connector 
2017-10-08 17:51:42,689 [4] [DEBUG ] Transport.Connectors.Tcp.TcpConnector - Started receiving messages 
2017-10-08 17:51:42,718 [4] [INFO  ] Transport.Connectors.Tcp.TcpConnector - OpenConnectionMessage was received by a TcpConnector with id f4066cc5-5d99-46cb-a56a-6abf41537969 
2017-10-08 17:51:42,740 [4] [INFO  ] Transport.Connectors.Tcp.TcpConnector - DefaultMessage was received by a TcpConnector with id f4066cc5-5d99-46cb-a56a-6abf41537969 
2017-10-08 17:51:51,306 [3] [DEBUG ] Transport.Connectors.Tcp.TcpConnectionListener - New client socket was accepted 
2017-10-08 17:51:51,327 [3] [INFO  ] Data.RemoteApplication - New remote application with id e8c034c1-1ae5-41b9-b5b4-fa0ccd0c079e 
2017-10-08 17:51:51,354 [3] [INFO  ] Data.RemoteApplication - Starting remote applicatoin 
2017-10-08 17:51:51,373 [9] [INFO  ] Transport.Connectors.Tcp.TcpConnector - Strting connector 
2017-10-08 17:51:51,395 [9] [DEBUG ] Transport.Connectors.Tcp.TcpConnector - Started receiving messages 
2017-10-08 17:51:51,415 [9] [INFO  ] Transport.Connectors.Tcp.TcpConnector - OpenConnectionMessage was received by a TcpConnector with id fdef822b-3d57-4411-9a81-bc3eb126971b 
2017-10-08 17:51:51,434 [9] [INFO  ] Transport.Connectors.Tcp.TcpConnector - DefaultMessage was received by a TcpConnector with id fdef822b-3d57-4411-9a81-bc3eb126971b 
2017-10-08 17:51:55,608 [6] [INFO  ] Transport.Connectors.Tcp.TcpConnector - DefaultMessage was received by a TcpConnector with id 3045b5e8-bbba-4e86-9a0a-804880b82d49 
2017-10-08 17:51:55,747 [6] [INFO  ] Transport.Connectors.Tcp.TcpConnector - DefaultMessage was received by a TcpConnector with id 3045b5e8-bbba-4e86-9a0a-804880b82d49 
2017-10-08 17:51:55,879 [6] [INFO  ] Transport.Connectors.Tcp.TcpConnector - DefaultMessage was received by a TcpConnector with id 3045b5e8-bbba-4e86-9a0a-804880b82d49 
2017-10-08 17:51:56,009 [6] [INFO  ] Transport.Connectors.Tcp.TcpConnector - DefaultMessage was received by a TcpConnector with id 3045b5e8-bbba-4e86-9a0a-804880b82d49 
2017-10-08 17:52:00,305 [4] [INFO  ] Transport.Connectors.Tcp.TcpConnector - DefaultMessage was received by a TcpConnector with id f4066cc5-5d99-46cb-a56a-6abf41537969 
2017-10-08 17:52:00,446 [4] [INFO  ] Transport.Connectors.Tcp.TcpConnector - DefaultMessage was received by a TcpConnector with id f4066cc5-5d99-46cb-a56a-6abf41537969 
2017-10-08 17:52:00,578 [4] [INFO  ] Transport.Connectors.Tcp.TcpConnector - DefaultMessage was received by a TcpConnector with id f4066cc5-5d99-46cb-a56a-6abf41537969 
2017-10-08 17:52:04,150 [9] [INFO  ] Transport.Connectors.Tcp.TcpConnector - DefaultMessage was received by a TcpConnector with id fdef822b-3d57-4411-9a81-bc3eb126971b 
2017-10-08 17:52:04,317 [9] [INFO  ] Transport.Connectors.Tcp.TcpConnector - DefaultMessage was received by a TcpConnector with id fdef822b-3d57-4411-9a81-bc3eb126971b 
2017-10-08 17:52:04,455 [9] [INFO  ] Transport.Connectors.Tcp.TcpConnector - DefaultMessage was received by a TcpConnector with id fdef822b-3d57-4411-9a81-bc3eb126971b 
2017-10-08 17:52:04,586 [9] [INFO  ] Transport.Connectors.Tcp.TcpConnector - DefaultMessage was received by a TcpConnector with id fdef822b-3d57-4411-9a81-bc3eb126971b 
2017-10-08 17:52:04,897 [9] [INFO  ] Transport.Connectors.Tcp.TcpConnector - DefaultMessage was received by a TcpConnector with id fdef822b-3d57-4411-9a81-bc3eb126971b 
2017-10-08 17:52:11,785 [1] [INFO  ] Transport.Connectors.Tcp.TcpConnectionListener - Stop sockets listener 
2017-10-08 17:52:11,807 [1] [INFO  ] Transport.Connectors.Tcp.TcpConnector - Connector is disconecting 
2017-10-08 17:52:11,828 [1] [INFO  ] Transport.Connectors.Tcp.TcpConnector - Connector is disconecting 
2017-10-08 17:52:11,850 [1] [INFO  ] Transport.Connectors.Tcp.TcpConnector - Connector is disconecting 
2017-10-08 17:52:11,871 [9] [ERROR ] Transport.Connectors.Tcp.TcpConnector - Receiving message failed 
2017-10-08 17:52:11,851 [4] [ERROR ] Transport.Connectors.Tcp.TcpConnector - Receiving message failed 
2017-10-08 17:52:11,916 [4] [INFO  ] Transport.Connectors.Tcp.TcpConnector - Connector is disconecting 
2017-10-08 17:52:11,831 [6] [ERROR ] Transport.Connectors.Tcp.TcpConnector - Receiving message failed 
2017-10-08 17:52:11,896 [9] [INFO  ] Transport.Connectors.Tcp.TcpConnector - Connector is disconecting 
2017-10-08 17:52:11,874 [1] [INFO  ] MessageBrocker.Program - Press any key to exit 
2017-10-08 17:52:11,963 [6] [INFO  ] Transport.Connectors.Tcp.TcpConnector - Connector is disconecting 
2017-10-08 19:02:56,837 [1] [INFO  ] MessageBrocker.Program - Starting message broker 
2017-10-08 19:02:56,859 [1] [INFO  ] MessageBrocker.Program - Press any key to stop the server 
2017-10-08 19:02:56,861 [4] [INFO  ] Transport.Connectors.Tcp.TcpConnectionListener - Starting sockets listener 
2017-10-08 19:02:56,878 [4] [DEBUG ] Transport.Connectors.Tcp.TcpConnectionListener - Socket was started on port 9000 
2017-10-08 19:02:56,884 [4] [INFO  ] Transport.Connectors.Tcp.TcpConnectionListener - Waiting for connections 
2017-10-08 19:03:46,863 [1] [INFO  ] Transport.Connectors.Tcp.TcpConnectionListener - Stop sockets listener 
2017-10-08 19:03:46,870 [1] [INFO  ] MessageBrocker.Program - Press any key to exit 
2017-10-08 19:06:19,334 [1] [INFO  ] MessageBrocker.Program - Starting message broker 
2017-10-08 19:06:19,355 [1] [INFO  ] MessageBrocker.Program - Press any key to stop the server 
2017-10-08 19:06:19,356 [5] [INFO  ] Transport.Connectors.Tcp.TcpConnectionListener - Starting sockets listener 
2017-10-08 19:06:19,374 [5] [DEBUG ] Transport.Connectors.Tcp.TcpConnectionListener - Socket was started on port 9000 
2017-10-08 19:06:19,381 [5] [INFO  ] Transport.Connectors.Tcp.TcpConnectionListener - Waiting for connections 
2017-10-08 19:06:25,971 [3] [DEBUG ] Transport.Connectors.Tcp.TcpConnectionListener - New client socket was accepted 
2017-10-08 19:06:25,979 [3] [INFO  ] Data.RemoteApplication - New remote application with id b3aa0f44-8a85-4674-b3ac-0f4b484556da 
2017-10-08 19:06:25,985 [3] [INFO  ] Data.RemoteApplication - Starting remote applicatoin 
2017-10-08 19:06:25,993 [4] [INFO  ] Transport.Connectors.Tcp.TcpConnector - Strting connector 
2017-10-08 19:06:26,001 [4] [DEBUG ] Transport.Connectors.Tcp.TcpConnector - Started receiving messages 
2017-10-08 19:06:26,011 [4] [ERROR ] Transport.Connectors.Tcp.TcpConnector - Receiving message failed 
2017-10-08 19:06:26,019 [4] [INFO  ] Transport.Connectors.Tcp.TcpConnector - Connector is disconecting 
2017-10-08 19:06:45,766 [3] [DEBUG ] Transport.Connectors.Tcp.TcpConnectionListener - New client socket was accepted 
2017-10-08 19:06:45,774 [3] [INFO  ] Data.RemoteApplication - New remote application with id 19cecbf8-0c8e-417d-9458-85c1cedc6475 
2017-10-08 19:06:45,779 [3] [INFO  ] Data.RemoteApplication - Starting remote applicatoin 
2017-10-08 19:06:45,784 [8] [INFO  ] Transport.Connectors.Tcp.TcpConnector - Strting connector 
2017-10-08 19:06:45,790 [8] [DEBUG ] Transport.Connectors.Tcp.TcpConnector - Started receiving messages 
2017-10-08 19:06:53,878 [8] [ERROR ] Transport.Connectors.Tcp.TcpConnector - Receiving message failed 
2017-10-08 19:06:53,883 [8] [INFO  ] Transport.Connectors.Tcp.TcpConnector - Connector is disconecting 
2017-10-08 19:24:17,104 [1] [INFO  ] Transport.Connectors.Tcp.TcpConnectionListener - Stop sockets listener 
2017-10-08 19:24:17,111 [1] [INFO  ] Transport.Connectors.Tcp.TcpConnector - Connector is disconecting 
2017-10-08 19:24:17,116 [1] [INFO  ] Transport.Connectors.Tcp.TcpConnector - Connector is disconecting 
2017-10-08 19:24:17,122 [1] [INFO  ] MessageBrocker.Program - Press any key to exit 
2017-10-08 20:03:50,453 [1] [INFO  ] MessageBrocker.Program - Starting message broker 
2017-10-08 20:03:50,475 [1] [INFO  ] MessageBrocker.Program - Press any key to stop the server 
2017-10-08 20:03:50,478 [5] [INFO  ] Transport.Connectors.Tcp.TcpConnectionListener - Starting sockets listener 
2017-10-08 20:03:50,495 [5] [DEBUG ] Transport.Connectors.Tcp.TcpConnectionListener - Socket was started on port 9000 
2017-10-08 20:03:50,503 [5] [INFO  ] Transport.Connectors.Tcp.TcpConnectionListener - Waiting for connections 
2017-10-08 20:08:09,993 [3] [DEBUG ] Transport.Connectors.Tcp.TcpConnectionListener - New client socket was accepted 
2017-10-08 20:08:10,008 [3] [INFO  ] Data.RemoteApplication - New remote application with id f58eee3e-0dde-4f8d-8f00-3b45aee89510 
2017-10-08 20:08:10,021 [3] [INFO  ] Data.RemoteApplication - Starting remote applicatoin 
2017-10-08 20:08:10,034 [7] [INFO  ] Transport.Connectors.Tcp.TcpConnector - Strting connector 
2017-10-08 20:08:10,046 [7] [DEBUG ] Transport.Connectors.Tcp.TcpConnector - Started receiving messages 
2017-10-08 20:08:15,727 [7] [ERROR ] Transport.Connectors.Tcp.TcpConnector - Receiving message failed 
2017-10-08 20:08:15,733 [7] [INFO  ] Transport.Connectors.Tcp.TcpConnector - Connector is disconecting 
2017-10-08 20:08:54,355 [3] [DEBUG ] Transport.Connectors.Tcp.TcpConnectionListener - New client socket was accepted 
2017-10-08 20:08:54,362 [3] [INFO  ] Data.RemoteApplication - New remote application with id 3f398081-1d0b-4aea-8923-cbfdba8ddaaf 
2017-10-08 20:08:54,368 [3] [INFO  ] Data.RemoteApplication - Starting remote applicatoin 
2017-10-08 20:08:54,374 [8] [INFO  ] Transport.Connectors.Tcp.TcpConnector - Strting connector 
2017-10-08 20:08:54,382 [8] [DEBUG ] Transport.Connectors.Tcp.TcpConnector - Started receiving messages 
2017-10-08 20:09:05,062 [8] [ERROR ] Transport.Connectors.Tcp.TcpConnector - Receiving message failed 
2017-10-08 20:09:05,067 [8] [INFO  ] Transport.Connectors.Tcp.TcpConnector - Connector is disconecting 
2017-10-08 20:09:07,948 [3] [DEBUG ] Transport.Connectors.Tcp.TcpConnectionListener - New client socket was accepted 
2017-10-08 20:09:07,956 [3] [INFO  ] Data.RemoteApplication - New remote application with id 8679b8b7-4f80-4ce4-90a7-60f969d1f88d 
2017-10-08 20:09:07,963 [3] [INFO  ] Data.RemoteApplication - Starting remote applicatoin 
2017-10-08 20:09:07,968 [10] [INFO  ] Transport.Connectors.Tcp.TcpConnector - Strting connector 
2017-10-08 20:09:07,977 [10] [DEBUG ] Transport.Connectors.Tcp.TcpConnector - Started receiving messages 
2017-10-08 20:09:21,988 [1] [INFO  ] Transport.Connectors.Tcp.TcpConnectionListener - Stop sockets listener 
2017-10-08 20:09:21,998 [1] [INFO  ] Transport.Connectors.Tcp.TcpConnector - Connector is disconecting 
2017-10-08 20:09:22,006 [1] [INFO  ] Transport.Connectors.Tcp.TcpConnector - Connector is disconecting 
2017-10-08 20:09:22,012 [1] [INFO  ] Transport.Connectors.Tcp.TcpConnector - Connector is disconecting 
2017-10-08 20:09:22,018 [10] [ERROR ] Transport.Connectors.Tcp.TcpConnector - Receiving message failed 
2017-10-08 20:09:22,024 [10] [INFO  ] Transport.Connectors.Tcp.TcpConnector - Connector is disconecting 
2017-10-08 20:09:22,018 [1] [INFO  ] MessageBrocker.Program - Press any key to exit 
2017-10-08 20:09:56,729 [1] [INFO  ] MessageBrocker.Program - Starting message broker 
2017-10-08 20:09:56,748 [1] [INFO  ] MessageBrocker.Program - Press any key to stop the server 
2017-10-08 20:09:56,750 [4] [INFO  ] Transport.Connectors.Tcp.TcpConnectionListener - Starting sockets listener 
2017-10-08 20:09:56,764 [4] [DEBUG ] Transport.Connectors.Tcp.TcpConnectionListener - Socket was started on port 9000 
2017-10-08 20:09:56,771 [4] [INFO  ] Transport.Connectors.Tcp.TcpConnectionListener - Waiting for connections 
2017-10-08 20:10:04,260 [3] [DEBUG ] Transport.Connectors.Tcp.TcpConnectionListener - New client socket was accepted 
2017-10-08 20:10:04,269 [3] [INFO  ] Data.RemoteApplication - New remote application with id 83ad1974-898d-4343-b485-aacd88094bf1 
2017-10-08 20:10:04,277 [3] [INFO  ] Data.RemoteApplication - Starting remote applicatoin 
2017-10-08 20:10:04,284 [5] [INFO  ] Transport.Connectors.Tcp.TcpConnector - Strting connector 
2017-10-08 20:10:04,291 [5] [DEBUG ] Transport.Connectors.Tcp.TcpConnector - Started receiving messages 
2017-10-08 20:10:43,303 [1] [INFO  ] Transport.Connectors.Tcp.TcpConnectionListener - Stop sockets listener 
2017-10-08 20:10:43,310 [1] [INFO  ] Transport.Connectors.Tcp.TcpConnector - Connector is disconecting 
2017-10-08 20:10:43,316 [1] [INFO  ] MessageBrocker.Program - Press any key to exit 
2017-10-08 20:10:43,316 [5] [ERROR ] Transport.Connectors.Tcp.TcpConnector - Receiving message failed 
2017-10-08 20:10:43,330 [5] [INFO  ] Transport.Connectors.Tcp.TcpConnector - Connector is disconecting 
2017-10-08 20:10:45,549 [1] [INFO  ] MessageBrocker.Program - Starting message broker 
2017-10-08 20:10:45,569 [1] [INFO  ] MessageBrocker.Program - Press any key to stop the server 
2017-10-08 20:10:45,570 [4] [INFO  ] Transport.Connectors.Tcp.TcpConnectionListener - Starting sockets listener 
2017-10-08 20:10:45,585 [4] [DEBUG ] Transport.Connectors.Tcp.TcpConnectionListener - Socket was started on port 9000 
2017-10-08 20:10:45,592 [4] [INFO  ] Transport.Connectors.Tcp.TcpConnectionListener - Waiting for connections 
2017-10-08 20:10:48,647 [3] [DEBUG ] Transport.Connectors.Tcp.TcpConnectionListener - New client socket was accepted 
2017-10-08 20:10:48,656 [3] [INFO  ] Data.RemoteApplication - New remote application with id 99241c15-3b79-42d0-a603-fa39d6d63f80 
2017-10-08 20:10:48,662 [3] [INFO  ] Data.RemoteApplication - Starting remote applicatoin 
2017-10-08 20:10:48,670 [5] [INFO  ] Transport.Connectors.Tcp.TcpConnector - Strting connector 
2017-10-08 20:10:48,681 [5] [DEBUG ] Transport.Connectors.Tcp.TcpConnector - Started receiving messages 
2017-10-08 20:11:27,449 [5] [ERROR ] Transport.Connectors.Tcp.TcpConnector - Receiving message failed 
2017-10-08 20:11:27,458 [5] [INFO  ] Transport.Connectors.Tcp.TcpConnector - Connector is disconecting 
2017-10-08 20:11:28,033 [3] [DEBUG ] Transport.Connectors.Tcp.TcpConnectionListener - New client socket was accepted 
2017-10-08 20:11:28,039 [3] [INFO  ] Data.RemoteApplication - New remote application with id df26453c-3541-4f9d-af50-1178a919bee8 
2017-10-08 20:11:28,046 [3] [INFO  ] Data.RemoteApplication - Starting remote applicatoin 
2017-10-08 20:11:28,052 [5] [INFO  ] Transport.Connectors.Tcp.TcpConnector - Strting connector 
2017-10-08 20:11:28,058 [5] [DEBUG ] Transport.Connectors.Tcp.TcpConnector - Started receiving messages 
2017-10-08 20:11:47,873 [5] [ERROR ] Transport.Connectors.Tcp.TcpConnector - Receiving message failed 
2017-10-08 20:11:47,883 [5] [INFO  ] Transport.Connectors.Tcp.TcpConnector - Connector is disconecting 
2017-10-08 20:12:03,944 [3] [DEBUG ] Transport.Connectors.Tcp.TcpConnectionListener - New client socket was accepted 
2017-10-08 20:12:03,950 [3] [INFO  ] Data.RemoteApplication - New remote application with id b5899879-90f9-4e93-924b-8f0f198ca1bd 
2017-10-08 20:12:03,956 [3] [INFO  ] Data.RemoteApplication - Starting remote applicatoin 
2017-10-08 20:12:03,961 [6] [INFO  ] Transport.Connectors.Tcp.TcpConnector - Strting connector 
2017-10-08 20:12:03,965 [6] [DEBUG ] Transport.Connectors.Tcp.TcpConnector - Started receiving messages 
2017-10-08 20:13:05,876 [6] [ERROR ] Transport.Connectors.Tcp.TcpConnector - Receiving message failed 
2017-10-08 20:13:05,885 [6] [INFO  ] Transport.Connectors.Tcp.TcpConnector - Connector is disconecting 
2017-10-08 20:14:01,529 [1] [INFO  ] Transport.Connectors.Tcp.TcpConnectionListener - Stop sockets listener 
2017-10-08 20:14:01,537 [1] [INFO  ] Transport.Connectors.Tcp.TcpConnector - Connector is disconecting 
2017-10-08 20:14:01,546 [1] [INFO  ] Transport.Connectors.Tcp.TcpConnector - Connector is disconecting 
2017-10-08 20:14:01,553 [1] [INFO  ] Transport.Connectors.Tcp.TcpConnector - Connector is disconecting 
2017-10-08 20:14:01,561 [1] [INFO  ] MessageBrocker.Program - Press any key to exit 
2017-10-08 20:14:02,301 [1] [INFO  ] MessageBrocker.Program - Starting message broker 
2017-10-08 20:14:02,322 [1] [INFO  ] MessageBrocker.Program - Press any key to stop the server 
2017-10-08 20:14:02,324 [4] [INFO  ] Transport.Connectors.Tcp.TcpConnectionListener - Starting sockets listener 
2017-10-08 20:14:02,345 [4] [DEBUG ] Transport.Connectors.Tcp.TcpConnectionListener - Socket was started on port 9000 
2017-10-08 20:14:02,352 [4] [INFO  ] Transport.Connectors.Tcp.TcpConnectionListener - Waiting for connections 
2017-10-08 20:14:19,696 [3] [DEBUG ] Transport.Connectors.Tcp.TcpConnectionListener - New client socket was accepted 
2017-10-08 20:14:19,707 [3] [INFO  ] Data.RemoteApplication - New remote application with id c86a80e3-b5d7-479d-b983-90e0a3214273 
2017-10-08 20:14:19,714 [3] [INFO  ] Data.RemoteApplication - Starting remote applicatoin 
2017-10-08 20:14:19,721 [5] [INFO  ] Transport.Connectors.Tcp.TcpConnector - Strting connector 
2017-10-08 20:14:19,727 [5] [DEBUG ] Transport.Connectors.Tcp.TcpConnector - Started receiving messages 
2017-10-08 20:14:25,140 [5] [ERROR ] Transport.Connectors.Tcp.TcpConnector - Receiving message failed 
2017-10-08 20:14:25,147 [5] [INFO  ] Transport.Connectors.Tcp.TcpConnector - Connector is disconecting 
2017-10-08 20:18:27,432 [1] [INFO  ] Transport.Connectors.Tcp.TcpConnectionListener - Stop sockets listener 
2017-10-08 20:18:27,441 [1] [INFO  ] Transport.Connectors.Tcp.TcpConnector - Connector is disconecting 
2017-10-08 20:18:27,454 [1] [INFO  ] MessageBrocker.Program - Press any key to exit 
2017-10-08 20:18:28,244 [1] [INFO  ] MessageBrocker.Program - Starting message broker 
2017-10-08 20:18:28,261 [1] [INFO  ] MessageBrocker.Program - Press any key to stop the server 
2017-10-08 20:18:28,262 [5] [INFO  ] Transport.Connectors.Tcp.TcpConnectionListener - Starting sockets listener 
2017-10-08 20:18:28,276 [5] [DEBUG ] Transport.Connectors.Tcp.TcpConnectionListener - Socket was started on port 9000 
2017-10-08 20:18:28,281 [5] [INFO  ] Transport.Connectors.Tcp.TcpConnectionListener - Waiting for connections 
2017-10-08 20:18:31,021 [3] [DEBUG ] Transport.Connectors.Tcp.TcpConnectionListener - New client socket was accepted 
2017-10-08 20:18:31,031 [3] [INFO  ] Data.RemoteApplication - New remote application with id 2c2e0bc3-8554-4930-a214-156e852739bc 
2017-10-08 20:18:31,038 [3] [INFO  ] Data.RemoteApplication - Starting remote applicatoin 
2017-10-08 20:18:31,044 [4] [INFO  ] Transport.Connectors.Tcp.TcpConnector - Strting connector 
2017-10-08 20:18:31,052 [4] [DEBUG ] Transport.Connectors.Tcp.TcpConnector - Started receiving messages 
2017-10-08 20:18:31,065 [4] [INFO  ] Transport.Connectors.Tcp.TcpConnector - PingMessage was received by a TcpConnector with id 711bb509-c37e-4d97-8c46-6a4865c2e184 
2017-10-08 20:18:52,917 [4] [ERROR ] Transport.Connectors.Tcp.TcpConnector - Receiving message failed 
2017-10-08 20:18:52,924 [4] [INFO  ] Transport.Connectors.Tcp.TcpConnector - Connector is disconecting 
2017-10-08 20:18:53,797 [3] [DEBUG ] Transport.Connectors.Tcp.TcpConnectionListener - New client socket was accepted 
2017-10-08 20:18:53,805 [3] [INFO  ] Data.RemoteApplication - New remote application with id 10542055-8654-4efe-9557-fa617e7d4233 
2017-10-08 20:18:53,811 [3] [INFO  ] Data.RemoteApplication - Starting remote applicatoin 
2017-10-08 20:18:53,816 [4] [INFO  ] Transport.Connectors.Tcp.TcpConnector - Strting connector 
2017-10-08 20:18:53,822 [4] [DEBUG ] Transport.Connectors.Tcp.TcpConnector - Started receiving messages 
2017-10-08 20:18:53,831 [4] [INFO  ] Transport.Connectors.Tcp.TcpConnector - DefaultMessage was received by a TcpConnector with id d98cb07a-dbe0-43a1-94d7-aa2805e44374 
2017-10-08 20:18:53,845 [4] [ERROR ] Transport.Connectors.Tcp.TcpConnector - Receiving message failed 
2017-10-08 20:18:53,851 [4] [INFO  ] Transport.Connectors.Tcp.TcpConnector - Connector is disconecting 
2017-10-08 20:20:14,477 [1] [INFO  ] Transport.Connectors.Tcp.TcpConnectionListener - Stop sockets listener 
2017-10-08 20:20:14,487 [1] [INFO  ] Transport.Connectors.Tcp.TcpConnector - Connector is disconecting 
2017-10-08 20:20:14,494 [1] [INFO  ] Transport.Connectors.Tcp.TcpConnector - Connector is disconecting 
2017-10-08 20:20:14,501 [1] [INFO  ] MessageBrocker.Program - Press any key to exit 
2017-10-08 20:20:16,381 [1] [INFO  ] MessageBrocker.Program - Starting message broker 
2017-10-08 20:20:16,429 [1] [INFO  ] MessageBrocker.Program - Press any key to stop the server 
2017-10-08 20:20:16,461 [5] [INFO  ] Transport.Connectors.Tcp.TcpConnectionListener - Starting sockets listener 
2017-10-08 20:20:16,471 [5] [DEBUG ] Transport.Connectors.Tcp.TcpConnectionListener - Socket was started on port 9000 
2017-10-08 20:20:16,476 [5] [INFO  ] Transport.Connectors.Tcp.TcpConnectionListener - Waiting for connections 
2017-10-08 20:20:17,877 [1] [INFO  ] Transport.Connectors.Tcp.TcpConnectionListener - Stop sockets listener 
2017-10-08 20:20:23,640 [1] [INFO  ] MessageBrocker.Program - Starting message broker 
2017-10-08 20:20:23,682 [1] [INFO  ] MessageBrocker.Program - Press any key to stop the server 
2017-10-08 20:20:23,692 [5] [INFO  ] Transport.Connectors.Tcp.TcpConnectionListener - Starting sockets listener 
2017-10-08 20:20:23,702 [5] [DEBUG ] Transport.Connectors.Tcp.TcpConnectionListener - Socket was started on port 9000 
2017-10-08 20:20:23,707 [5] [INFO  ] Transport.Connectors.Tcp.TcpConnectionListener - Waiting for connections 
2017-10-08 20:20:30,955 [3] [DEBUG ] Transport.Connectors.Tcp.TcpConnectionListener - New client socket was accepted 
2017-10-08 20:20:30,976 [3] [INFO  ] Data.RemoteApplication - New remote application with id fa3a5c37-15b7-425b-b076-8cd4566ac19c 
2017-10-08 20:20:30,986 [3] [INFO  ] Data.RemoteApplication - Starting remote applicatoin 
2017-10-08 20:20:30,996 [4] [INFO  ] Transport.Connectors.Tcp.TcpConnector - Strting connector 
2017-10-08 20:20:31,005 [4] [DEBUG ] Transport.Connectors.Tcp.TcpConnector - Started receiving messages 
2017-10-08 20:20:31,029 [4] [INFO  ] Transport.Connectors.Tcp.TcpConnector - DefaultMessage was received by a TcpConnector with id a0846256-71c3-458b-93d3-a5d6cd35e5cb 
2017-10-08 20:23:36,516 [1] [INFO  ] MessageBrocker.Program - Starting message broker 
2017-10-08 20:23:36,535 [1] [INFO  ] MessageBrocker.Program - Press any key to stop the server 
2017-10-08 20:23:36,537 [5] [INFO  ] Transport.Connectors.Tcp.TcpConnectionListener - Starting sockets listener 
2017-10-08 20:23:36,551 [5] [DEBUG ] Transport.Connectors.Tcp.TcpConnectionListener - Socket was started on port 9000 
2017-10-08 20:23:36,557 [5] [INFO  ] Transport.Connectors.Tcp.TcpConnectionListener - Waiting for connections 
2017-10-08 20:23:43,797 [3] [DEBUG ] Transport.Connectors.Tcp.TcpConnectionListener - New client socket was accepted 
2017-10-08 20:23:43,807 [3] [INFO  ] Data.RemoteApplication - New remote application with id 52d7cdeb-ac2b-4cd8-bfa1-0a626273131d 
2017-10-08 20:23:43,813 [3] [INFO  ] Data.RemoteApplication - Starting remote applicatoin 
2017-10-08 20:23:43,821 [4] [INFO  ] Transport.Connectors.Tcp.TcpConnector - Strting connector 
2017-10-08 20:23:43,833 [4] [DEBUG ] Transport.Connectors.Tcp.TcpConnector - Started receiving messages 
2017-10-08 20:23:43,846 [4] [INFO  ] Transport.Connectors.Tcp.TcpConnector - DefaultMessage was received by a TcpConnector with id e50a015f-6af7-4e4e-ab3e-28eacdb65302 
2017-10-08 20:23:43,855 [4] [ERROR ] Data.UseCaseFactory - Smth went wrong during executing RouteMessageUseCase 
2017-10-08 20:24:28,008 [1] [INFO  ] Transport.Connectors.Tcp.TcpConnectionListener - Stop sockets listener 
2017-10-08 20:24:28,022 [1] [INFO  ] Transport.Connectors.Tcp.TcpConnector - Connector is disconecting 
2017-10-08 20:24:28,032 [4] [ERROR ] Serialization.Deserializers.DefaultDeserializer - Can not read from stream! Input stream is closed. 
2017-10-08 20:24:28,039 [4] [ERROR ] Transport.Connectors.Tcp.TcpConnector - Receiving message failed 
2017-10-08 20:24:28,046 [4] [INFO  ] Transport.Connectors.Tcp.TcpConnector - Connector is disconecting 
2017-10-08 20:24:28,033 [1] [INFO  ] MessageBrocker.Program - Press any key to exit 
2017-10-08 20:24:29,611 [1] [INFO  ] MessageBrocker.Program - Starting message broker 
2017-10-08 20:24:29,628 [1] [INFO  ] MessageBrocker.Program - Press any key to stop the server 
2017-10-08 20:24:29,629 [4] [INFO  ] Transport.Connectors.Tcp.TcpConnectionListener - Starting sockets listener 
2017-10-08 20:24:29,642 [4] [DEBUG ] Transport.Connectors.Tcp.TcpConnectionListener - Socket was started on port 9000 
2017-10-08 20:24:29,647 [4] [INFO  ] Transport.Connectors.Tcp.TcpConnectionListener - Waiting for connections 
2017-10-08 20:24:33,304 [3] [DEBUG ] Transport.Connectors.Tcp.TcpConnectionListener - New client socket was accepted 
2017-10-08 20:24:33,314 [3] [INFO  ] Data.RemoteApplication - New remote application with id e721dda3-a3d1-44a0-9dff-31e66d392ce9 
2017-10-08 20:24:33,320 [3] [INFO  ] Data.RemoteApplication - Starting remote applicatoin 
2017-10-08 20:24:33,326 [5] [INFO  ] Transport.Connectors.Tcp.TcpConnector - Strting connector 
2017-10-08 20:24:33,335 [5] [DEBUG ] Transport.Connectors.Tcp.TcpConnector - Started receiving messages 
2017-10-08 20:24:33,347 [5] [INFO  ] Transport.Connectors.Tcp.TcpConnector - DefaultMessage was received by a TcpConnector with id e63fca59-d487-46fd-b71f-ac87092bfc44 
2017-10-08 20:24:50,710 [1] [INFO  ] Transport.Connectors.Tcp.TcpConnectionListener - Stop sockets listener 
2017-10-08 20:24:50,721 [1] [INFO  ] Transport.Connectors.Tcp.TcpConnector - Connector is disconecting 
2017-10-08 20:24:50,729 [1] [INFO  ] MessageBrocker.Program - Press any key to exit 
2017-10-08 20:24:50,729 [5] [ERROR ] Transport.Connectors.Tcp.TcpConnector - Receiving message failed 
2017-10-08 20:24:50,746 [5] [INFO  ] Transport.Connectors.Tcp.TcpConnector - Connector is disconecting 
2017-10-08 20:24:51,621 [1] [INFO  ] MessageBrocker.Program - Starting message broker 
2017-10-08 20:24:51,639 [1] [INFO  ] MessageBrocker.Program - Press any key to stop the server 
2017-10-08 20:24:51,641 [4] [INFO  ] Transport.Connectors.Tcp.TcpConnectionListener - Starting sockets listener 
2017-10-08 20:24:51,655 [4] [DEBUG ] Transport.Connectors.Tcp.TcpConnectionListener - Socket was started on port 9000 
2017-10-08 20:24:51,661 [4] [INFO  ] Transport.Connectors.Tcp.TcpConnectionListener - Waiting for connections 
2017-10-08 20:24:53,134 [1] [INFO  ] Transport.Connectors.Tcp.TcpConnectionListener - Stop sockets listener 
2017-10-08 20:24:53,144 [1] [INFO  ] MessageBrocker.Program - Press any key to exit 
2017-10-08 20:24:59,399 [1] [INFO  ] MessageBrocker.Program - Starting message broker 
2017-10-08 20:24:59,449 [1] [INFO  ] MessageBrocker.Program - Press any key to stop the server 
2017-10-08 20:24:59,458 [1] [INFO  ] Transport.Connectors.Tcp.TcpConnectionListener - Stop sockets listener 
2017-10-08 20:24:59,482 [5] [INFO  ] Transport.Connectors.Tcp.TcpConnectionListener - Starting sockets listener 
2017-10-08 20:24:59,482 [1] [ERROR ] Transport.Connectors.Tcp.TcpConnectionListener - Socket is not listening already 
2017-10-08 20:24:59,494 [5] [DEBUG ] Transport.Connectors.Tcp.TcpConnectionListener - Socket was started on port 9000 
2017-10-08 20:24:59,504 [5] [INFO  ] Transport.Connectors.Tcp.TcpConnectionListener - Waiting for connections 
2017-10-08 20:24:59,501 [1] [INFO  ] MessageBrocker.Program - Press any key to exit 
2017-10-08 20:25:13,019 [1] [INFO  ] MessageBrocker.Program - Starting message broker 
2017-10-08 20:25:13,065 [1] [INFO  ] MessageBrocker.Program - Press any key to stop the server 
2017-10-08 20:25:13,099 [5] [INFO  ] Transport.Connectors.Tcp.TcpConnectionListener - Starting sockets listener 
2017-10-08 20:25:13,109 [5] [DEBUG ] Transport.Connectors.Tcp.TcpConnectionListener - Socket was started on port 9000 
2017-10-08 20:25:13,115 [5] [INFO  ] Transport.Connectors.Tcp.TcpConnectionListener - Waiting for connections 
2017-10-08 20:25:16,504 [3] [DEBUG ] Transport.Connectors.Tcp.TcpConnectionListener - New client socket was accepted 
2017-10-08 20:25:16,524 [3] [INFO  ] Data.RemoteApplication - New remote application with id d84c24aa-7f6c-483a-bb4c-6d49f241759a 
2017-10-08 20:25:16,533 [3] [INFO  ] Data.RemoteApplication - Starting remote applicatoin 
2017-10-08 20:25:16,539 [4] [INFO  ] Transport.Connectors.Tcp.TcpConnector - Strting connector 
2017-10-08 20:25:16,547 [4] [DEBUG ] Transport.Connectors.Tcp.TcpConnector - Started receiving messages 
2017-10-08 20:25:16,571 [4] [INFO  ] Transport.Connectors.Tcp.TcpConnector - DefaultMessage was received by a TcpConnector with id 0a6c1101-8215-48f7-ae80-84b46ccc6db6 
2017-10-08 20:26:28,543 [1] [INFO  ] MessageBrocker.Program - Starting message broker 
2017-10-08 20:26:28,584 [1] [INFO  ] MessageBrocker.Program - Press any key to stop the server 
2017-10-08 20:26:28,596 [5] [INFO  ] Transport.Connectors.Tcp.TcpConnectionListener - Starting sockets listener 
2017-10-08 20:26:28,605 [5] [DEBUG ] Transport.Connectors.Tcp.TcpConnectionListener - Socket was started on port 9000 
2017-10-08 20:26:28,610 [5] [INFO  ] Transport.Connectors.Tcp.TcpConnectionListener - Waiting for connections 
2017-10-08 20:26:32,463 [3] [DEBUG ] Transport.Connectors.Tcp.TcpConnectionListener - New client socket was accepted 
2017-10-08 20:26:32,483 [3] [INFO  ] Data.RemoteApplication - New remote application with id 80502f0d-c22b-409f-bef7-0aea13bb2903 
2017-10-08 20:26:32,491 [3] [INFO  ] Data.RemoteApplication - Starting remote applicatoin 
2017-10-08 20:26:32,498 [4] [INFO  ] Transport.Connectors.Tcp.TcpConnector - Strting connector 
2017-10-08 20:26:32,506 [4] [DEBUG ] Transport.Connectors.Tcp.TcpConnector - Started receiving messages 
2017-10-08 20:26:32,527 [4] [INFO  ] Transport.Connectors.Tcp.TcpConnector - DefaultMessage was received by a TcpConnector with id 47fa9d1f-32fa-4068-80fe-e53fd5367a7c 
2017-10-08 20:30:21,049 [1] [INFO  ] MessageBrocker.Program - Starting message broker 
2017-10-08 20:30:21,066 [1] [INFO  ] MessageBrocker.Program - Press any key to stop the server 
2017-10-08 20:30:21,068 [4] [INFO  ] Transport.Connectors.Tcp.TcpConnectionListener - Starting sockets listener 
2017-10-08 20:30:21,081 [4] [DEBUG ] Transport.Connectors.Tcp.TcpConnectionListener - Socket was started on port 9000 
2017-10-08 20:30:21,087 [4] [INFO  ] Transport.Connectors.Tcp.TcpConnectionListener - Waiting for connections 
2017-10-08 20:30:26,914 [3] [DEBUG ] Transport.Connectors.Tcp.TcpConnectionListener - New client socket was accepted 
2017-10-08 20:30:26,922 [3] [INFO  ] Data.RemoteApplication - New remote application with id 89bab1b1-c7da-4f5d-b8eb-b33fc4d1b409 
2017-10-08 20:30:26,931 [3] [INFO  ] Data.RemoteApplication - Starting remote applicatoin 
2017-10-08 20:30:26,937 [5] [INFO  ] Transport.Connectors.Tcp.TcpConnector - Strting connector 
2017-10-08 20:30:26,945 [5] [DEBUG ] Transport.Connectors.Tcp.TcpConnector - Started receiving messages 
2017-10-08 20:30:26,956 [5] [INFO  ] Transport.Connectors.Tcp.TcpConnector - DefaultMessage was received by a TcpConnector with id e86be942-67c6-4c72-a9d7-9902c3f92d6b 
2017-10-08 20:30:33,767 [1] [INFO  ] Transport.Connectors.Tcp.TcpConnectionListener - Stop sockets listener 
2017-10-08 20:30:33,777 [1] [INFO  ] Transport.Connectors.Tcp.TcpConnector - Connector is disconecting 
2017-10-08 20:30:33,786 [1] [INFO  ] MessageBrocker.Program - Press any key to exit 
2017-10-08 20:30:33,786 [5] [ERROR ] Transport.Connectors.Tcp.TcpConnector - Receiving message failed 
2017-10-08 20:30:33,804 [5] [INFO  ] Transport.Connectors.Tcp.TcpConnector - Connector is disconecting 
2017-10-08 20:30:35,672 [1] [INFO  ] MessageBrocker.Program - Starting message broker 
2017-10-08 20:30:35,719 [1] [INFO  ] MessageBrocker.Program - Press any key to stop the server 
2017-10-08 20:30:35,730 [5] [INFO  ] Transport.Connectors.Tcp.TcpConnectionListener - Starting sockets listener 
2017-10-08 20:30:35,739 [5] [DEBUG ] Transport.Connectors.Tcp.TcpConnectionListener - Socket was started on port 9000 
2017-10-08 20:30:35,744 [5] [INFO  ] Transport.Connectors.Tcp.TcpConnectionListener - Waiting for connections 
2017-10-08 20:30:42,609 [3] [DEBUG ] Transport.Connectors.Tcp.TcpConnectionListener - New client socket was accepted 
2017-10-08 20:30:42,626 [3] [INFO  ] Data.RemoteApplication - New remote application with id 1e224cda-5689-4e4f-bb13-52603190177e 
2017-10-08 20:30:42,632 [3] [INFO  ] Data.RemoteApplication - Starting remote applicatoin 
2017-10-08 20:30:42,638 [4] [INFO  ] Transport.Connectors.Tcp.TcpConnector - Strting connector 
2017-10-08 20:30:42,644 [4] [DEBUG ] Transport.Connectors.Tcp.TcpConnector - Started receiving messages 
2017-10-08 20:30:42,663 [4] [INFO  ] Transport.Connectors.Tcp.TcpConnector - DefaultMessage was received by a TcpConnector with id 2653ca93-54af-4918-8743-af99f0af670a 
2017-10-08 20:33:01,405 [1] [INFO  ] MessageBrocker.Program - Starting message broker 
2017-10-08 20:33:01,429 [1] [INFO  ] MessageBrocker.Program - Press any key to stop the server 
2017-10-08 20:33:01,430 [4] [INFO  ] Transport.Connectors.Tcp.TcpConnectionListener - Starting sockets listener 
2017-10-08 20:33:01,446 [4] [DEBUG ] Transport.Connectors.Tcp.TcpConnectionListener - Socket was started on port 9000 
2017-10-08 20:33:01,453 [4] [INFO  ] Transport.Connectors.Tcp.TcpConnectionListener - Waiting for connections 
2017-10-08 20:33:10,035 [3] [DEBUG ] Transport.Connectors.Tcp.TcpConnectionListener - New client socket was accepted 
2017-10-08 20:33:10,046 [3] [INFO  ] Data.RemoteApplication - New remote application with id bb1b9da4-24f3-4411-9e04-ab172ea9a15b 
2017-10-08 20:33:10,051 [3] [INFO  ] Data.RemoteApplication - Starting remote applicatoin 
2017-10-08 20:33:10,063 [5] [INFO  ] Transport.Connectors.Tcp.TcpConnector - Strting connector 
2017-10-08 20:33:10,076 [5] [DEBUG ] Transport.Connectors.Tcp.TcpConnector - Started receiving messages 
2017-10-08 20:33:15,812 [5] [ERROR ] Transport.Connectors.Tcp.TcpConnector - Receiving message failed 
2017-10-08 20:33:15,819 [5] [INFO  ] Transport.Connectors.Tcp.TcpConnector - Connector is disconecting 
2017-10-08 20:33:34,452 [3] [DEBUG ] Transport.Connectors.Tcp.TcpConnectionListener - New client socket was accepted 
2017-10-08 20:33:34,459 [3] [INFO  ] Data.RemoteApplication - New remote application with id 3de42a43-2fdf-4f20-9239-f3f05fd07221 
2017-10-08 20:33:34,469 [3] [INFO  ] Data.RemoteApplication - Starting remote applicatoin 
2017-10-08 20:33:34,475 [6] [INFO  ] Transport.Connectors.Tcp.TcpConnector - Strting connector 
2017-10-08 20:33:34,488 [6] [DEBUG ] Transport.Connectors.Tcp.TcpConnector - Started receiving messages 
2017-10-08 20:33:34,511 [6] [INFO  ] Transport.Connectors.Tcp.TcpConnector - DefaultMessage was received by a TcpConnector with id 7f4fe674-607b-46c2-8de1-70753d36420d 
2017-10-08 20:33:34,529 [6] [ERROR ] Transport.Connectors.Tcp.TcpConnector - Receiving message failed 
2017-10-08 20:33:34,536 [6] [INFO  ] Transport.Connectors.Tcp.TcpConnector - Connector is disconecting 
2017-10-08 20:33:40,885 [3] [DEBUG ] Transport.Connectors.Tcp.TcpConnectionListener - New client socket was accepted 
2017-10-08 20:33:40,891 [3] [INFO  ] Data.RemoteApplication - New remote application with id 43757ae8-83a4-492d-ad7d-35d49b28233c 
2017-10-08 20:33:40,898 [3] [INFO  ] Data.RemoteApplication - Starting remote applicatoin 
2017-10-08 20:33:40,903 [8] [INFO  ] Transport.Connectors.Tcp.TcpConnector - Strting connector 
2017-10-08 20:33:40,912 [8] [DEBUG ] Transport.Connectors.Tcp.TcpConnector - Started receiving messages 
2017-10-08 20:33:40,918 [8] [INFO  ] Transport.Connectors.Tcp.TcpConnector - DefaultMessage was received by a TcpConnector with id 61756fba-6608-4c0f-8a62-b04848085cfc 
2017-10-08 20:33:40,924 [8] [ERROR ] Transport.Connectors.Tcp.TcpConnector - Receiving message failed 
2017-10-08 20:33:40,932 [8] [INFO  ] Transport.Connectors.Tcp.TcpConnector - Connector is disconecting 
2017-10-08 20:34:15,373 [1] [INFO  ] Transport.Connectors.Tcp.TcpConnectionListener - Stop sockets listener 
2017-10-08 20:34:15,387 [1] [INFO  ] Transport.Connectors.Tcp.TcpConnector - Connector is disconecting 
2017-10-08 20:34:15,404 [1] [INFO  ] Transport.Connectors.Tcp.TcpConnector - Connector is disconecting 
2017-10-08 20:34:15,412 [1] [INFO  ] Transport.Connectors.Tcp.TcpConnector - Connector is disconecting 
2017-10-08 20:34:15,422 [1] [INFO  ] MessageBrocker.Program - Press any key to exit 
2017-10-08 20:34:16,278 [1] [INFO  ] MessageBrocker.Program - Starting message broker 
2017-10-08 20:34:16,303 [1] [INFO  ] MessageBrocker.Program - Press any key to stop the server 
2017-10-08 20:34:16,305 [5] [INFO  ] Transport.Connectors.Tcp.TcpConnectionListener - Starting sockets listener 
2017-10-08 20:34:16,320 [5] [DEBUG ] Transport.Connectors.Tcp.TcpConnectionListener - Socket was started on port 9000 
2017-10-08 20:34:16,325 [5] [INFO  ] Transport.Connectors.Tcp.TcpConnectionListener - Waiting for connections 
2017-10-08 20:34:23,667 [1] [INFO  ] Transport.Connectors.Tcp.TcpConnectionListener - Stop sockets listener 
2017-10-08 20:34:23,677 [1] [INFO  ] MessageBrocker.Program - Press any key to exit 
2017-10-08 20:34:25,616 [1] [INFO  ] MessageBrocker.Program - Starting message broker 
2017-10-08 20:34:25,667 [1] [INFO  ] MessageBrocker.Program - Press any key to stop the server 
2017-10-08 20:34:25,702 [5] [INFO  ] Transport.Connectors.Tcp.TcpConnectionListener - Starting sockets listener 
2017-10-08 20:34:25,712 [5] [DEBUG ] Transport.Connectors.Tcp.TcpConnectionListener - Socket was started on port 9000 
2017-10-08 20:34:25,719 [5] [INFO  ] Transport.Connectors.Tcp.TcpConnectionListener - Waiting for connections 
2017-10-08 20:34:28,069 [3] [DEBUG ] Transport.Connectors.Tcp.TcpConnectionListener - New client socket was accepted 
2017-10-08 20:34:28,087 [3] [INFO  ] Data.RemoteApplication - New remote application with id 704e098e-0d9e-4b50-9be8-36419319cb3b 
2017-10-08 20:34:28,097 [3] [INFO  ] Data.RemoteApplication - Starting remote applicatoin 
2017-10-08 20:34:28,106 [4] [INFO  ] Transport.Connectors.Tcp.TcpConnector - Strting connector 
2017-10-08 20:34:28,117 [6] [DEBUG ] Transport.Connectors.Tcp.TcpConnector - Started receiving messages 
2017-10-08 20:34:28,147 [6] [INFO  ] Transport.Connectors.Tcp.TcpConnector - DefaultMessage was received by a TcpConnector with id c996123b-6249-42b6-950a-c9c0fb25ec39 
2017-10-08 20:36:23,405 [1] [INFO  ] MessageBrocker.Program - Starting message broker 
2017-10-08 20:36:23,449 [1] [INFO  ] MessageBrocker.Program - Press any key to stop the server 
2017-10-08 20:36:23,460 [5] [INFO  ] Transport.Connectors.Tcp.TcpConnectionListener - Starting sockets listener 
2017-10-08 20:36:23,469 [5] [DEBUG ] Transport.Connectors.Tcp.TcpConnectionListener - Socket was started on port 9000 
2017-10-08 20:36:23,474 [5] [INFO  ] Transport.Connectors.Tcp.TcpConnectionListener - Waiting for connections 
2017-10-08 20:36:27,584 [3] [DEBUG ] Transport.Connectors.Tcp.TcpConnectionListener - New client socket was accepted 
2017-10-08 20:36:27,605 [3] [INFO  ] Data.RemoteApplication - New remote application with id 0f9d0dfb-dc30-4334-86a6-fa565d87ec0b 
2017-10-08 20:36:27,613 [3] [INFO  ] Data.RemoteApplication - Starting remote applicatoin 
2017-10-08 20:36:27,619 [4] [INFO  ] Transport.Connectors.Tcp.TcpConnector - Strting connector 
2017-10-08 20:36:27,630 [4] [DEBUG ] Transport.Connectors.Tcp.TcpConnector - Started receiving messages 
2017-10-08 20:36:27,650 [4] [INFO  ] Transport.Connectors.Tcp.TcpConnector - DefaultMessage was received by a TcpConnector with id 9dd3eca4-82fc-4d4a-8fbc-de875d3acbd6 
2017-10-08 20:41:19,167 [1] [INFO  ] MessageBrocker.Program - Starting message broker 
2017-10-08 20:41:19,187 [1] [INFO  ] MessageBrocker.Program - Press any key to stop the server 
2017-10-08 20:41:19,189 [4] [INFO  ] Transport.Connectors.Tcp.TcpConnectionListener - Starting sockets listener 
2017-10-08 20:41:19,204 [4] [DEBUG ] Transport.Connectors.Tcp.TcpConnectionListener - Socket was started on port 9000 
2017-10-08 20:41:19,211 [4] [INFO  ] Transport.Connectors.Tcp.TcpConnectionListener - Waiting for connections 
2017-10-08 20:41:22,832 [3] [DEBUG ] Transport.Connectors.Tcp.TcpConnectionListener - New client socket was accepted 
2017-10-08 20:41:22,845 [3] [INFO  ] Data.RemoteApplication - New remote application with id 28c879ad-9b51-42ed-b060-9f654daa9582 
2017-10-08 20:41:22,853 [3] [INFO  ] Data.RemoteApplication - Starting remote applicatoin 
2017-10-08 20:41:22,862 [5] [INFO  ] Transport.Connectors.Tcp.TcpConnector - Strting connector 
2017-10-08 20:41:22,871 [5] [DEBUG ] Transport.Connectors.Tcp.TcpConnector - Started receiving messages 
2017-10-08 20:41:22,889 [5] [INFO  ] Transport.Connectors.Tcp.TcpConnector - DefaultMessage was received by a TcpConnector with id df20cbd8-98a1-4e0e-b59e-d467ef8176ed 
2017-10-08 20:42:13,230 [1] [INFO  ] Transport.Connectors.Tcp.TcpConnectionListener - Stop sockets listener 
2017-10-08 20:42:13,238 [1] [INFO  ] Transport.Connectors.Tcp.TcpConnector - Connector is disconecting 
2017-10-08 20:42:13,245 [1] [INFO  ] MessageBrocker.Program - Press any key to exit 
2017-10-08 20:42:13,246 [5] [ERROR ] Transport.Connectors.Tcp.TcpConnector - Receiving message failed 
2017-10-08 20:42:13,261 [5] [INFO  ] Transport.Connectors.Tcp.TcpConnector - Connector is disconecting 
2017-10-08 20:43:21,492 [1] [INFO  ] MessageBrocker.Program - Starting message broker 
2017-10-08 20:43:21,510 [1] [INFO  ] MessageBrocker.Program - Press any key to stop the server 
2017-10-08 20:43:21,512 [4] [INFO  ] Transport.Connectors.Tcp.TcpConnectionListener - Starting sockets listener 
2017-10-08 20:43:21,526 [4] [DEBUG ] Transport.Connectors.Tcp.TcpConnectionListener - Socket was started on port 9000 
2017-10-08 20:43:21,532 [4] [INFO  ] Transport.Connectors.Tcp.TcpConnectionListener - Waiting for connections 
2017-10-08 20:43:26,771 [1] [INFO  ] Transport.Connectors.Tcp.TcpConnectionListener - Stop sockets listener 
2017-10-08 20:43:26,779 [1] [INFO  ] MessageBrocker.Program - Press any key to exit 
2017-10-08 20:52:39,348 [1] [INFO  ] MessageBrocker.Program - Starting message broker 
2017-10-08 20:52:39,366 [1] [INFO  ] MessageBrocker.Program - Press any key to stop the server 
2017-10-08 20:52:39,368 [4] [INFO  ] Transport.Connectors.Tcp.TcpConnectionListener - Starting sockets listener 
2017-10-08 20:52:39,383 [4] [DEBUG ] Transport.Connectors.Tcp.TcpConnectionListener - Socket was started on port 9000 
2017-10-08 20:52:39,388 [4] [INFO  ] Transport.Connectors.Tcp.TcpConnectionListener - Waiting for connections 
2017-10-08 20:52:46,849 [3] [DEBUG ] Transport.Connectors.Tcp.TcpConnectionListener - New client socket was accepted 
2017-10-08 20:52:46,857 [3] [INFO  ] Data.RemoteApplication - New remote application with id 6532cc4d-4246-40dd-968d-0098c46660d7 
2017-10-08 20:52:46,865 [3] [INFO  ] Data.RemoteApplication - Starting remote applicatoin 
2017-10-08 20:52:46,872 [5] [INFO  ] Transport.Connectors.Tcp.TcpConnector - Strting connector 
2017-10-08 20:52:46,883 [5] [DEBUG ] Transport.Connectors.Tcp.TcpConnector - Started receiving messages 
2017-10-08 20:52:52,402 [5] [ERROR ] Transport.Connectors.Tcp.TcpConnector - Receiving message failed 
2017-10-08 20:52:52,410 [5] [INFO  ] Transport.Connectors.Tcp.TcpConnector - Connector is disconecting 
2017-10-08 20:53:03,991 [3] [DEBUG ] Transport.Connectors.Tcp.TcpConnectionListener - New client socket was accepted 
2017-10-08 20:53:04,001 [3] [INFO  ] Data.RemoteApplication - New remote application with id ef0c1e8a-8a63-4102-8a95-5daf9e26f233 
2017-10-08 20:53:04,011 [3] [INFO  ] Data.RemoteApplication - Starting remote applicatoin 
2017-10-08 20:53:04,016 [8] [INFO  ] Transport.Connectors.Tcp.TcpConnector - Strting connector 
2017-10-08 20:53:04,026 [8] [DEBUG ] Transport.Connectors.Tcp.TcpConnector - Started receiving messages 
2017-10-08 20:53:04,036 [8] [INFO  ] Transport.Connectors.Tcp.TcpConnector - DefaultMessage was received by a TcpConnector with id 3e55bba9-ec8f-4fb8-917b-7929324e5bd2 
2017-10-08 20:53:37,238 [1] [INFO  ] Transport.Connectors.Tcp.TcpConnectionListener - Stop sockets listener 
2017-10-08 20:53:37,246 [1] [INFO  ] Transport.Connectors.Tcp.TcpConnector - Connector is disconecting 
2017-10-08 20:53:37,251 [1] [INFO  ] Transport.Connectors.Tcp.TcpConnector - Connector is disconecting 
2017-10-08 20:53:37,257 [8] [ERROR ] Transport.Connectors.Tcp.TcpConnector - Receiving message failed 
2017-10-08 20:53:37,264 [8] [INFO  ] Transport.Connectors.Tcp.TcpConnector - Connector is disconecting 
2017-10-08 20:53:37,257 [1] [INFO  ] MessageBrocker.Program - Press any key to exit 
2017-10-08 21:10:46,334 [1] [INFO  ] MessageBrocker.Program - Starting message broker 
2017-10-08 21:10:46,353 [1] [INFO  ] MessageBrocker.Program - Press any key to stop the server 
2017-10-08 21:10:46,354 [5] [INFO  ] Transport.Connectors.Tcp.TcpConnectionListener - Starting sockets listener 
2017-10-08 21:10:46,368 [5] [DEBUG ] Transport.Connectors.Tcp.TcpConnectionListener - Socket was started on port 9000 
2017-10-08 21:10:46,373 [5] [INFO  ] Transport.Connectors.Tcp.TcpConnectionListener - Waiting for connections 
2017-10-08 21:10:52,320 [3] [DEBUG ] Transport.Connectors.Tcp.TcpConnectionListener - New client socket was accepted 
2017-10-08 21:10:52,330 [4] [INFO  ] Transport.Connectors.Tcp.TcpConnector - Strting connector 
2017-10-08 21:10:52,337 [4] [DEBUG ] Transport.Connectors.Tcp.TcpConnector - Started receiving messages 
2017-10-08 21:10:57,893 [4] [ERROR ] Transport.Connectors.Tcp.TcpConnector - Receiving message failed 
2017-10-08 21:10:57,898 [4] [INFO  ] Transport.Connectors.Tcp.TcpConnector - Connector is disconecting 
2017-10-08 21:11:29,499 [3] [DEBUG ] Transport.Connectors.Tcp.TcpConnectionListener - New client socket was accepted 
2017-10-08 21:11:29,507 [7] [INFO  ] Transport.Connectors.Tcp.TcpConnector - Strting connector 
2017-10-08 21:11:29,512 [7] [DEBUG ] Transport.Connectors.Tcp.TcpConnector - Started receiving messages 
2017-10-08 21:11:37,392 [7] [ERROR ] Transport.Connectors.Tcp.TcpConnector - Receiving message failed 
2017-10-08 21:11:37,402 [7] [INFO  ] Transport.Connectors.Tcp.TcpConnector - Connector is disconecting 
2017-10-08 21:11:39,008 [3] [DEBUG ] Transport.Connectors.Tcp.TcpConnectionListener - New client socket was accepted 
2017-10-08 21:11:39,018 [9] [INFO  ] Transport.Connectors.Tcp.TcpConnector - Strting connector 
2017-10-08 21:11:39,025 [9] [DEBUG ] Transport.Connectors.Tcp.TcpConnector - Started receiving messages 
2017-10-08 21:11:41,542 [9] [ERROR ] Transport.Connectors.Tcp.TcpConnector - Receiving message failed 
2017-10-08 21:11:41,552 [9] [INFO  ] Transport.Connectors.Tcp.TcpConnector - Connector is disconecting 
2017-10-08 21:12:03,333 [3] [DEBUG ] Transport.Connectors.Tcp.TcpConnectionListener - New client socket was accepted 
2017-10-08 21:12:03,341 [6] [INFO  ] Transport.Connectors.Tcp.TcpConnector - Strting connector 
2017-10-08 21:12:03,348 [6] [DEBUG ] Transport.Connectors.Tcp.TcpConnector - Started receiving messages 
2017-10-08 21:12:03,372 [6] [INFO  ] Transport.Connectors.Tcp.TcpConnector - OpenConnectionMessage was received by a TcpConnector with id 0bea6531-9ef6-4395-a4d1-5adc653d35f4 
2017-10-08 21:12:03,379 [6] [INFO  ] Data.RemoteApplication - New remote application with id 0554a471-161b-4c0c-a573-cca39f413e33 
2017-10-08 21:12:03,385 [6] [INFO  ] Data.RemoteApplication - Starting remote applicatoin 
2017-10-08 21:12:03,393 [10] [INFO  ] Transport.Connectors.Tcp.TcpConnector - Strting connector 
2017-10-08 21:12:03,393 [6] [INFO  ] Transport.Connectors.Tcp.TcpConnector - DefaultMessage was received by a TcpConnector with id 0bea6531-9ef6-4395-a4d1-5adc653d35f4 
2017-10-08 21:18:35,541 [1] [INFO  ] Transport.Connectors.Tcp.TcpConnectionListener - Stop sockets listener 
2017-10-08 21:18:35,552 [1] [INFO  ] Transport.Connectors.Tcp.TcpConnector - Connector is disconecting 
2017-10-08 21:18:35,575 [6] [ERROR ] Transport.Connectors.Tcp.TcpConnector - Receiving message failed 
2017-10-08 21:18:35,584 [6] [INFO  ] Transport.Connectors.Tcp.TcpConnector - Connector is disconecting 
2017-10-08 21:18:35,577 [1] [INFO  ] MessageBrocker.Program - Press any key to exit 
2017-10-08 21:18:37,259 [1] [INFO  ] MessageBrocker.Program - Starting message broker 
2017-10-08 21:18:37,284 [1] [INFO  ] MessageBrocker.Program - Press any key to stop the server 
2017-10-08 21:18:37,286 [5] [INFO  ] Transport.Connectors.Tcp.TcpConnectionListener - Starting sockets listener 
2017-10-08 21:18:37,304 [5] [DEBUG ] Transport.Connectors.Tcp.TcpConnectionListener - Socket was started on port 9000 
2017-10-08 21:18:37,314 [5] [INFO  ] Transport.Connectors.Tcp.TcpConnectionListener - Waiting for connections 
2017-10-08 21:18:48,643 [3] [DEBUG ] Transport.Connectors.Tcp.TcpConnectionListener - New client socket was accepted 
2017-10-08 21:18:48,657 [4] [INFO  ] Transport.Connectors.Tcp.TcpConnector - Strting connector 
2017-10-08 21:18:48,666 [4] [DEBUG ] Transport.Connectors.Tcp.TcpConnector - Started receiving messages 
2017-10-08 21:18:48,686 [4] [INFO  ] Transport.Connectors.Tcp.TcpConnector - OpenConnectionMessage was received by a TcpConnector with id d509b7f1-bcf6-416c-878c-ccf116c7f887 
2017-10-08 21:18:48,695 [4] [INFO  ] Data.RemoteApplication - New remote application with id 10f36aba-7aed-4500-bd49-1a1c9fe75004 
2017-10-08 21:18:48,707 [4] [INFO  ] Data.RemoteApplication - Starting remote applicatoin 
2017-10-08 21:18:48,714 [6] [INFO  ] Transport.Connectors.Tcp.TcpConnector - Strting connector 
2017-10-08 21:18:48,715 [4] [INFO  ] Transport.Connectors.Tcp.TcpConnector - DefaultMessage was received by a TcpConnector with id d509b7f1-bcf6-416c-878c-ccf116c7f887 
2017-10-08 21:19:50,222 [1] [INFO  ] Transport.Connectors.Tcp.TcpConnectionListener - Stop sockets listener 
2017-10-08 21:19:50,240 [1] [INFO  ] Transport.Connectors.Tcp.TcpConnector - Connector is disconecting 
2017-10-08 21:19:50,256 [1] [INFO  ] MessageBrocker.Program - Press any key to exit 
2017-10-08 21:19:50,256 [4] [ERROR ] Transport.Connectors.Tcp.TcpConnector - Receiving message failed 
2017-10-08 21:19:50,272 [4] [INFO  ] Transport.Connectors.Tcp.TcpConnector - Connector is disconecting 
2017-10-08 21:19:51,115 [1] [INFO  ] MessageBrocker.Program - Starting message broker 
2017-10-08 21:19:51,139 [1] [INFO  ] MessageBrocker.Program - Press any key to stop the server 
2017-10-08 21:19:51,140 [5] [INFO  ] Transport.Connectors.Tcp.TcpConnectionListener - Starting sockets listener 
2017-10-08 21:19:51,155 [5] [DEBUG ] Transport.Connectors.Tcp.TcpConnectionListener - Socket was started on port 9000 
2017-10-08 21:19:51,161 [5] [INFO  ] Transport.Connectors.Tcp.TcpConnectionListener - Waiting for connections 
2017-10-08 21:20:01,672 [3] [DEBUG ] Transport.Connectors.Tcp.TcpConnectionListener - New client socket was accepted 
2017-10-08 21:20:01,687 [4] [INFO  ] Transport.Connectors.Tcp.TcpConnector - Strting connector 
2017-10-08 21:20:01,701 [4] [DEBUG ] Transport.Connectors.Tcp.TcpConnector - Started receiving messages 
2017-10-08 21:20:01,724 [4] [INFO  ] Transport.Connectors.Tcp.TcpConnector - OpenConnectionMessage was received by a TcpConnector with id c6103ba8-4d13-401e-bb48-4b8ce961af56 
2017-10-08 21:20:01,734 [4] [INFO  ] Data.RemoteApplication - New remote application with id 13ad6de8-2ab7-4656-91b6-fb33cd4676fc 
2017-10-08 21:20:01,747 [4] [INFO  ] Data.RemoteApplication - Starting remote applicatoin 
2017-10-08 21:20:01,753 [6] [INFO  ] Transport.Connectors.Tcp.TcpConnector - Strting connector 
2017-10-08 21:20:01,754 [4] [INFO  ] Transport.Connectors.Tcp.TcpConnector - DefaultMessage was received by a TcpConnector with id c6103ba8-4d13-401e-bb48-4b8ce961af56 
2017-10-08 21:25:41,264 [4] [INFO  ] Transport.Connectors.Tcp.TcpConnector - CloseConnectionMessage was received by a TcpConnector with id c6103ba8-4d13-401e-bb48-4b8ce961af56 
2017-10-08 21:25:41,270 [4] [INFO  ] Transport.Connectors.Tcp.TcpConnector - Connector is disconecting 
2017-10-08 21:25:41,277 [4] [INFO  ] Transport.Connectors.Tcp.TcpConnector - Connector is disconecting 
2017-10-08 21:25:44,874 [3] [DEBUG ] Transport.Connectors.Tcp.TcpConnectionListener - New client socket was accepted 
2017-10-08 21:25:44,883 [4] [INFO  ] Transport.Connectors.Tcp.TcpConnector - Strting connector 
2017-10-08 21:25:44,891 [7] [DEBUG ] Transport.Connectors.Tcp.TcpConnector - Started receiving messages 
2017-10-08 21:25:44,913 [7] [INFO  ] Transport.Connectors.Tcp.TcpConnector - OpenConnectionMessage was received by a TcpConnector with id e2313b2a-9b19-4ad7-b77c-6ed1f1c6c9bc 
2017-10-08 21:25:44,922 [7] [INFO  ] Data.RemoteApplication - New remote application with id e18d0506-4896-4ea8-a0c8-2738f57cca19 
2017-10-08 21:25:44,930 [7] [INFO  ] Data.RemoteApplication - Starting remote applicatoin 
2017-10-08 21:25:44,939 [4] [INFO  ] Transport.Connectors.Tcp.TcpConnector - Strting connector 
2017-10-08 21:25:44,940 [7] [INFO  ] Transport.Connectors.Tcp.TcpConnector - DefaultMessage was received by a TcpConnector with id e2313b2a-9b19-4ad7-b77c-6ed1f1c6c9bc 
2017-10-08 21:25:49,747 [7] [INFO  ] Transport.Connectors.Tcp.TcpConnector - CloseConnectionMessage was received by a TcpConnector with id e2313b2a-9b19-4ad7-b77c-6ed1f1c6c9bc 
2017-10-08 21:25:49,753 [7] [INFO  ] Transport.Connectors.Tcp.TcpConnector - Connector is disconecting 
2017-10-08 21:25:49,759 [7] [INFO  ] Transport.Connectors.Tcp.TcpConnector - Connector is disconecting 
2017-10-08 21:26:00,766 [3] [DEBUG ] Transport.Connectors.Tcp.TcpConnectionListener - New client socket was accepted 
2017-10-08 21:26:00,771 [4] [INFO  ] Transport.Connectors.Tcp.TcpConnector - Strting connector 
2017-10-08 21:26:00,776 [4] [DEBUG ] Transport.Connectors.Tcp.TcpConnector - Started receiving messages 
2017-10-08 21:26:00,854 [4] [INFO  ] Transport.Connectors.Tcp.TcpConnector - OpenConnectionMessage was received by a TcpConnector with id 38321a53-5a30-4857-a2c5-b7d814071c4b 
2017-10-08 21:26:00,859 [4] [INFO  ] Data.RemoteApplication - New remote application with id aef1393e-e45e-47ab-8f59-08ef817fec90 
2017-10-08 21:26:00,863 [4] [INFO  ] Data.RemoteApplication - Starting remote applicatoin 
2017-10-08 21:26:00,868 [7] [INFO  ] Transport.Connectors.Tcp.TcpConnector - Strting connector 
2017-10-08 21:26:00,868 [4] [INFO  ] Transport.Connectors.Tcp.TcpConnector - DefaultMessage was received by a TcpConnector with id 38321a53-5a30-4857-a2c5-b7d814071c4b 
2017-10-08 21:26:07,360 [4] [ERROR ] Transport.Connectors.Tcp.TcpConnector - Receiving message failed 
2017-10-08 21:26:07,373 [4] [INFO  ] Transport.Connectors.Tcp.TcpConnector - Connector is disconecting 
2017-10-08 21:26:14,483 [3] [DEBUG ] Transport.Connectors.Tcp.TcpConnectionListener - New client socket was accepted 
2017-10-08 21:26:14,491 [7] [INFO  ] Transport.Connectors.Tcp.TcpConnector - Strting connector 
2017-10-08 21:26:14,496 [7] [DEBUG ] Transport.Connectors.Tcp.TcpConnector - Started receiving messages 
2017-10-08 21:26:14,581 [7] [INFO  ] Transport.Connectors.Tcp.TcpConnector - OpenConnectionMessage was received by a TcpConnector with id 99a157ba-07f9-46ef-93c6-7d7150b776e0 
2017-10-08 21:26:14,586 [7] [INFO  ] Data.RemoteApplication - New remote application with id d3673215-2eb3-4395-97f9-b65f310f4596 
2017-10-08 21:26:14,590 [7] [INFO  ] Data.RemoteApplication - Starting remote applicatoin 
2017-10-08 21:26:14,595 [4] [INFO  ] Transport.Connectors.Tcp.TcpConnector - Strting connector 
2017-10-08 21:26:14,595 [7] [INFO  ] Transport.Connectors.Tcp.TcpConnector - DefaultMessage was received by a TcpConnector with id 99a157ba-07f9-46ef-93c6-7d7150b776e0 
2017-10-08 21:26:23,902 [1] [INFO  ] Transport.Connectors.Tcp.TcpConnectionListener - Stop sockets listener 
2017-10-08 21:26:23,907 [1] [INFO  ] Transport.Connectors.Tcp.TcpConnector - Connector is disconecting 
2017-10-08 21:26:23,911 [1] [INFO  ] Transport.Connectors.Tcp.TcpConnector - Connector is disconecting 
2017-10-08 21:26:23,917 [7] [ERROR ] Transport.Connectors.Tcp.TcpConnector - Receiving message failed 
2017-10-08 21:26:23,924 [7] [INFO  ] Transport.Connectors.Tcp.TcpConnector - Connector is disconecting 
2017-10-08 21:26:23,917 [1] [INFO  ] MessageBrocker.Program - Press any key to exit 
2017-10-08 21:26:40,847 [1] [INFO  ] MessageBrocker.Program - Starting message broker 
2017-10-08 21:26:40,871 [1] [INFO  ] MessageBrocker.Program - Press any key to stop the server 
2017-10-08 21:26:40,872 [5] [INFO  ] Transport.Connectors.Tcp.TcpConnectionListener - Starting sockets listener 
2017-10-08 21:26:40,890 [5] [DEBUG ] Transport.Connectors.Tcp.TcpConnectionListener - Socket was started on port 9000 
2017-10-08 21:26:40,900 [5] [INFO  ] Transport.Connectors.Tcp.TcpConnectionListener - Waiting for connections 
2017-10-08 21:26:44,252 [3] [DEBUG ] Transport.Connectors.Tcp.TcpConnectionListener - New client socket was accepted 
2017-10-08 21:26:44,261 [4] [INFO  ] Transport.Connectors.Tcp.TcpConnector - Strting connector 
2017-10-08 21:26:44,271 [4] [DEBUG ] Transport.Connectors.Tcp.TcpConnector - Started receiving messages 
2017-10-08 21:26:44,290 [4] [INFO  ] Transport.Connectors.Tcp.TcpConnector - OpenConnectionMessage was received by a TcpConnector with id 909b5e69-f69a-478c-a9ed-9cc6e33cf723 
2017-10-08 21:26:44,301 [4] [INFO  ] Data.RemoteApplication - New remote application with id da6c8d4f-d3e6-440f-b5fd-83b457af5bf8 
2017-10-08 21:26:44,308 [4] [INFO  ] Data.RemoteApplication - Starting remote applicatoin 
2017-10-08 21:26:44,318 [6] [INFO  ] Transport.Connectors.Tcp.TcpConnector - Strting connector 
2017-10-08 21:26:44,319 [4] [INFO  ] Transport.Connectors.Tcp.TcpConnector - DefaultMessage was received by a TcpConnector with id 909b5e69-f69a-478c-a9ed-9cc6e33cf723 
2017-10-08 21:26:46,309 [4] [INFO  ] Transport.Connectors.Tcp.TcpConnector - CloseConnectionMessage was received by a TcpConnector with id 909b5e69-f69a-478c-a9ed-9cc6e33cf723 
2017-10-08 21:26:46,315 [4] [INFO  ] Transport.Connectors.Tcp.TcpConnector - Connector is disconecting 
2017-10-08 21:26:46,321 [4] [INFO  ] Transport.Connectors.Tcp.TcpConnector - Connector is disconecting 
2017-10-08 21:27:23,306 [1] [INFO  ] Transport.Connectors.Tcp.TcpConnectionListener - Stop sockets listener 
2017-10-08 21:27:23,317 [1] [INFO  ] MessageBrocker.Program - Press any key to exit 
2017-10-08 21:27:25,361 [1] [INFO  ] MessageBrocker.Program - Starting message broker 
2017-10-08 21:27:25,409 [1] [INFO  ] MessageBrocker.Program - Press any key to stop the server 
2017-10-08 21:27:25,420 [5] [INFO  ] Transport.Connectors.Tcp.TcpConnectionListener - Starting sockets listener 
2017-10-08 21:27:25,430 [5] [DEBUG ] Transport.Connectors.Tcp.TcpConnectionListener - Socket was started on port 9000 
2017-10-08 21:27:25,435 [5] [INFO  ] Transport.Connectors.Tcp.TcpConnectionListener - Waiting for connections 
2017-10-08 21:27:34,278 [3] [DEBUG ] Transport.Connectors.Tcp.TcpConnectionListener - New client socket was accepted 
2017-10-08 21:27:34,300 [4] [INFO  ] Transport.Connectors.Tcp.TcpConnector - Strting connector 
2017-10-08 21:27:34,312 [6] [DEBUG ] Transport.Connectors.Tcp.TcpConnector - Started receiving messages 
2017-10-08 21:27:34,343 [6] [INFO  ] Transport.Connectors.Tcp.TcpConnector - OpenConnectionMessage was received by a TcpConnector with id 70d01648-5d2c-4c73-a861-3943c3146f17 
2017-10-08 21:27:34,355 [6] [INFO  ] Data.RemoteApplication - New remote application with id f72ec636-f9f6-44dd-aca3-fbaac1de4bfc 
2017-10-08 21:27:34,364 [6] [INFO  ] Data.RemoteApplication - Starting remote applicatoin 
2017-10-08 21:27:34,369 [4] [INFO  ] Transport.Connectors.Tcp.TcpConnector - Strting connector 
2017-10-08 21:27:34,372 [6] [INFO  ] Transport.Connectors.Tcp.TcpConnector - DefaultMessage was received by a TcpConnector with id 70d01648-5d2c-4c73-a861-3943c3146f17 
2017-10-08 21:27:41,495 [6] [INFO  ] Transport.Connectors.Tcp.TcpConnector - CloseConnectionMessage was received by a TcpConnector with id 70d01648-5d2c-4c73-a861-3943c3146f17 
2017-10-08 21:27:46,088 [6] [INFO  ] Transport.Connectors.Tcp.TcpConnector - Connector is disconecting 
2017-10-08 21:27:47,888 [6] [INFO  ] Transport.Connectors.Tcp.TcpConnector - Connector is disconecting 
2017-10-08 21:32:14,452 [1] [INFO  ] MessageBrocker.Program - Starting message broker 
2017-10-08 21:32:14,519 [1] [INFO  ] MessageBrocker.Program - Press any key to stop the server 
2017-10-08 21:32:14,524 [5] [INFO  ] Transport.Connectors.Tcp.TcpConnectionListener - Starting sockets listener 
2017-10-08 21:32:14,576 [5] [DEBUG ] Transport.Connectors.Tcp.TcpConnectionListener - Socket was started on port 9000 
2017-10-08 21:32:14,601 [5] [INFO  ] Transport.Connectors.Tcp.TcpConnectionListener - Waiting for connections 
2017-10-08 21:33:18,717 [3] [DEBUG ] Transport.Connectors.Tcp.TcpConnectionListener - New client socket was accepted 
2017-10-08 21:33:18,749 [7] [INFO  ] Transport.Connectors.Tcp.TcpConnector - Strting connector 
2017-10-08 21:33:18,770 [7] [DEBUG ] Transport.Connectors.Tcp.TcpConnector - Started receiving messages 
2017-10-08 21:33:18,937 [7] [INFO  ] Transport.Connectors.Tcp.TcpConnector - OpenConnectionMessage was received by a TcpConnector with id c5fb9819-eb26-4403-8d43-0e59d9767e11 
2017-10-08 21:33:18,954 [7] [INFO  ] Data.RemoteApplication - New remote application with id 9f563f65-59a9-4043-bb5d-1e45ca4e837f 
2017-10-08 21:33:18,973 [7] [INFO  ] Data.RemoteApplication - Starting remote applicatoin 
2017-10-08 21:33:18,988 [8] [INFO  ] Transport.Connectors.Tcp.TcpConnector - Strting connector 
2017-10-08 21:33:18,991 [7] [INFO  ] Transport.Connectors.Tcp.TcpConnector - DefaultMessage was received by a TcpConnector with id c5fb9819-eb26-4403-8d43-0e59d9767e11 
2017-10-08 21:33:19,080 [7] [INFO  ] Transport.Connectors.Tcp.TcpConnector - CloseConnectionMessage was received by a TcpConnector with id c5fb9819-eb26-4403-8d43-0e59d9767e11 
2017-10-08 21:33:19,108 [7] [INFO  ] Transport.Connectors.Tcp.TcpConnector - Connector is disconecting 
2017-10-08 21:33:19,143 [7] [INFO  ] Transport.Connectors.Tcp.TcpConnector - Connector is disconecting 
2017-10-08 22:03:10,506 [1] [INFO  ] Transport.Connectors.Tcp.TcpConnectionListener - Stop sockets listener 
2017-10-08 22:03:10,527 [1] [INFO  ] MessageBrocker.Program - Press any key to exit 
2017-10-08 22:04:31,768 [1] [DEBUG ] Transport.Connectors.Udp.UdpConnector - Udp Socket was started on port 9000 
2017-10-08 22:04:31,858 [1] [INFO  ] MessageBrocker.Program - Starting message broker 
2017-10-08 22:04:31,893 [1] [INFO  ] MessageBrocker.Program - Press any key to stop the server 
2017-10-08 22:04:31,897 [5] [INFO  ] Transport.Connectors.Tcp.TcpConnectionListener - Starting sockets listener 
2017-10-08 22:04:31,897 [6] [INFO  ] Transport.Connectors.Udp.UdpConnector - Starting connection less comunication 
2017-10-08 22:04:31,968 [4] [INFO  ] Transport.Connectors.Udp.UdpConnector - Conector with efb03a71-02ea-4dd3-87dd-0a1a1db247b4 Started receiving messages 
2017-10-08 22:04:31,947 [5] [DEBUG ] Transport.Connectors.Tcp.TcpConnectionListener - Tcp Socket was started on port 9000 
2017-10-08 22:04:32,070 [5] [INFO  ] Transport.Connectors.Tcp.TcpConnectionListener - Waiting for connections 
2017-10-08 22:05:01,370 [1] [INFO  ] Transport.Connectors.Tcp.TcpConnectionListener - Stop sockets listener 
2017-10-08 22:05:01,392 [1] [INFO  ] Transport.Connectors.Udp.UdpConnector - Connector is going to be disconnected 
2017-10-08 22:05:01,413 [1] [INFO  ] MessageBrocker.Program - Press any key to exit 
2017-10-08 22:05:01,417 [4] [INFO  ] Transport.Connectors.Udp.UdpConnector - Connector is going to be disconnected 
2017-10-08 22:05:01,474 [4] [ERROR ] Transport.Connectors.Udp.UdpConnector - Connectiop less comunication is already stoped 
2017-10-08 22:05:04,294 [1] [DEBUG ] Transport.Connectors.Udp.UdpConnector - Udp Socket was started on port 9000 
2017-10-08 22:05:04,361 [1] [INFO  ] MessageBrocker.Program - Starting message broker 
2017-10-08 22:05:04,392 [1] [INFO  ] MessageBrocker.Program - Press any key to stop the server 
2017-10-08 22:05:04,395 [5] [INFO  ] Transport.Connectors.Tcp.TcpConnectionListener - Starting sockets listener 
2017-10-08 22:05:04,396 [6] [INFO  ] Transport.Connectors.Udp.UdpConnector - Starting connection less comunication 
2017-10-08 22:05:04,469 [6] [INFO  ] Transport.Connectors.Udp.UdpConnector - Conector with 9f19384e-6938-413d-a2af-c88e98157066 Started receiving messages 
2017-10-08 22:05:04,448 [5] [DEBUG ] Transport.Connectors.Tcp.TcpConnectionListener - Tcp Socket was started on port 9000 
2017-10-08 22:05:04,499 [5] [INFO  ] Transport.Connectors.Tcp.TcpConnectionListener - Waiting for connections 
2017-10-08 22:05:07,406 [1] [INFO  ] Transport.Connectors.Tcp.TcpConnectionListener - Stop sockets listener 
2017-10-08 22:05:07,426 [1] [INFO  ] Transport.Connectors.Udp.UdpConnector - Connector is going to be disconnected 
2017-10-08 22:05:07,446 [6] [INFO  ] Transport.Connectors.Udp.UdpConnector - Connector is going to be disconnected 
2017-10-08 22:05:07,470 [6] [ERROR ] Transport.Connectors.Udp.UdpConnector - Connectiop less comunication is already stoped 
2017-10-08 22:05:07,448 [1] [INFO  ] MessageBrocker.Program - Press any key to exit 
2017-10-08 22:05:09,915 [1] [DEBUG ] Transport.Connectors.Udp.UdpConnector - Udp Socket was started on port 9000 
2017-10-08 22:05:10,001 [1] [INFO  ] MessageBrocker.Program - Starting message broker 
2017-10-08 22:05:10,032 [1] [INFO  ] MessageBrocker.Program - Press any key to stop the server 
2017-10-08 22:05:10,037 [5] [INFO  ] Transport.Connectors.Tcp.TcpConnectionListener - Starting sockets listener 
2017-10-08 22:05:10,038 [4] [INFO  ] Transport.Connectors.Udp.UdpConnector - Starting connection less comunication 
2017-10-08 22:05:10,097 [4] [INFO  ] Transport.Connectors.Udp.UdpConnector - Conector with 69d891f7-6dea-4e4d-9352-114ca6dedc7b Started receiving messages 
2017-10-08 22:05:10,083 [5] [DEBUG ] Transport.Connectors.Tcp.TcpConnectionListener - Tcp Socket was started on port 9000 
2017-10-08 22:05:10,127 [5] [INFO  ] Transport.Connectors.Tcp.TcpConnectionListener - Waiting for connections 
2017-10-08 22:05:58,088 [1] [INFO  ] Transport.Connectors.Tcp.TcpConnectionListener - Stop sockets listener 
2017-10-08 22:05:58,115 [1] [INFO  ] Transport.Connectors.Udp.UdpConnector - Connector is going to be disconnected 
2017-10-08 22:05:58,134 [4] [INFO  ] Transport.Connectors.Udp.UdpConnector - Connector is going to be disconnected 
2017-10-08 22:05:58,161 [4] [ERROR ] Transport.Connectors.Udp.UdpConnector - Connectiop less comunication is already stoped 
2017-10-08 22:05:58,136 [1] [INFO  ] MessageBrocker.Program - Press any key to exit 
2017-10-08 22:06:06,247 [1] [DEBUG ] Transport.Connectors.Udp.UdpConnector - Udp Socket was started on port 9000 
2017-10-08 22:06:06,423 [1] [INFO  ] MessageBrocker.Program - Starting message broker 
2017-10-08 22:06:06,531 [1] [INFO  ] MessageBrocker.Program - Press any key to stop the server 
2017-10-08 22:06:06,576 [6] [INFO  ] Transport.Connectors.Udp.UdpConnector - Starting connection less comunication 
2017-10-08 22:06:06,576 [5] [INFO  ] Transport.Connectors.Tcp.TcpConnectionListener - Starting sockets listener 
2017-10-08 22:06:06,619 [6] [INFO  ] Transport.Connectors.Udp.UdpConnector - Conector with d96609d8-e33c-444e-a75f-7357bb3387cb Started receiving messages 
2017-10-08 22:06:06,634 [5] [DEBUG ] Transport.Connectors.Tcp.TcpConnectionListener - Tcp Socket was started on port 9000 
2017-10-08 22:06:06,659 [5] [INFO  ] Transport.Connectors.Tcp.TcpConnectionListener - Waiting for connections 
2017-10-08 22:06:23,897 [1] [DEBUG ] Transport.Connectors.Udp.UdpConnector - Udp Socket was started on port 9000 
2017-10-08 22:06:24,042 [1] [INFO  ] MessageBrocker.Program - Starting message broker 
2017-10-08 22:06:24,126 [1] [INFO  ] MessageBrocker.Program - Press any key to stop the server 
2017-10-08 22:06:24,169 [7] [INFO  ] Transport.Connectors.Udp.UdpConnector - Starting connection less comunication 
2017-10-08 22:06:24,169 [5] [INFO  ] Transport.Connectors.Tcp.TcpConnectionListener - Starting sockets listener 
2017-10-08 22:06:24,226 [5] [DEBUG ] Transport.Connectors.Tcp.TcpConnectionListener - Tcp Socket was started on port 9000 
2017-10-08 22:06:24,210 [7] [INFO  ] Transport.Connectors.Udp.UdpConnector - Conector with 3e9191d1-bb0a-4b29-addc-2f04786be059 Started receiving messages 
2017-10-08 22:06:24,241 [5] [INFO  ] Transport.Connectors.Tcp.TcpConnectionListener - Waiting for connections 
2017-10-08 22:08:18,547 [1] [INFO  ] MessageBrocker.Program - Starting message broker 
2017-10-08 22:08:18,605 [1] [INFO  ] MessageBrocker.Program - Press any key to stop the server 
2017-10-08 22:08:18,610 [5] [INFO  ] Transport.Connectors.Tcp.TcpConnectionListener - Starting sockets listener 
2017-10-08 22:08:18,611 [6] [INFO  ] Transport.Connectors.Udp.UdpConnector - Starting connection less comunication 
2017-10-08 22:08:18,674 [6] [INFO  ] Transport.Connectors.Udp.UdpConnector - Conector with c4628410-48ff-44c8-9854-9951276c7911 Started receiving messages 
2017-10-08 22:08:18,659 [5] [DEBUG ] Transport.Connectors.Tcp.TcpConnectionListener - Tcp Socket was started on port 9000 
2017-10-08 22:08:18,706 [5] [INFO  ] Transport.Connectors.Tcp.TcpConnectionListener - Waiting for connections 
2017-10-08 22:08:35,238 [1] [INFO  ] Transport.Connectors.Tcp.TcpConnectionListener - Stop sockets listener 
2017-10-08 22:08:35,261 [1] [INFO  ] Transport.Connectors.Udp.UdpConnector - Connector is going to be disconnected 
2017-10-08 22:08:35,284 [6] [INFO  ] Transport.Connectors.Udp.UdpConnector - Connector is going to be disconnected 
2017-10-08 22:08:35,307 [6] [ERROR ] Transport.Connectors.Udp.UdpConnector - Connectiop less comunication is already stoped 
2017-10-08 22:08:35,285 [1] [INFO  ] MessageBrocker.Program - Press any key to exit 
2017-10-08 22:08:39,228 [1] [INFO  ] MessageBrocker.Program - Starting message broker 
2017-10-08 22:08:39,288 [1] [INFO  ] MessageBrocker.Program - Press any key to stop the server 
2017-10-08 22:08:39,293 [6] [INFO  ] Transport.Connectors.Udp.UdpConnector - Starting connection less comunication 
2017-10-08 22:08:39,319 [6] [INFO  ] Transport.Connectors.Udp.UdpConnector - Conector with e07300c3-d27a-473d-be1a-d1906dea0c8a Started receiving messages 
2017-10-08 22:08:39,293 [5] [INFO  ] Transport.Connectors.Tcp.TcpConnectionListener - Starting sockets listener 
2017-10-08 22:08:39,348 [5] [DEBUG ] Transport.Connectors.Tcp.TcpConnectionListener - Tcp Socket was started on port 9000 
2017-10-08 22:08:39,363 [5] [INFO  ] Transport.Connectors.Tcp.TcpConnectionListener - Waiting for connections 
2017-10-08 22:08:46,270 [1] [INFO  ] Transport.Connectors.Tcp.TcpConnectionListener - Stop sockets listener 
2017-10-08 22:08:46,287 [1] [INFO  ] Transport.Connectors.Udp.UdpConnector - Connector is going to be disconnected 
2017-10-08 22:08:46,311 [6] [INFO  ] Transport.Connectors.Udp.UdpConnector - Connector is going to be disconnected 
2017-10-08 22:08:46,332 [6] [ERROR ] Transport.Connectors.Udp.UdpConnector - Connectiop less comunication is already stoped 
2017-10-08 22:08:46,313 [1] [INFO  ] MessageBrocker.Program - Press any key to exit 
2017-10-08 22:08:50,401 [1] [INFO  ] MessageBrocker.Program - Starting message broker 
2017-10-08 22:08:50,458 [1] [INFO  ] MessageBrocker.Program - Press any key to stop the server 
2017-10-08 22:08:50,462 [5] [INFO  ] Transport.Connectors.Tcp.TcpConnectionListener - Starting sockets listener 
2017-10-08 22:08:50,489 [5] [DEBUG ] Transport.Connectors.Tcp.TcpConnectionListener - Tcp Socket was started on port 9000 
2017-10-08 22:08:50,462 [4] [DEBUG ] Transport.UdpConnectionManager - Udp Socket was started on port 9000 
2017-10-08 22:08:50,528 [6] [INFO  ] Transport.Connectors.Udp.UdpConnector - Starting connection less comunication 
2017-10-08 22:08:50,546 [6] [INFO  ] Transport.Connectors.Udp.UdpConnector - Conector with 66bc452e-ba18-4dd0-bceb-59b7542b9b14 Started receiving messages 
2017-10-08 22:08:50,507 [5] [INFO  ] Transport.Connectors.Tcp.TcpConnectionListener - Waiting for connections 
2017-10-08 22:08:58,044 [1] [INFO  ] Transport.Connectors.Tcp.TcpConnectionListener - Stop sockets listener 
2017-10-08 22:08:58,070 [1] [INFO  ] Transport.Connectors.Udp.UdpConnector - Connector is going to be disconnected 
2017-10-08 22:08:58,086 [6] [INFO  ] Transport.Connectors.Udp.UdpConnector - Connector is going to be disconnected 
2017-10-08 22:08:58,107 [6] [ERROR ] Transport.Connectors.Udp.UdpConnector - Connectiop less comunication is already stoped 
2017-10-08 22:08:58,089 [1] [INFO  ] MessageBrocker.Program - Press any key to exit 
