2017-10-10 00:00:57,884 [1] [INFO  ] Transport.Connectors.Tcp.TcpConnectionListener - Stop sockets listener 
2017-10-10 00:00:57,916 [1] [INFO  ] Transport.Connectors.Tcp.TcpConnector - Connector is disconecting 
2017-10-10 00:00:57,937 [1] [INFO  ] Transport.Connectors.Tcp.TcpConnector - Connector is disconecting 
2017-10-10 00:00:57,967 [1] [INFO  ] Transport.Connectors.Tcp.TcpConnector - Connector is disconecting 
2017-10-10 00:00:57,937 [9] [ERROR ] Transport.Connectors.Tcp.TcpConnector - Receiving message failed 
2017-10-10 00:00:58,062 [9] [INFO  ] Transport.Connectors.Tcp.TcpConnector - Connector is disconecting 
2017-10-10 00:00:57,998 [1] [INFO  ] Transport.Connectors.Tcp.TcpConnector - Connector is disconecting 
2017-10-10 00:00:58,113 [1] [INFO  ] MessageBrocker.Program - Press any key to exit 
2017-10-10 00:01:01,172 [1] [INFO  ] MessageBrocker.Program - Starting message broker 
2017-10-10 00:01:01,232 [1] [INFO  ] MessageBrocker.Program - Press any key to stop the server 
2017-10-10 00:01:01,237 [5] [INFO  ] Transport.Connectors.Tcp.TcpConnectionListener - Starting sockets listener 
2017-10-10 00:01:01,261 [5] [DEBUG ] Transport.Connectors.Tcp.TcpConnectionListener - Tcp Socket was started on port 9000 
2017-10-10 00:01:01,275 [5] [INFO  ] Transport.Connectors.Tcp.TcpConnectionListener - Waiting for connections 
2017-10-10 00:01:05,364 [3] [DEBUG ] Transport.Connectors.Tcp.TcpConnectionListener - New client socket was accepted 
2017-10-10 00:01:05,386 [4] [INFO  ] Transport.Connectors.Tcp.TcpConnector - Strting connector 
2017-10-10 00:01:05,403 [4] [DEBUG ] Transport.Connectors.Tcp.TcpConnector - Started receiving messages 
2017-10-10 00:01:05,468 [4] [INFO  ] Transport.Connectors.Tcp.TcpConnector - OpenConnectionRequest was received by a TcpConnector with id f92712cc-d0e9-4713-8656-b8de2c895e24 
2017-10-10 00:01:05,485 [4] [INFO  ] Data.RemoteApplication - New remote application with id f92712cc-d0e9-4713-8656-b8de2c895e24 
2017-10-10 00:01:05,498 [4] [INFO  ] Data.RemoteApplication - Starting remote applicatoin 
2017-10-10 00:01:05,511 [7] [INFO  ] Transport.Connectors.Tcp.TcpConnector - Strting connector 
2017-10-10 00:01:05,514 [4] [INFO  ] Transport.Connectors.Tcp.TcpConnector - Message is preparing to be sent to communicator 
2017-10-10 00:01:05,544 [4] [INFO  ] Transport.Connectors.Tcp.TcpConnector - Message was sent 
2017-10-10 00:01:05,651 [4] [INFO  ] Transport.Connectors.Tcp.TcpConnector - DefaultMessage was received by a TcpConnector with id f92712cc-d0e9-4713-8656-b8de2c895e24 
2017-10-10 00:01:51,656 [3] [DEBUG ] Transport.Connectors.Tcp.TcpConnectionListener - New client socket was accepted 
2017-10-10 00:01:51,672 [9] [INFO  ] Transport.Connectors.Tcp.TcpConnector - Strting connector 
2017-10-10 00:01:51,687 [9] [DEBUG ] Transport.Connectors.Tcp.TcpConnector - Started receiving messages 
2017-10-10 00:01:52,009 [9] [INFO  ] Transport.Connectors.Tcp.TcpConnector - OpenConnectionRequest was received by a TcpConnector with id 9bacf088-22c6-4d0f-826a-9932c0fd2db2 
2017-10-10 00:01:52,022 [9] [INFO  ] Data.RemoteApplication - New remote application with id 9bacf088-22c6-4d0f-826a-9932c0fd2db2 
2017-10-10 00:01:52,035 [9] [INFO  ] Data.RemoteApplication - Starting remote applicatoin 
2017-10-10 00:01:52,048 [9] [INFO  ] Transport.Connectors.Tcp.TcpConnector - Message is preparing to be sent to communicator 
2017-10-10 00:01:52,048 [10] [INFO  ] Transport.Connectors.Tcp.TcpConnector - Strting connector 
2017-10-10 00:01:52,062 [9] [INFO  ] Transport.Connectors.Tcp.TcpConnector - Message was sent 
2017-10-10 00:01:53,598 [9] [INFO  ] Transport.Connectors.Tcp.TcpConnector - DefaultMessageRequest was received by a TcpConnector with id 9bacf088-22c6-4d0f-826a-9932c0fd2db2 
2017-10-10 00:01:53,617 [9] [INFO  ] Transport.Connectors.Tcp.TcpConnector - Message is preparing to be sent to communicator 
2017-10-10 00:01:53,633 [9] [INFO  ] Transport.Connectors.Tcp.TcpConnector - Message was sent 
2017-10-10 00:01:57,435 [9] [ERROR ] Transport.Connectors.Tcp.TcpConnector - Receiving message failed 
2017-10-10 00:01:57,461 [9] [INFO  ] Transport.Connectors.Tcp.TcpConnector - Connector is disconecting 
2017-10-10 00:02:05,679 [4] [INFO  ] Transport.Connectors.Tcp.TcpConnector - CloseConnectionRequest was received by a TcpConnector with id f92712cc-d0e9-4713-8656-b8de2c895e24 
2017-10-10 00:02:05,699 [4] [INFO  ] Transport.Connectors.Tcp.TcpConnector - Connector is disconecting 
2017-10-10 00:02:05,718 [4] [INFO  ] Transport.Connectors.Tcp.TcpConnector - Connector is disconecting 
2017-10-10 00:02:07,786 [3] [DEBUG ] Transport.Connectors.Tcp.TcpConnectionListener - New client socket was accepted 
2017-10-10 00:02:07,805 [11] [INFO  ] Transport.Connectors.Tcp.TcpConnector - Strting connector 
2017-10-10 00:02:07,826 [4] [DEBUG ] Transport.Connectors.Tcp.TcpConnector - Started receiving messages 
2017-10-10 00:02:07,901 [4] [INFO  ] Transport.Connectors.Tcp.TcpConnector - OpenConnectionRequest was received by a TcpConnector with id 967d148d-52aa-4a50-bb22-440cb348d6b7 
2017-10-10 00:02:07,917 [4] [INFO  ] Data.RemoteApplication - New remote application with id 967d148d-52aa-4a50-bb22-440cb348d6b7 
2017-10-10 00:02:07,939 [4] [INFO  ] Data.RemoteApplication - Starting remote applicatoin 
2017-10-10 00:02:07,955 [4] [INFO  ] Transport.Connectors.Tcp.TcpConnector - Message is preparing to be sent to communicator 
2017-10-10 00:02:07,976 [4] [INFO  ] Transport.Connectors.Tcp.TcpConnector - Message was sent 
2017-10-10 00:02:07,955 [10] [INFO  ] Transport.Connectors.Tcp.TcpConnector - Strting connector 
2017-10-10 00:02:08,093 [4] [INFO  ] Transport.Connectors.Tcp.TcpConnector - DefaultMessage was received by a TcpConnector with id 967d148d-52aa-4a50-bb22-440cb348d6b7 
2017-10-10 00:02:16,188 [3] [DEBUG ] Transport.Connectors.Tcp.TcpConnectionListener - New client socket was accepted 
2017-10-10 00:02:16,202 [9] [INFO  ] Transport.Connectors.Tcp.TcpConnector - Strting connector 
2017-10-10 00:02:16,217 [9] [DEBUG ] Transport.Connectors.Tcp.TcpConnector - Started receiving messages 
2017-10-10 00:02:16,514 [9] [INFO  ] Transport.Connectors.Tcp.TcpConnector - OpenConnectionRequest was received by a TcpConnector with id 1ded387b-5cba-4d73-932a-c7868e76d8ce 
2017-10-10 00:02:16,528 [9] [INFO  ] Data.RemoteApplication - New remote application with id 1ded387b-5cba-4d73-932a-c7868e76d8ce 
2017-10-10 00:02:16,541 [9] [INFO  ] Data.RemoteApplication - Starting remote applicatoin 
2017-10-10 00:02:16,555 [9] [INFO  ] Transport.Connectors.Tcp.TcpConnector - Message is preparing to be sent to communicator 
2017-10-10 00:02:16,569 [9] [INFO  ] Transport.Connectors.Tcp.TcpConnector - Message was sent 
2017-10-10 00:02:16,555 [11] [INFO  ] Transport.Connectors.Tcp.TcpConnector - Strting connector 
2017-10-10 00:02:18,203 [9] [INFO  ] Transport.Connectors.Tcp.TcpConnector - DefaultMessageRequest was received by a TcpConnector with id 1ded387b-5cba-4d73-932a-c7868e76d8ce 
2017-10-10 00:02:18,216 [9] [INFO  ] Transport.Connectors.Tcp.TcpConnector - Message is preparing to be sent to communicator 
2017-10-10 00:02:18,229 [9] [INFO  ] Transport.Connectors.Tcp.TcpConnector - Message was sent 
2017-10-10 00:02:20,939 [9] [ERROR ] Transport.Connectors.Tcp.TcpConnector - Receiving message failed 
2017-10-10 00:02:20,959 [9] [INFO  ] Transport.Connectors.Tcp.TcpConnector - Connector is disconecting 
2017-10-10 00:03:15,475 [4] [INFO  ] Transport.Connectors.Tcp.TcpConnector - CloseConnectionRequest was received by a TcpConnector with id 967d148d-52aa-4a50-bb22-440cb348d6b7 
2017-10-10 00:03:15,509 [4] [INFO  ] Transport.Connectors.Tcp.TcpConnector - Connector is disconecting 
2017-10-10 00:03:15,527 [4] [INFO  ] Transport.Connectors.Tcp.TcpConnector - Connector is disconecting 
2017-10-10 00:03:18,769 [3] [DEBUG ] Transport.Connectors.Tcp.TcpConnectionListener - New client socket was accepted 
2017-10-10 00:03:18,794 [4] [INFO  ] Transport.Connectors.Tcp.TcpConnector - Strting connector 
2017-10-10 00:03:18,816 [4] [DEBUG ] Transport.Connectors.Tcp.TcpConnector - Started receiving messages 
2017-10-10 00:03:18,884 [4] [INFO  ] Transport.Connectors.Tcp.TcpConnector - OpenConnectionRequest was received by a TcpConnector with id 2d36d0f0-7ae6-40aa-b577-80f475b8d380 
2017-10-10 00:03:18,899 [4] [INFO  ] Data.RemoteApplication - New remote application with id 2d36d0f0-7ae6-40aa-b577-80f475b8d380 
2017-10-10 00:03:18,913 [4] [INFO  ] Data.RemoteApplication - Starting remote applicatoin 
2017-10-10 00:03:18,930 [4] [INFO  ] Transport.Connectors.Tcp.TcpConnector - Message is preparing to be sent to communicator 
2017-10-10 00:03:18,947 [4] [INFO  ] Transport.Connectors.Tcp.TcpConnector - Message was sent 
2017-10-10 00:03:18,930 [8] [INFO  ] Transport.Connectors.Tcp.TcpConnector - Strting connector 
2017-10-10 00:03:19,057 [4] [INFO  ] Transport.Connectors.Tcp.TcpConnector - DefaultMessage was received by a TcpConnector with id 2d36d0f0-7ae6-40aa-b577-80f475b8d380 
2017-10-10 00:03:21,863 [1] [INFO  ] Transport.Connectors.Tcp.TcpConnectionListener - Stop sockets listener 
2017-10-10 00:03:21,881 [1] [INFO  ] Transport.Connectors.Tcp.TcpConnector - Connector is disconecting 
2017-10-10 00:03:21,898 [1] [INFO  ] Transport.Connectors.Tcp.TcpConnector - Connector is disconecting 
2017-10-10 00:03:21,915 [1] [INFO  ] Transport.Connectors.Tcp.TcpConnector - Connector is disconecting 
2017-10-10 00:03:21,936 [1] [INFO  ] MessageBrocker.Program - Press any key to exit 
2017-10-10 00:03:21,898 [4] [ERROR ] Transport.Connectors.Tcp.TcpConnector - Receiving message failed 
2017-10-10 00:03:21,982 [4] [INFO  ] Transport.Connectors.Tcp.TcpConnector - Connector is disconecting 
2017-10-10 00:03:55,608 [1] [INFO  ] MessageBrocker.Program - Starting message broker 
2017-10-10 00:03:55,668 [1] [INFO  ] MessageBrocker.Program - Press any key to stop the server 
2017-10-10 00:03:55,672 [5] [INFO  ] Transport.Connectors.Tcp.TcpConnectionListener - Starting sockets listener 
2017-10-10 00:03:55,719 [5] [DEBUG ] Transport.Connectors.Tcp.TcpConnectionListener - Tcp Socket was started on port 9000 
2017-10-10 00:03:55,735 [5] [INFO  ] Transport.Connectors.Tcp.TcpConnectionListener - Waiting for connections 
2017-10-10 00:04:13,949 [3] [DEBUG ] Transport.Connectors.Tcp.TcpConnectionListener - New client socket was accepted 
2017-10-10 00:04:13,977 [4] [INFO  ] Transport.Connectors.Tcp.TcpConnector - Strting connector 
2017-10-10 00:04:13,998 [4] [DEBUG ] Transport.Connectors.Tcp.TcpConnector - Started receiving messages 
2017-10-10 00:04:14,064 [4] [INFO  ] Transport.Connectors.Tcp.TcpConnector - OpenConnectionRequest was received by a TcpConnector with id b236fb98-1889-44d0-9087-8cfdad852522 
2017-10-10 00:04:14,082 [4] [INFO  ] Data.RemoteApplication - New remote application with id b236fb98-1889-44d0-9087-8cfdad852522 
2017-10-10 00:04:14,096 [4] [INFO  ] Data.RemoteApplication - Starting remote applicatoin 
2017-10-10 00:04:14,111 [7] [INFO  ] Transport.Connectors.Tcp.TcpConnector - Strting connector 
2017-10-10 00:04:14,114 [4] [INFO  ] Transport.Connectors.Tcp.TcpConnector - Message is preparing to be sent to communicator 
2017-10-10 00:04:14,187 [4] [INFO  ] Transport.Connectors.Tcp.TcpConnector - Message was sent 
2017-10-10 00:04:14,308 [4] [INFO  ] Transport.Connectors.Tcp.TcpConnector - DefaultMessage was received by a TcpConnector with id b236fb98-1889-44d0-9087-8cfdad852522 
2017-10-10 00:04:19,662 [4] [INFO  ] Transport.Connectors.Tcp.TcpConnector - DefaultMessage was received by a TcpConnector with id b236fb98-1889-44d0-9087-8cfdad852522 
2017-10-10 00:04:19,899 [4] [INFO  ] Transport.Connectors.Tcp.TcpConnector - DefaultMessage was received by a TcpConnector with id b236fb98-1889-44d0-9087-8cfdad852522 
2017-10-10 00:04:20,125 [4] [INFO  ] Transport.Connectors.Tcp.TcpConnector - DefaultMessage was received by a TcpConnector with id b236fb98-1889-44d0-9087-8cfdad852522 
2017-10-10 00:04:20,365 [4] [INFO  ] Transport.Connectors.Tcp.TcpConnector - DefaultMessage was received by a TcpConnector with id b236fb98-1889-44d0-9087-8cfdad852522 
2017-10-10 00:04:22,002 [4] [INFO  ] Transport.Connectors.Tcp.TcpConnector - DefaultMessage was received by a TcpConnector with id b236fb98-1889-44d0-9087-8cfdad852522 
2017-10-10 00:04:22,150 [4] [INFO  ] Transport.Connectors.Tcp.TcpConnector - DefaultMessage was received by a TcpConnector with id b236fb98-1889-44d0-9087-8cfdad852522 
2017-10-10 00:04:22,279 [4] [INFO  ] Transport.Connectors.Tcp.TcpConnector - DefaultMessage was received by a TcpConnector with id b236fb98-1889-44d0-9087-8cfdad852522 
2017-10-10 00:04:22,423 [4] [INFO  ] Transport.Connectors.Tcp.TcpConnector - DefaultMessage was received by a TcpConnector with id b236fb98-1889-44d0-9087-8cfdad852522 
2017-10-10 00:04:22,552 [4] [INFO  ] Transport.Connectors.Tcp.TcpConnector - DefaultMessage was received by a TcpConnector with id b236fb98-1889-44d0-9087-8cfdad852522 
2017-10-10 00:04:31,603 [3] [DEBUG ] Transport.Connectors.Tcp.TcpConnectionListener - New client socket was accepted 
2017-10-10 00:04:31,620 [10] [INFO  ] Transport.Connectors.Tcp.TcpConnector - Strting connector 
2017-10-10 00:04:31,634 [10] [DEBUG ] Transport.Connectors.Tcp.TcpConnector - Started receiving messages 
2017-10-10 00:04:31,943 [10] [INFO  ] Transport.Connectors.Tcp.TcpConnector - OpenConnectionRequest was received by a TcpConnector with id 59f7b8bf-fa2f-43ea-84bf-5e11592821a6 
2017-10-10 00:04:31,957 [10] [INFO  ] Data.RemoteApplication - New remote application with id 59f7b8bf-fa2f-43ea-84bf-5e11592821a6 
2017-10-10 00:04:31,971 [10] [INFO  ] Data.RemoteApplication - Starting remote applicatoin 
2017-10-10 00:04:31,986 [7] [INFO  ] Transport.Connectors.Tcp.TcpConnector - Strting connector 
2017-10-10 00:04:31,986 [10] [INFO  ] Transport.Connectors.Tcp.TcpConnector - Message is preparing to be sent to communicator 
2017-10-10 00:04:32,013 [10] [INFO  ] Transport.Connectors.Tcp.TcpConnector - Message was sent 
2017-10-10 00:04:33,607 [10] [INFO  ] Transport.Connectors.Tcp.TcpConnector - DefaultMessageRequest was received by a TcpConnector with id 59f7b8bf-fa2f-43ea-84bf-5e11592821a6 
2017-10-10 00:04:33,628 [10] [INFO  ] Transport.Connectors.Tcp.TcpConnector - Message is preparing to be sent to communicator 
2017-10-10 00:04:33,642 [10] [INFO  ] Transport.Connectors.Tcp.TcpConnector - Message was sent 
2017-10-10 00:05:30,113 [10] [ERROR ] Serialization.Deserializers.DefaultDeserializer - Can not read from stream! Input stream is closed. 
2017-10-10 00:05:30,150 [10] [ERROR ] Transport.Connectors.Tcp.TcpConnector - Receiving message failed 
2017-10-10 00:05:30,169 [10] [INFO  ] Transport.Connectors.Tcp.TcpConnector - Connector is disconecting 
2017-10-10 00:05:36,338 [3] [DEBUG ] Transport.Connectors.Tcp.TcpConnectionListener - New client socket was accepted 
2017-10-10 00:05:36,352 [10] [INFO  ] Transport.Connectors.Tcp.TcpConnector - Strting connector 
2017-10-10 00:05:36,366 [10] [DEBUG ] Transport.Connectors.Tcp.TcpConnector - Started receiving messages 
2017-10-10 00:05:36,696 [10] [INFO  ] Transport.Connectors.Tcp.TcpConnector - OpenConnectionRequest was received by a TcpConnector with id 4fee1bff-7441-4edc-b227-48329bc649d6 
2017-10-10 00:05:36,712 [10] [INFO  ] Data.RemoteApplication - New remote application with id 4fee1bff-7441-4edc-b227-48329bc649d6 
2017-10-10 00:05:36,725 [10] [INFO  ] Data.RemoteApplication - Starting remote applicatoin 
2017-10-10 00:05:36,740 [10] [INFO  ] Transport.Connectors.Tcp.TcpConnector - Message is preparing to be sent to communicator 
2017-10-10 00:05:36,754 [10] [INFO  ] Transport.Connectors.Tcp.TcpConnector - Message was sent 
2017-10-10 00:05:36,740 [8] [INFO  ] Transport.Connectors.Tcp.TcpConnector - Strting connector 
2017-10-10 00:05:38,349 [10] [INFO  ] Transport.Connectors.Tcp.TcpConnector - DefaultMessageRequest was received by a TcpConnector with id 4fee1bff-7441-4edc-b227-48329bc649d6 
2017-10-10 00:05:38,364 [10] [INFO  ] Transport.Connectors.Tcp.TcpConnector - Message is preparing to be sent to communicator 
2017-10-10 00:05:38,378 [10] [INFO  ] Transport.Connectors.Tcp.TcpConnector - Message was sent 
2017-10-10 00:05:49,312 [10] [ERROR ] Transport.Connectors.Tcp.TcpConnector - Receiving message failed 
2017-10-10 00:05:49,338 [10] [INFO  ] Transport.Connectors.Tcp.TcpConnector - Connector is disconecting 
2017-10-10 00:06:01,414 [3] [DEBUG ] Transport.Connectors.Tcp.TcpConnectionListener - New client socket was accepted 
2017-10-10 00:06:01,430 [8] [INFO  ] Transport.Connectors.Tcp.TcpConnector - Strting connector 
2017-10-10 00:06:01,445 [8] [DEBUG ] Transport.Connectors.Tcp.TcpConnector - Started receiving messages 
2017-10-10 00:06:01,755 [8] [INFO  ] Transport.Connectors.Tcp.TcpConnector - OpenConnectionRequest was received by a TcpConnector with id 00f5d63b-d5d1-45e2-b390-802221d7689f 
2017-10-10 00:06:01,769 [8] [INFO  ] Data.RemoteApplication - New remote application with id 00f5d63b-d5d1-45e2-b390-802221d7689f 
2017-10-10 00:06:01,783 [8] [INFO  ] Data.RemoteApplication - Starting remote applicatoin 
2017-10-10 00:06:01,797 [8] [INFO  ] Transport.Connectors.Tcp.TcpConnector - Message is preparing to be sent to communicator 
2017-10-10 00:06:01,797 [10] [INFO  ] Transport.Connectors.Tcp.TcpConnector - Strting connector 
2017-10-10 00:06:01,812 [8] [INFO  ] Transport.Connectors.Tcp.TcpConnector - Message was sent 
2017-10-10 00:06:03,380 [8] [INFO  ] Transport.Connectors.Tcp.TcpConnector - DefaultMessageRequest was received by a TcpConnector with id 00f5d63b-d5d1-45e2-b390-802221d7689f 
2017-10-10 00:06:03,394 [8] [INFO  ] Transport.Connectors.Tcp.TcpConnector - Message is preparing to be sent to communicator 
2017-10-10 00:06:03,408 [8] [INFO  ] Transport.Connectors.Tcp.TcpConnector - Message was sent 
2017-10-10 00:06:28,587 [8] [ERROR ] Transport.Connectors.Tcp.TcpConnector - Receiving message failed 
2017-10-10 00:06:28,617 [8] [INFO  ] Transport.Connectors.Tcp.TcpConnector - Connector is disconecting 
2017-10-10 00:06:36,680 [3] [DEBUG ] Transport.Connectors.Tcp.TcpConnectionListener - New client socket was accepted 
2017-10-10 00:06:36,698 [8] [INFO  ] Transport.Connectors.Tcp.TcpConnector - Strting connector 
2017-10-10 00:06:36,714 [8] [DEBUG ] Transport.Connectors.Tcp.TcpConnector - Started receiving messages 
2017-10-10 00:06:37,029 [8] [INFO  ] Transport.Connectors.Tcp.TcpConnector - OpenConnectionRequest was received by a TcpConnector with id 70ea93f7-c862-4ce1-a796-bdf7e034540a 
2017-10-10 00:06:37,044 [8] [INFO  ] Data.RemoteApplication - New remote application with id 70ea93f7-c862-4ce1-a796-bdf7e034540a 
2017-10-10 00:06:37,058 [8] [INFO  ] Data.RemoteApplication - Starting remote applicatoin 
2017-10-10 00:06:37,072 [8] [INFO  ] Transport.Connectors.Tcp.TcpConnector - Message is preparing to be sent to communicator 
2017-10-10 00:06:37,086 [8] [INFO  ] Transport.Connectors.Tcp.TcpConnector - Message was sent 
2017-10-10 00:06:37,072 [9] [INFO  ] Transport.Connectors.Tcp.TcpConnector - Strting connector 
2017-10-10 00:06:38,794 [8] [INFO  ] Transport.Connectors.Tcp.TcpConnector - DefaultMessageRequest was received by a TcpConnector with id 70ea93f7-c862-4ce1-a796-bdf7e034540a 
2017-10-10 00:06:38,811 [8] [INFO  ] Transport.Connectors.Tcp.TcpConnector - Message is preparing to be sent to communicator 
2017-10-10 00:06:38,825 [8] [INFO  ] Transport.Connectors.Tcp.TcpConnector - Message was sent 
2017-10-10 00:06:45,960 [8] [ERROR ] Transport.Connectors.Tcp.TcpConnector - Receiving message failed 
2017-10-10 00:06:45,982 [8] [INFO  ] Transport.Connectors.Tcp.TcpConnector - Connector is disconecting 
2017-10-10 00:07:00,572 [3] [DEBUG ] Transport.Connectors.Tcp.TcpConnectionListener - New client socket was accepted 
2017-10-10 00:07:00,588 [9] [INFO  ] Transport.Connectors.Tcp.TcpConnector - Strting connector 
2017-10-10 00:07:00,601 [9] [DEBUG ] Transport.Connectors.Tcp.TcpConnector - Started receiving messages 
2017-10-10 00:07:00,913 [9] [INFO  ] Transport.Connectors.Tcp.TcpConnector - OpenConnectionRequest was received by a TcpConnector with id d31c5af2-d973-4873-bfc0-e0039b3da143 
2017-10-10 00:07:00,926 [9] [INFO  ] Data.RemoteApplication - New remote application with id d31c5af2-d973-4873-bfc0-e0039b3da143 
2017-10-10 00:07:00,941 [9] [INFO  ] Data.RemoteApplication - Starting remote applicatoin 
2017-10-10 00:07:00,955 [9] [INFO  ] Transport.Connectors.Tcp.TcpConnector - Message is preparing to be sent to communicator 
2017-10-10 00:07:00,970 [9] [INFO  ] Transport.Connectors.Tcp.TcpConnector - Message was sent 
2017-10-10 00:07:00,955 [8] [INFO  ] Transport.Connectors.Tcp.TcpConnector - Strting connector 
2017-10-10 00:07:02,595 [9] [INFO  ] Transport.Connectors.Tcp.TcpConnector - DefaultMessageRequest was received by a TcpConnector with id d31c5af2-d973-4873-bfc0-e0039b3da143 
2017-10-10 00:07:02,610 [9] [INFO  ] Transport.Connectors.Tcp.TcpConnector - Message is preparing to be sent to communicator 
2017-10-10 00:07:02,624 [9] [INFO  ] Transport.Connectors.Tcp.TcpConnector - Message was sent 
2017-10-10 00:07:04,469 [4] [INFO  ] Transport.Connectors.Tcp.TcpConnector - DefaultMessage was received by a TcpConnector with id b236fb98-1889-44d0-9087-8cfdad852522 
2017-10-10 00:07:04,626 [4] [INFO  ] Transport.Connectors.Tcp.TcpConnector - DefaultMessage was received by a TcpConnector with id b236fb98-1889-44d0-9087-8cfdad852522 
2017-10-10 00:07:04,771 [4] [INFO  ] Transport.Connectors.Tcp.TcpConnector - DefaultMessage was received by a TcpConnector with id b236fb98-1889-44d0-9087-8cfdad852522 
2017-10-10 00:07:04,916 [4] [INFO  ] Transport.Connectors.Tcp.TcpConnector - DefaultMessage was received by a TcpConnector with id b236fb98-1889-44d0-9087-8cfdad852522 
2017-10-10 00:07:05,048 [4] [INFO  ] Transport.Connectors.Tcp.TcpConnector - DefaultMessage was received by a TcpConnector with id b236fb98-1889-44d0-9087-8cfdad852522 
2017-10-10 00:07:05,188 [4] [INFO  ] Transport.Connectors.Tcp.TcpConnector - DefaultMessage was received by a TcpConnector with id b236fb98-1889-44d0-9087-8cfdad852522 
2017-10-10 00:07:05,326 [4] [INFO  ] Transport.Connectors.Tcp.TcpConnector - DefaultMessage was received by a TcpConnector with id b236fb98-1889-44d0-9087-8cfdad852522 
2017-10-10 00:07:05,461 [4] [INFO  ] Transport.Connectors.Tcp.TcpConnector - DefaultMessage was received by a TcpConnector with id b236fb98-1889-44d0-9087-8cfdad852522 
2017-10-10 00:07:05,603 [4] [INFO  ] Transport.Connectors.Tcp.TcpConnector - DefaultMessage was received by a TcpConnector with id b236fb98-1889-44d0-9087-8cfdad852522 
2017-10-10 00:07:05,743 [4] [INFO  ] Transport.Connectors.Tcp.TcpConnector - DefaultMessage was received by a TcpConnector with id b236fb98-1889-44d0-9087-8cfdad852522 
2017-10-10 00:07:05,882 [4] [INFO  ] Transport.Connectors.Tcp.TcpConnector - DefaultMessage was received by a TcpConnector with id b236fb98-1889-44d0-9087-8cfdad852522 
2017-10-10 00:07:07,489 [9] [ERROR ] Transport.Connectors.Tcp.TcpConnector - Receiving message failed 
2017-10-10 00:07:07,521 [9] [INFO  ] Transport.Connectors.Tcp.TcpConnector - Connector is disconecting 
2017-10-10 00:07:14,523 [3] [DEBUG ] Transport.Connectors.Tcp.TcpConnectionListener - New client socket was accepted 
2017-10-10 00:07:14,539 [12] [INFO  ] Transport.Connectors.Tcp.TcpConnector - Strting connector 
2017-10-10 00:07:14,556 [12] [DEBUG ] Transport.Connectors.Tcp.TcpConnector - Started receiving messages 
2017-10-10 00:07:14,840 [12] [INFO  ] Transport.Connectors.Tcp.TcpConnector - OpenConnectionRequest was received by a TcpConnector with id 9438b426-4970-48d4-adba-5d04a4d79114 
2017-10-10 00:07:14,854 [12] [INFO  ] Data.RemoteApplication - New remote application with id 9438b426-4970-48d4-adba-5d04a4d79114 
2017-10-10 00:07:14,869 [12] [INFO  ] Data.RemoteApplication - Starting remote applicatoin 
2017-10-10 00:07:14,882 [12] [INFO  ] Transport.Connectors.Tcp.TcpConnector - Message is preparing to be sent to communicator 
2017-10-10 00:07:14,897 [12] [INFO  ] Transport.Connectors.Tcp.TcpConnector - Message was sent 
2017-10-10 00:07:14,882 [9] [INFO  ] Transport.Connectors.Tcp.TcpConnector - Strting connector 
2017-10-10 00:07:16,593 [12] [INFO  ] Transport.Connectors.Tcp.TcpConnector - DefaultMessageRequest was received by a TcpConnector with id 9438b426-4970-48d4-adba-5d04a4d79114 
2017-10-10 00:07:16,607 [12] [INFO  ] Transport.Connectors.Tcp.TcpConnector - Message is preparing to be sent to communicator 
2017-10-10 00:07:16,626 [12] [INFO  ] Transport.Connectors.Tcp.TcpConnector - Message was sent 
2017-10-10 00:09:21,246 [12] [ERROR ] Transport.Connectors.Tcp.TcpConnector - Receiving message failed 
2017-10-10 00:09:21,325 [12] [INFO  ] Transport.Connectors.Tcp.TcpConnector - Connector is disconecting 
2017-10-10 00:09:31,481 [3] [DEBUG ] Transport.Connectors.Tcp.TcpConnectionListener - New client socket was accepted 
2017-10-10 00:09:31,497 [12] [INFO  ] Transport.Connectors.Tcp.TcpConnector - Strting connector 
2017-10-10 00:09:31,516 [11] [DEBUG ] Transport.Connectors.Tcp.TcpConnector - Started receiving messages 
2017-10-10 00:09:31,837 [11] [INFO  ] Transport.Connectors.Tcp.TcpConnector - OpenConnectionRequest was received by a TcpConnector with id d68f78f0-806b-47be-b221-0f2bc6c0726b 
2017-10-10 00:09:31,855 [11] [INFO  ] Data.RemoteApplication - New remote application with id d68f78f0-806b-47be-b221-0f2bc6c0726b 
2017-10-10 00:09:31,869 [11] [INFO  ] Data.RemoteApplication - Starting remote applicatoin 
2017-10-10 00:09:31,883 [11] [INFO  ] Transport.Connectors.Tcp.TcpConnector - Message is preparing to be sent to communicator 
2017-10-10 00:09:31,898 [11] [INFO  ] Transport.Connectors.Tcp.TcpConnector - Message was sent 
2017-10-10 00:09:31,883 [12] [INFO  ] Transport.Connectors.Tcp.TcpConnector - Strting connector 
2017-10-10 00:09:33,175 [11] [ERROR ] Transport.Connectors.Tcp.TcpConnector - Receiving message failed 
2017-10-10 00:09:33,205 [11] [INFO  ] Transport.Connectors.Tcp.TcpConnector - Connector is disconecting 
2017-10-10 00:09:36,678 [3] [DEBUG ] Transport.Connectors.Tcp.TcpConnectionListener - New client socket was accepted 
2017-10-10 00:09:36,692 [12] [INFO  ] Transport.Connectors.Tcp.TcpConnector - Strting connector 
2017-10-10 00:09:36,708 [12] [DEBUG ] Transport.Connectors.Tcp.TcpConnector - Started receiving messages 
2017-10-10 00:09:36,778 [12] [INFO  ] Transport.Connectors.Tcp.TcpConnector - OpenConnectionRequest was received by a TcpConnector with id 82b8a152-39f2-4101-8171-8cdfc2da3f4b 
2017-10-10 00:09:36,794 [12] [INFO  ] Data.RemoteApplication - New remote application with id 82b8a152-39f2-4101-8171-8cdfc2da3f4b 
2017-10-10 00:09:36,810 [12] [INFO  ] Data.RemoteApplication - Starting remote applicatoin 
2017-10-10 00:09:36,829 [12] [INFO  ] Transport.Connectors.Tcp.TcpConnector - Message is preparing to be sent to communicator 
2017-10-10 00:09:36,844 [12] [INFO  ] Transport.Connectors.Tcp.TcpConnector - Message was sent 
2017-10-10 00:09:36,830 [11] [INFO  ] Transport.Connectors.Tcp.TcpConnector - Strting connector 
2017-10-10 00:09:36,954 [12] [INFO  ] Transport.Connectors.Tcp.TcpConnector - DefaultMessageRequest was received by a TcpConnector with id 82b8a152-39f2-4101-8171-8cdfc2da3f4b 
2017-10-10 00:09:36,970 [12] [INFO  ] Transport.Connectors.Tcp.TcpConnector - Message is preparing to be sent to communicator 
2017-10-10 00:09:36,984 [12] [INFO  ] Transport.Connectors.Tcp.TcpConnector - Message was sent 
2017-10-10 00:10:33,351 [12] [ERROR ] Transport.Connectors.Tcp.TcpConnector - Receiving message failed 
2017-10-10 00:10:33,386 [12] [INFO  ] Transport.Connectors.Tcp.TcpConnector - Connector is disconecting 
2017-10-10 00:10:39,318 [3] [DEBUG ] Transport.Connectors.Tcp.TcpConnectionListener - New client socket was accepted 
2017-10-10 00:10:39,334 [12] [INFO  ] Transport.Connectors.Tcp.TcpConnector - Strting connector 
2017-10-10 00:10:39,348 [12] [DEBUG ] Transport.Connectors.Tcp.TcpConnector - Started receiving messages 
2017-10-10 00:10:39,679 [12] [INFO  ] Transport.Connectors.Tcp.TcpConnector - OpenConnectionRequest was received by a TcpConnector with id 765610b9-290c-4032-b97a-6a3745a5442d 
2017-10-10 00:10:39,693 [12] [INFO  ] Data.RemoteApplication - New remote application with id 765610b9-290c-4032-b97a-6a3745a5442d 
2017-10-10 00:10:39,707 [12] [INFO  ] Data.RemoteApplication - Starting remote applicatoin 
2017-10-10 00:10:39,721 [12] [INFO  ] Transport.Connectors.Tcp.TcpConnector - Message is preparing to be sent to communicator 
2017-10-10 00:10:39,737 [12] [INFO  ] Transport.Connectors.Tcp.TcpConnector - Message was sent 
2017-10-10 00:10:39,721 [13] [INFO  ] Transport.Connectors.Tcp.TcpConnector - Strting connector 
2017-10-10 00:10:58,897 [12] [INFO  ] Transport.Connectors.Tcp.TcpConnector - DefaultMessageRequest was received by a TcpConnector with id 765610b9-290c-4032-b97a-6a3745a5442d 
2017-10-10 00:10:58,911 [12] [INFO  ] Transport.Connectors.Tcp.TcpConnector - Message is preparing to be sent to communicator 
2017-10-10 00:10:58,925 [12] [INFO  ] Transport.Connectors.Tcp.TcpConnector - Message was sent 
2017-10-10 00:11:29,248 [12] [ERROR ] Transport.Connectors.Tcp.TcpConnector - Receiving message failed 
2017-10-10 00:11:29,277 [12] [INFO  ] Transport.Connectors.Tcp.TcpConnector - Connector is disconecting 
2017-10-10 00:11:31,496 [3] [DEBUG ] Transport.Connectors.Tcp.TcpConnectionListener - New client socket was accepted 
2017-10-10 00:11:31,512 [12] [INFO  ] Transport.Connectors.Tcp.TcpConnector - Strting connector 
2017-10-10 00:11:31,528 [12] [DEBUG ] Transport.Connectors.Tcp.TcpConnector - Started receiving messages 
2017-10-10 00:11:31,596 [12] [INFO  ] Transport.Connectors.Tcp.TcpConnector - OpenConnectionRequest was received by a TcpConnector with id 73310976-408c-45e8-80cf-1308857237ab 
2017-10-10 00:11:31,616 [12] [INFO  ] Data.RemoteApplication - New remote application with id 73310976-408c-45e8-80cf-1308857237ab 
2017-10-10 00:11:31,634 [12] [INFO  ] Data.RemoteApplication - Starting remote applicatoin 
2017-10-10 00:11:31,660 [12] [INFO  ] Transport.Connectors.Tcp.TcpConnector - Message is preparing to be sent to communicator 
2017-10-10 00:11:31,682 [12] [INFO  ] Transport.Connectors.Tcp.TcpConnector - Message was sent 
2017-10-10 00:11:31,660 [14] [INFO  ] Transport.Connectors.Tcp.TcpConnector - Strting connector 
2017-10-10 00:11:31,795 [12] [INFO  ] Transport.Connectors.Tcp.TcpConnector - DefaultMessageRequest was received by a TcpConnector with id 73310976-408c-45e8-80cf-1308857237ab 
2017-10-10 00:11:31,809 [12] [INFO  ] Transport.Connectors.Tcp.TcpConnector - Message is preparing to be sent to communicator 
2017-10-10 00:11:31,822 [12] [INFO  ] Transport.Connectors.Tcp.TcpConnector - Message was sent 
2017-10-10 00:12:08,522 [4] [INFO  ] Transport.Connectors.Tcp.TcpConnector - DefaultMessage was received by a TcpConnector with id b236fb98-1889-44d0-9087-8cfdad852522 
2017-10-10 00:12:08,650 [4] [INFO  ] Transport.Connectors.Tcp.TcpConnector - DefaultMessage was received by a TcpConnector with id b236fb98-1889-44d0-9087-8cfdad852522 
2017-10-10 00:12:08,791 [4] [INFO  ] Transport.Connectors.Tcp.TcpConnector - DefaultMessage was received by a TcpConnector with id b236fb98-1889-44d0-9087-8cfdad852522 
2017-10-10 00:12:08,928 [4] [INFO  ] Transport.Connectors.Tcp.TcpConnector - DefaultMessage was received by a TcpConnector with id b236fb98-1889-44d0-9087-8cfdad852522 
2017-10-10 00:12:09,062 [4] [INFO  ] Transport.Connectors.Tcp.TcpConnector - DefaultMessage was received by a TcpConnector with id b236fb98-1889-44d0-9087-8cfdad852522 
2017-10-10 00:12:09,193 [4] [INFO  ] Transport.Connectors.Tcp.TcpConnector - DefaultMessage was received by a TcpConnector with id b236fb98-1889-44d0-9087-8cfdad852522 
2017-10-10 00:12:09,329 [4] [INFO  ] Transport.Connectors.Tcp.TcpConnector - DefaultMessage was received by a TcpConnector with id b236fb98-1889-44d0-9087-8cfdad852522 
2017-10-10 00:12:12,082 [12] [ERROR ] Transport.Connectors.Tcp.TcpConnector - Receiving message failed 
2017-10-10 00:12:12,105 [12] [INFO  ] Transport.Connectors.Tcp.TcpConnector - Connector is disconecting 
2017-10-10 00:12:15,417 [3] [DEBUG ] Transport.Connectors.Tcp.TcpConnectionListener - New client socket was accepted 
2017-10-10 00:12:15,436 [15] [INFO  ] Transport.Connectors.Tcp.TcpConnector - Strting connector 
2017-10-10 00:12:15,455 [15] [DEBUG ] Transport.Connectors.Tcp.TcpConnector - Started receiving messages 
2017-10-10 00:12:15,512 [15] [INFO  ] Transport.Connectors.Tcp.TcpConnector - OpenConnectionRequest was received by a TcpConnector with id da00089d-b687-4157-af91-0c2598df1c32 
2017-10-10 00:12:15,528 [15] [INFO  ] Data.RemoteApplication - New remote application with id da00089d-b687-4157-af91-0c2598df1c32 
2017-10-10 00:12:15,545 [15] [INFO  ] Data.RemoteApplication - Starting remote applicatoin 
2017-10-10 00:12:15,561 [15] [INFO  ] Transport.Connectors.Tcp.TcpConnector - Message is preparing to be sent to communicator 
2017-10-10 00:12:15,579 [15] [INFO  ] Transport.Connectors.Tcp.TcpConnector - Message was sent 
2017-10-10 00:12:15,561 [12] [INFO  ] Transport.Connectors.Tcp.TcpConnector - Strting connector 
2017-10-10 00:12:15,701 [15] [INFO  ] Transport.Connectors.Tcp.TcpConnector - DefaultMessageRequest was received by a TcpConnector with id da00089d-b687-4157-af91-0c2598df1c32 
2017-10-10 00:12:15,716 [15] [INFO  ] Transport.Connectors.Tcp.TcpConnector - Message is preparing to be sent to communicator 
2017-10-10 00:12:15,732 [15] [INFO  ] Transport.Connectors.Tcp.TcpConnector - Message was sent 
2017-10-10 00:12:27,497 [15] [ERROR ] Transport.Connectors.Tcp.TcpConnector - Receiving message failed 
2017-10-10 00:12:27,519 [15] [INFO  ] Transport.Connectors.Tcp.TcpConnector - Connector is disconecting 
2017-10-10 00:12:33,345 [3] [DEBUG ] Transport.Connectors.Tcp.TcpConnectionListener - New client socket was accepted 
2017-10-10 00:12:33,362 [17] [INFO  ] Transport.Connectors.Tcp.TcpConnector - Strting connector 
2017-10-10 00:12:33,378 [17] [DEBUG ] Transport.Connectors.Tcp.TcpConnector - Started receiving messages 
2017-10-10 00:12:33,678 [17] [INFO  ] Transport.Connectors.Tcp.TcpConnector - OpenConnectionRequest was received by a TcpConnector with id 725a3ef0-f353-427c-a188-2ff8c0e51a56 
2017-10-10 00:12:33,692 [17] [INFO  ] Data.RemoteApplication - New remote application with id 725a3ef0-f353-427c-a188-2ff8c0e51a56 
2017-10-10 00:12:33,706 [17] [INFO  ] Data.RemoteApplication - Starting remote applicatoin 
2017-10-10 00:12:33,720 [17] [INFO  ] Transport.Connectors.Tcp.TcpConnector - Message is preparing to be sent to communicator 
2017-10-10 00:12:33,734 [17] [INFO  ] Transport.Connectors.Tcp.TcpConnector - Message was sent 
2017-10-10 00:12:33,720 [15] [INFO  ] Transport.Connectors.Tcp.TcpConnector - Strting connector 
2017-10-10 00:12:37,687 [17] [INFO  ] Transport.Connectors.Tcp.TcpConnector - DefaultMessageRequest was received by a TcpConnector with id 725a3ef0-f353-427c-a188-2ff8c0e51a56 
2017-10-10 00:12:37,704 [17] [INFO  ] Transport.Connectors.Tcp.TcpConnector - Message is preparing to be sent to communicator 
2017-10-10 00:12:37,717 [17] [INFO  ] Transport.Connectors.Tcp.TcpConnector - Message was sent 
2017-10-10 00:12:52,492 [17] [ERROR ] Transport.Connectors.Tcp.TcpConnector - Receiving message failed 
2017-10-10 00:12:52,524 [17] [INFO  ] Transport.Connectors.Tcp.TcpConnector - Connector is disconecting 
2017-10-10 00:12:58,602 [3] [DEBUG ] Transport.Connectors.Tcp.TcpConnectionListener - New client socket was accepted 
2017-10-10 00:12:58,617 [15] [INFO  ] Transport.Connectors.Tcp.TcpConnector - Strting connector 
2017-10-10 00:12:58,634 [15] [DEBUG ] Transport.Connectors.Tcp.TcpConnector - Started receiving messages 
2017-10-10 00:12:58,926 [15] [INFO  ] Transport.Connectors.Tcp.TcpConnector - OpenConnectionRequest was received by a TcpConnector with id eb6afde2-95de-4979-86a3-5ca833bb1969 
2017-10-10 00:12:58,939 [15] [INFO  ] Data.RemoteApplication - New remote application with id eb6afde2-95de-4979-86a3-5ca833bb1969 
2017-10-10 00:12:58,953 [15] [INFO  ] Data.RemoteApplication - Starting remote applicatoin 
2017-10-10 00:12:58,966 [15] [INFO  ] Transport.Connectors.Tcp.TcpConnector - Message is preparing to be sent to communicator 
2017-10-10 00:12:58,982 [15] [INFO  ] Transport.Connectors.Tcp.TcpConnector - Message was sent 
2017-10-10 00:12:58,966 [17] [INFO  ] Transport.Connectors.Tcp.TcpConnector - Strting connector 
2017-10-10 00:13:03,292 [15] [INFO  ] Transport.Connectors.Tcp.TcpConnector - DefaultMessageRequest was received by a TcpConnector with id eb6afde2-95de-4979-86a3-5ca833bb1969 
2017-10-10 00:13:03,306 [15] [INFO  ] Transport.Connectors.Tcp.TcpConnector - Message is preparing to be sent to communicator 
2017-10-10 00:13:03,322 [15] [INFO  ] Transport.Connectors.Tcp.TcpConnector - Message was sent 
2017-10-10 00:13:14,839 [15] [ERROR ] Transport.Connectors.Tcp.TcpConnector - Receiving message failed 
2017-10-10 00:13:14,868 [15] [INFO  ] Transport.Connectors.Tcp.TcpConnector - Connector is disconecting 
2017-10-10 00:13:20,706 [3] [DEBUG ] Transport.Connectors.Tcp.TcpConnectionListener - New client socket was accepted 
2017-10-10 00:13:20,720 [17] [INFO  ] Transport.Connectors.Tcp.TcpConnector - Strting connector 
2017-10-10 00:13:20,733 [17] [DEBUG ] Transport.Connectors.Tcp.TcpConnector - Started receiving messages 
2017-10-10 00:13:21,051 [17] [INFO  ] Transport.Connectors.Tcp.TcpConnector - OpenConnectionRequest was received by a TcpConnector with id 854f187d-236c-4963-a74c-44f59b4aa9b0 
2017-10-10 00:13:21,066 [17] [INFO  ] Data.RemoteApplication - New remote application with id 854f187d-236c-4963-a74c-44f59b4aa9b0 
2017-10-10 00:13:21,079 [17] [INFO  ] Data.RemoteApplication - Starting remote applicatoin 
2017-10-10 00:13:21,094 [17] [INFO  ] Transport.Connectors.Tcp.TcpConnector - Message is preparing to be sent to communicator 
2017-10-10 00:13:21,111 [17] [INFO  ] Transport.Connectors.Tcp.TcpConnector - Message was sent 
2017-10-10 00:13:21,094 [15] [INFO  ] Transport.Connectors.Tcp.TcpConnector - Strting connector 
2017-10-10 00:13:22,705 [17] [INFO  ] Transport.Connectors.Tcp.TcpConnector - DefaultMessageRequest was received by a TcpConnector with id 854f187d-236c-4963-a74c-44f59b4aa9b0 
2017-10-10 00:13:22,719 [17] [INFO  ] Transport.Connectors.Tcp.TcpConnector - Message is preparing to be sent to communicator 
2017-10-10 00:13:22,732 [17] [INFO  ] Transport.Connectors.Tcp.TcpConnector - Message was sent 
2017-10-10 00:14:54,293 [1] [INFO  ] Transport.Connectors.Tcp.TcpConnectionListener - Stop sockets listener 
2017-10-10 00:14:54,328 [1] [INFO  ] Transport.Connectors.Tcp.TcpConnector - Connector is disconecting 
2017-10-10 00:14:54,350 [1] [INFO  ] Transport.Connectors.Tcp.TcpConnector - Connector is disconecting 
2017-10-10 00:14:54,379 [1] [INFO  ] Transport.Connectors.Tcp.TcpConnector - Connector is disconecting 
2017-10-10 00:14:54,406 [1] [INFO  ] Transport.Connectors.Tcp.TcpConnector - Connector is disconecting 
2017-10-10 00:14:54,351 [4] [ERROR ] Transport.Connectors.Tcp.TcpConnector - Receiving message failed 
2017-10-10 00:14:54,457 [4] [INFO  ] Transport.Connectors.Tcp.TcpConnector - Connector is disconecting 
2017-10-10 00:14:54,431 [1] [INFO  ] Transport.Connectors.Tcp.TcpConnector - Connector is disconecting 
2017-10-10 00:14:54,497 [1] [INFO  ] Transport.Connectors.Tcp.TcpConnector - Connector is disconecting 
2017-10-10 00:15:21,069 [1] [INFO  ] MessageBrocker.Program - Starting message broker 
2017-10-10 00:15:21,128 [1] [INFO  ] MessageBrocker.Program - Press any key to stop the server 
2017-10-10 00:15:21,133 [5] [INFO  ] Transport.Connectors.Tcp.TcpConnectionListener - Starting sockets listener 
2017-10-10 00:15:21,184 [5] [DEBUG ] Transport.Connectors.Tcp.TcpConnectionListener - Tcp Socket was started on port 9000 
2017-10-10 00:15:21,199 [5] [INFO  ] Transport.Connectors.Tcp.TcpConnectionListener - Waiting for connections 
2017-10-10 00:15:42,507 [3] [DEBUG ] Transport.Connectors.Tcp.TcpConnectionListener - New client socket was accepted 
2017-10-10 00:15:42,534 [8] [INFO  ] Transport.Connectors.Tcp.TcpConnector - Strting connector 
2017-10-10 00:15:42,551 [8] [DEBUG ] Transport.Connectors.Tcp.TcpConnector - Started receiving messages 
2017-10-10 00:15:42,616 [8] [INFO  ] Transport.Connectors.Tcp.TcpConnector - OpenConnectionRequest was received by a TcpConnector with id 25a4f53c-ac56-4dcc-bcd5-ef95e73633a9 
2017-10-10 00:15:42,633 [8] [INFO  ] Data.RemoteApplication - New remote application with id 25a4f53c-ac56-4dcc-bcd5-ef95e73633a9 
2017-10-10 00:15:42,649 [8] [INFO  ] Data.RemoteApplication - Starting remote applicatoin 
2017-10-10 00:15:42,662 [9] [INFO  ] Transport.Connectors.Tcp.TcpConnector - Strting connector 
2017-10-10 00:15:42,665 [8] [INFO  ] Transport.Connectors.Tcp.TcpConnector - Message is preparing to be sent to communicator 
2017-10-10 00:15:42,715 [8] [INFO  ] Transport.Connectors.Tcp.TcpConnector - Message was sent 
2017-10-10 00:15:42,829 [8] [INFO  ] Transport.Connectors.Tcp.TcpConnector - DefaultMessage was received by a TcpConnector with id 25a4f53c-ac56-4dcc-bcd5-ef95e73633a9 
2017-10-10 00:15:45,146 [8] [INFO  ] Transport.Connectors.Tcp.TcpConnector - DefaultMessage was received by a TcpConnector with id 25a4f53c-ac56-4dcc-bcd5-ef95e73633a9 
2017-10-10 00:15:45,580 [8] [INFO  ] Transport.Connectors.Tcp.TcpConnector - DefaultMessage was received by a TcpConnector with id 25a4f53c-ac56-4dcc-bcd5-ef95e73633a9 
2017-10-10 00:15:45,742 [8] [INFO  ] Transport.Connectors.Tcp.TcpConnector - DefaultMessage was received by a TcpConnector with id 25a4f53c-ac56-4dcc-bcd5-ef95e73633a9 
2017-10-10 00:15:45,894 [8] [INFO  ] Transport.Connectors.Tcp.TcpConnector - DefaultMessage was received by a TcpConnector with id 25a4f53c-ac56-4dcc-bcd5-ef95e73633a9 
2017-10-10 00:15:46,035 [8] [INFO  ] Transport.Connectors.Tcp.TcpConnector - DefaultMessage was received by a TcpConnector with id 25a4f53c-ac56-4dcc-bcd5-ef95e73633a9 
2017-10-10 00:15:46,183 [8] [INFO  ] Transport.Connectors.Tcp.TcpConnector - DefaultMessage was received by a TcpConnector with id 25a4f53c-ac56-4dcc-bcd5-ef95e73633a9 
2017-10-10 00:15:46,328 [8] [INFO  ] Transport.Connectors.Tcp.TcpConnector - DefaultMessage was received by a TcpConnector with id 25a4f53c-ac56-4dcc-bcd5-ef95e73633a9 
2017-10-10 00:15:46,469 [8] [INFO  ] Transport.Connectors.Tcp.TcpConnector - DefaultMessage was received by a TcpConnector with id 25a4f53c-ac56-4dcc-bcd5-ef95e73633a9 
2017-10-10 00:15:46,599 [8] [INFO  ] Transport.Connectors.Tcp.TcpConnector - DefaultMessage was received by a TcpConnector with id 25a4f53c-ac56-4dcc-bcd5-ef95e73633a9 
2017-10-10 00:15:46,742 [8] [INFO  ] Transport.Connectors.Tcp.TcpConnector - DefaultMessage was received by a TcpConnector with id 25a4f53c-ac56-4dcc-bcd5-ef95e73633a9 
2017-10-10 00:15:46,891 [8] [INFO  ] Transport.Connectors.Tcp.TcpConnector - DefaultMessage was received by a TcpConnector with id 25a4f53c-ac56-4dcc-bcd5-ef95e73633a9 
2017-10-10 00:15:47,042 [8] [INFO  ] Transport.Connectors.Tcp.TcpConnector - DefaultMessage was received by a TcpConnector with id 25a4f53c-ac56-4dcc-bcd5-ef95e73633a9 
2017-10-10 00:15:47,187 [8] [INFO  ] Transport.Connectors.Tcp.TcpConnector - DefaultMessage was received by a TcpConnector with id 25a4f53c-ac56-4dcc-bcd5-ef95e73633a9 
2017-10-10 00:15:47,331 [8] [INFO  ] Transport.Connectors.Tcp.TcpConnector - DefaultMessage was received by a TcpConnector with id 25a4f53c-ac56-4dcc-bcd5-ef95e73633a9 
2017-10-10 00:15:51,701 [3] [DEBUG ] Transport.Connectors.Tcp.TcpConnectionListener - New client socket was accepted 
2017-10-10 00:15:51,718 [10] [INFO  ] Transport.Connectors.Tcp.TcpConnector - Strting connector 
2017-10-10 00:15:51,733 [10] [DEBUG ] Transport.Connectors.Tcp.TcpConnector - Started receiving messages 
2017-10-10 00:15:51,796 [10] [INFO  ] Transport.Connectors.Tcp.TcpConnector - OpenConnectionRequest was received by a TcpConnector with id 856694d6-858b-4ff1-bb49-af1f5e730a51 
2017-10-10 00:15:51,812 [10] [INFO  ] Data.RemoteApplication - New remote application with id 856694d6-858b-4ff1-bb49-af1f5e730a51 
2017-10-10 00:15:51,826 [10] [INFO  ] Data.RemoteApplication - Starting remote applicatoin 
2017-10-10 00:15:51,845 [10] [INFO  ] Transport.Connectors.Tcp.TcpConnector - Message is preparing to be sent to communicator 
2017-10-10 00:15:51,868 [10] [INFO  ] Transport.Connectors.Tcp.TcpConnector - Message was sent 
2017-10-10 00:15:51,845 [9] [INFO  ] Transport.Connectors.Tcp.TcpConnector - Strting connector 
2017-10-10 00:15:51,989 [10] [INFO  ] Transport.Connectors.Tcp.TcpConnector - DefaultMessageRequest was received by a TcpConnector with id 856694d6-858b-4ff1-bb49-af1f5e730a51 
2017-10-10 00:15:52,011 [10] [INFO  ] Transport.Connectors.Tcp.TcpConnector - Message is preparing to be sent to communicator 
2017-10-10 00:15:52,042 [10] [INFO  ] Transport.Connectors.Tcp.TcpConnector - Message was sent 
2017-10-10 00:16:02,094 [10] [ERROR ] Transport.Connectors.Tcp.TcpConnector - Receiving message failed 
2017-10-10 00:16:02,116 [10] [INFO  ] Transport.Connectors.Tcp.TcpConnector - Connector is disconecting 
2017-10-10 00:16:07,972 [3] [DEBUG ] Transport.Connectors.Tcp.TcpConnectionListener - New client socket was accepted 
2017-10-10 00:16:07,986 [9] [INFO  ] Transport.Connectors.Tcp.TcpConnector - Strting connector 
2017-10-10 00:16:07,999 [9] [DEBUG ] Transport.Connectors.Tcp.TcpConnector - Started receiving messages 
2017-10-10 00:16:08,315 [9] [INFO  ] Transport.Connectors.Tcp.TcpConnector - OpenConnectionRequest was received by a TcpConnector with id 79ff6d0c-7727-42af-bacb-16aa5dd0169a 
2017-10-10 00:16:08,329 [9] [INFO  ] Data.RemoteApplication - New remote application with id 79ff6d0c-7727-42af-bacb-16aa5dd0169a 
2017-10-10 00:16:08,344 [9] [INFO  ] Data.RemoteApplication - Starting remote applicatoin 
2017-10-10 00:16:08,358 [9] [INFO  ] Transport.Connectors.Tcp.TcpConnector - Message is preparing to be sent to communicator 
2017-10-10 00:16:08,358 [11] [INFO  ] Transport.Connectors.Tcp.TcpConnector - Strting connector 
2017-10-10 00:16:08,373 [9] [INFO  ] Transport.Connectors.Tcp.TcpConnector - Message was sent 
2017-10-10 00:16:09,914 [9] [INFO  ] Transport.Connectors.Tcp.TcpConnector - DefaultMessageRequest was received by a TcpConnector with id 79ff6d0c-7727-42af-bacb-16aa5dd0169a 
2017-10-10 00:16:09,927 [9] [INFO  ] Transport.Connectors.Tcp.TcpConnector - Message is preparing to be sent to communicator 
2017-10-10 00:16:09,941 [9] [INFO  ] Transport.Connectors.Tcp.TcpConnector - Message was sent 
2017-10-10 00:16:56,457 [9] [ERROR ] Transport.Connectors.Tcp.TcpConnector - Receiving message failed 
2017-10-10 00:16:56,491 [9] [INFO  ] Transport.Connectors.Tcp.TcpConnector - Connector is disconecting 
2017-10-10 00:17:03,195 [3] [DEBUG ] Transport.Connectors.Tcp.TcpConnectionListener - New client socket was accepted 
2017-10-10 00:17:03,216 [9] [INFO  ] Transport.Connectors.Tcp.TcpConnector - Strting connector 
2017-10-10 00:17:03,234 [9] [DEBUG ] Transport.Connectors.Tcp.TcpConnector - Started receiving messages 
2017-10-10 00:17:03,549 [9] [INFO  ] Transport.Connectors.Tcp.TcpConnector - OpenConnectionRequest was received by a TcpConnector with id 3e5cc0f8-79e5-4cd7-9b2f-1e33a24754f3 
2017-10-10 00:17:03,563 [9] [INFO  ] Data.RemoteApplication - New remote application with id 3e5cc0f8-79e5-4cd7-9b2f-1e33a24754f3 
2017-10-10 00:17:03,578 [9] [INFO  ] Data.RemoteApplication - Starting remote applicatoin 
2017-10-10 00:17:03,594 [9] [INFO  ] Transport.Connectors.Tcp.TcpConnector - Message is preparing to be sent to communicator 
2017-10-10 00:17:03,610 [9] [INFO  ] Transport.Connectors.Tcp.TcpConnector - Message was sent 
2017-10-10 00:17:03,595 [7] [INFO  ] Transport.Connectors.Tcp.TcpConnector - Strting connector 
2017-10-10 00:17:05,484 [9] [INFO  ] Transport.Connectors.Tcp.TcpConnector - DefaultMessageRequest was received by a TcpConnector with id 3e5cc0f8-79e5-4cd7-9b2f-1e33a24754f3 
2017-10-10 00:17:05,503 [9] [INFO  ] Transport.Connectors.Tcp.TcpConnector - Message is preparing to be sent to communicator 
2017-10-10 00:17:05,525 [9] [INFO  ] Transport.Connectors.Tcp.TcpConnector - Message was sent 
2017-10-10 00:17:23,389 [9] [ERROR ] Transport.Connectors.Tcp.TcpConnector - Receiving message failed 
2017-10-10 00:17:23,415 [9] [INFO  ] Transport.Connectors.Tcp.TcpConnector - Connector is disconecting 
2017-10-10 00:17:55,164 [3] [DEBUG ] Transport.Connectors.Tcp.TcpConnectionListener - New client socket was accepted 
2017-10-10 00:17:55,180 [13] [INFO  ] Transport.Connectors.Tcp.TcpConnector - Strting connector 
2017-10-10 00:17:55,196 [13] [DEBUG ] Transport.Connectors.Tcp.TcpConnector - Started receiving messages 
2017-10-10 00:17:55,523 [13] [INFO  ] Transport.Connectors.Tcp.TcpConnector - OpenConnectionRequest was received by a TcpConnector with id d9af5407-135e-43c5-9c4e-f1f1c55acfb6 
2017-10-10 00:17:55,538 [13] [INFO  ] Data.RemoteApplication - New remote application with id d9af5407-135e-43c5-9c4e-f1f1c55acfb6 
2017-10-10 00:17:55,553 [13] [INFO  ] Data.RemoteApplication - Starting remote applicatoin 
2017-10-10 00:17:55,568 [13] [INFO  ] Transport.Connectors.Tcp.TcpConnector - Message is preparing to be sent to communicator 
2017-10-10 00:17:55,583 [13] [INFO  ] Transport.Connectors.Tcp.TcpConnector - Message was sent 
2017-10-10 00:17:55,568 [14] [INFO  ] Transport.Connectors.Tcp.TcpConnector - Strting connector 
2017-10-10 00:18:16,134 [13] [ERROR ] Transport.Connectors.Tcp.TcpConnector - Receiving message failed 
2017-10-10 00:18:16,170 [13] [INFO  ] Transport.Connectors.Tcp.TcpConnector - Connector is disconecting 
2017-10-10 00:18:17,411 [8] [INFO  ] Transport.Connectors.Tcp.TcpConnector - DefaultMessage was received by a TcpConnector with id 25a4f53c-ac56-4dcc-bcd5-ef95e73633a9 
2017-10-10 00:18:17,574 [8] [INFO  ] Transport.Connectors.Tcp.TcpConnector - DefaultMessage was received by a TcpConnector with id 25a4f53c-ac56-4dcc-bcd5-ef95e73633a9 
2017-10-10 00:18:17,715 [8] [INFO  ] Transport.Connectors.Tcp.TcpConnector - DefaultMessage was received by a TcpConnector with id 25a4f53c-ac56-4dcc-bcd5-ef95e73633a9 
2017-10-10 00:18:17,856 [8] [INFO  ] Transport.Connectors.Tcp.TcpConnector - DefaultMessage was received by a TcpConnector with id 25a4f53c-ac56-4dcc-bcd5-ef95e73633a9 
2017-10-10 00:18:17,996 [8] [INFO  ] Transport.Connectors.Tcp.TcpConnector - DefaultMessage was received by a TcpConnector with id 25a4f53c-ac56-4dcc-bcd5-ef95e73633a9 
2017-10-10 00:18:18,124 [8] [INFO  ] Transport.Connectors.Tcp.TcpConnector - DefaultMessage was received by a TcpConnector with id 25a4f53c-ac56-4dcc-bcd5-ef95e73633a9 
2017-10-10 00:18:22,222 [3] [DEBUG ] Transport.Connectors.Tcp.TcpConnectionListener - New client socket was accepted 
2017-10-10 00:18:22,239 [13] [INFO  ] Transport.Connectors.Tcp.TcpConnector - Strting connector 
2017-10-10 00:18:22,254 [13] [DEBUG ] Transport.Connectors.Tcp.TcpConnector - Started receiving messages 
2017-10-10 00:18:22,563 [13] [INFO  ] Transport.Connectors.Tcp.TcpConnector - OpenConnectionRequest was received by a TcpConnector with id 649fa013-af77-4b46-93e0-0ca5e9f5620a 
2017-10-10 00:18:22,582 [13] [INFO  ] Data.RemoteApplication - New remote application with id 649fa013-af77-4b46-93e0-0ca5e9f5620a 
2017-10-10 00:18:22,598 [13] [INFO  ] Data.RemoteApplication - Starting remote applicatoin 
2017-10-10 00:18:22,615 [13] [INFO  ] Transport.Connectors.Tcp.TcpConnector - Message is preparing to be sent to communicator 
2017-10-10 00:18:22,615 [12] [INFO  ] Transport.Connectors.Tcp.TcpConnector - Strting connector 
2017-10-10 00:18:22,629 [13] [INFO  ] Transport.Connectors.Tcp.TcpConnector - Message was sent 
2017-10-10 00:18:24,212 [13] [INFO  ] Transport.Connectors.Tcp.TcpConnector - DefaultMessageRequest was received by a TcpConnector with id 649fa013-af77-4b46-93e0-0ca5e9f5620a 
2017-10-10 00:18:24,226 [13] [INFO  ] Transport.Connectors.Tcp.TcpConnector - Message is preparing to be sent to communicator 
2017-10-10 00:18:24,242 [13] [INFO  ] Transport.Connectors.Tcp.TcpConnector - Message was sent 
2017-10-10 00:18:39,390 [13] [ERROR ] Transport.Connectors.Tcp.TcpConnector - Receiving message failed 
2017-10-10 00:18:39,415 [13] [INFO  ] Transport.Connectors.Tcp.TcpConnector - Connector is disconecting 
2017-10-10 00:21:05,988 [8] [INFO  ] Transport.Connectors.Tcp.TcpConnector - DefaultMessage was received by a TcpConnector with id 25a4f53c-ac56-4dcc-bcd5-ef95e73633a9 
2017-10-10 00:21:06,018 [8] [INFO  ] Transport.Connectors.Tcp.TcpConnector - DefaultMessage was received by a TcpConnector with id 25a4f53c-ac56-4dcc-bcd5-ef95e73633a9 
2017-10-10 00:21:06,046 [8] [INFO  ] Transport.Connectors.Tcp.TcpConnector - DefaultMessage was received by a TcpConnector with id 25a4f53c-ac56-4dcc-bcd5-ef95e73633a9 
2017-10-10 00:21:06,398 [8] [ERROR ] Transport.Connectors.Tcp.TcpConnector - Receiving message failed 
2017-10-10 00:21:06,419 [8] [INFO  ] Transport.Connectors.Tcp.TcpConnector - Connector is disconecting 
2017-10-10 00:21:12,548 [1] [INFO  ] Transport.Connectors.Tcp.TcpConnectionListener - Stop sockets listener 
2017-10-10 00:21:12,574 [1] [INFO  ] Transport.Connectors.Tcp.TcpConnector - Connector is disconecting 
2017-10-10 00:21:12,591 [1] [INFO  ] Transport.Connectors.Tcp.TcpConnector - Connector is disconecting 
2017-10-10 00:21:12,609 [1] [INFO  ] Transport.Connectors.Tcp.TcpConnector - Connector is disconecting 
2017-10-10 00:21:12,630 [1] [INFO  ] Transport.Connectors.Tcp.TcpConnector - Connector is disconecting 
2017-10-10 00:21:12,645 [1] [INFO  ] Transport.Connectors.Tcp.TcpConnector - Connector is disconecting 
2017-10-10 00:21:12,669 [1] [INFO  ] Transport.Connectors.Tcp.TcpConnector - Connector is disconecting 
2017-10-10 00:21:12,686 [1] [INFO  ] MessageBrocker.Program - Press any key to exit 
2017-10-10 00:21:35,215 [1] [INFO  ] MessageBrocker.Program - Starting message broker 
2017-10-10 00:21:35,271 [1] [INFO  ] MessageBrocker.Program - Press any key to stop the server 
2017-10-10 00:21:35,277 [5] [INFO  ] Transport.Connectors.Tcp.TcpConnectionListener - Starting sockets listener 
2017-10-10 00:21:35,321 [5] [DEBUG ] Transport.Connectors.Tcp.TcpConnectionListener - Tcp Socket was started on port 9000 
2017-10-10 00:21:35,335 [5] [INFO  ] Transport.Connectors.Tcp.TcpConnectionListener - Waiting for connections 
2017-10-10 00:21:43,475 [3] [DEBUG ] Transport.Connectors.Tcp.TcpConnectionListener - New client socket was accepted 
2017-10-10 00:21:43,499 [4] [INFO  ] Transport.Connectors.Tcp.TcpConnector - Strting connector 
2017-10-10 00:21:43,516 [4] [DEBUG ] Transport.Connectors.Tcp.TcpConnector - Started receiving messages 
2017-10-10 00:21:43,581 [4] [INFO  ] Transport.Connectors.Tcp.TcpConnector - OpenConnectionRequest was received by a TcpConnector with id 0476d199-4626-4f5a-94a7-1eb553e6be8a 
2017-10-10 00:21:43,598 [4] [INFO  ] Data.RemoteApplication - New remote application with id 0476d199-4626-4f5a-94a7-1eb553e6be8a 
2017-10-10 00:21:43,614 [4] [INFO  ] Data.RemoteApplication - Starting remote applicatoin 
2017-10-10 00:21:43,628 [7] [INFO  ] Transport.Connectors.Tcp.TcpConnector - Strting connector 
2017-10-10 00:21:43,631 [4] [INFO  ] Transport.Connectors.Tcp.TcpConnector - Message is preparing to be sent to communicator 
2017-10-10 00:21:43,683 [4] [INFO  ] Transport.Connectors.Tcp.TcpConnector - Message was sent 
2017-10-10 00:21:43,786 [4] [INFO  ] Transport.Connectors.Tcp.TcpConnector - DefaultMessage was received by a TcpConnector with id 0476d199-4626-4f5a-94a7-1eb553e6be8a 
2017-10-10 00:21:45,724 [4] [INFO  ] Transport.Connectors.Tcp.TcpConnector - DefaultMessage was received by a TcpConnector with id 0476d199-4626-4f5a-94a7-1eb553e6be8a 
2017-10-10 00:21:45,915 [4] [INFO  ] Transport.Connectors.Tcp.TcpConnector - DefaultMessage was received by a TcpConnector with id 0476d199-4626-4f5a-94a7-1eb553e6be8a 
2017-10-10 00:21:46,102 [4] [INFO  ] Transport.Connectors.Tcp.TcpConnector - DefaultMessage was received by a TcpConnector with id 0476d199-4626-4f5a-94a7-1eb553e6be8a 
2017-10-10 00:21:46,257 [4] [INFO  ] Transport.Connectors.Tcp.TcpConnector - DefaultMessage was received by a TcpConnector with id 0476d199-4626-4f5a-94a7-1eb553e6be8a 
2017-10-10 00:21:46,406 [4] [INFO  ] Transport.Connectors.Tcp.TcpConnector - DefaultMessage was received by a TcpConnector with id 0476d199-4626-4f5a-94a7-1eb553e6be8a 
2017-10-10 00:21:46,547 [4] [INFO  ] Transport.Connectors.Tcp.TcpConnector - DefaultMessage was received by a TcpConnector with id 0476d199-4626-4f5a-94a7-1eb553e6be8a 
2017-10-10 00:21:46,681 [4] [INFO  ] Transport.Connectors.Tcp.TcpConnector - DefaultMessage was received by a TcpConnector with id 0476d199-4626-4f5a-94a7-1eb553e6be8a 
2017-10-10 00:21:46,814 [4] [INFO  ] Transport.Connectors.Tcp.TcpConnector - DefaultMessage was received by a TcpConnector with id 0476d199-4626-4f5a-94a7-1eb553e6be8a 
2017-10-10 00:21:53,515 [3] [DEBUG ] Transport.Connectors.Tcp.TcpConnectionListener - New client socket was accepted 
2017-10-10 00:21:53,538 [9] [INFO  ] Transport.Connectors.Tcp.TcpConnector - Strting connector 
2017-10-10 00:21:53,564 [7] [DEBUG ] Transport.Connectors.Tcp.TcpConnector - Started receiving messages 
2017-10-10 00:21:53,619 [7] [INFO  ] Transport.Connectors.Tcp.TcpConnector - OpenConnectionRequest was received by a TcpConnector with id 2aae630f-22b7-42c9-a60f-8a7cf729d84f 
2017-10-10 00:21:53,638 [7] [INFO  ] Data.RemoteApplication - New remote application with id 2aae630f-22b7-42c9-a60f-8a7cf729d84f 
2017-10-10 00:21:53,653 [7] [INFO  ] Data.RemoteApplication - Starting remote applicatoin 
2017-10-10 00:21:53,667 [7] [INFO  ] Transport.Connectors.Tcp.TcpConnector - Message is preparing to be sent to communicator 
2017-10-10 00:21:53,667 [9] [INFO  ] Transport.Connectors.Tcp.TcpConnector - Strting connector 
2017-10-10 00:21:53,682 [7] [INFO  ] Transport.Connectors.Tcp.TcpConnector - Message was sent 
2017-10-10 00:21:53,790 [7] [INFO  ] Transport.Connectors.Tcp.TcpConnector - DefaultMessageRequest was received by a TcpConnector with id 2aae630f-22b7-42c9-a60f-8a7cf729d84f 
2017-10-10 00:21:53,810 [7] [INFO  ] Transport.Connectors.Tcp.TcpConnector - Message is preparing to be sent to communicator 
2017-10-10 00:21:53,826 [7] [INFO  ] Transport.Connectors.Tcp.TcpConnector - Message was sent 
2017-10-10 00:22:03,092 [7] [ERROR ] Transport.Connectors.Tcp.TcpConnector - Receiving message failed 
2017-10-10 00:22:03,118 [7] [INFO  ] Transport.Connectors.Tcp.TcpConnector - Connector is disconecting 
2017-10-10 00:22:05,298 [3] [DEBUG ] Transport.Connectors.Tcp.TcpConnectionListener - New client socket was accepted 
2017-10-10 00:22:05,315 [9] [INFO  ] Transport.Connectors.Tcp.TcpConnector - Strting connector 
2017-10-10 00:22:05,329 [7] [DEBUG ] Transport.Connectors.Tcp.TcpConnector - Started receiving messages 
2017-10-10 00:22:05,395 [7] [INFO  ] Transport.Connectors.Tcp.TcpConnector - OpenConnectionRequest was received by a TcpConnector with id 8e73c172-d24b-4c68-8735-8c98a5c6ec17 
2017-10-10 00:22:05,410 [7] [INFO  ] Data.RemoteApplication - New remote application with id 8e73c172-d24b-4c68-8735-8c98a5c6ec17 
2017-10-10 00:22:05,426 [7] [INFO  ] Data.RemoteApplication - Starting remote applicatoin 
2017-10-10 00:22:05,445 [7] [INFO  ] Transport.Connectors.Tcp.TcpConnector - Message is preparing to be sent to communicator 
2017-10-10 00:22:05,461 [7] [INFO  ] Transport.Connectors.Tcp.TcpConnector - Message was sent 
2017-10-10 00:22:05,445 [11] [INFO  ] Transport.Connectors.Tcp.TcpConnector - Strting connector 
2017-10-10 00:22:05,574 [7] [INFO  ] Transport.Connectors.Tcp.TcpConnector - DefaultMessageRequest was received by a TcpConnector with id 8e73c172-d24b-4c68-8735-8c98a5c6ec17 
2017-10-10 00:22:05,589 [7] [INFO  ] Transport.Connectors.Tcp.TcpConnector - Message is preparing to be sent to communicator 
2017-10-10 00:22:05,606 [7] [INFO  ] Transport.Connectors.Tcp.TcpConnector - Message was sent 
2017-10-10 00:22:31,620 [1] [INFO  ] Transport.Connectors.Tcp.TcpConnectionListener - Stop sockets listener 
2017-10-10 00:22:31,643 [1] [INFO  ] Transport.Connectors.Tcp.TcpConnector - Connector is disconecting 
2017-10-10 00:22:31,662 [1] [INFO  ] Transport.Connectors.Tcp.TcpConnector - Connector is disconecting 
2017-10-10 00:22:31,686 [1] [INFO  ] Transport.Connectors.Tcp.TcpConnector - Connector is disconecting 
2017-10-10 00:22:31,663 [4] [ERROR ] Transport.Connectors.Tcp.TcpConnector - Receiving message failed 
2017-10-10 00:22:31,729 [4] [INFO  ] Transport.Connectors.Tcp.TcpConnector - Connector is disconecting 
2017-10-10 00:22:31,710 [1] [INFO  ] MessageBrocker.Program - Press any key to exit 
