2017-10-04 16:45:20,519 [1] [INFO  ] MessageBrocker.Program - Starting message broker 
2017-10-04 16:45:20,542 [1] [INFO  ] MessageBrocker.Program - Press any key to stop 
2017-10-04 16:45:20,544 [7] [INFO  ] Transport.Connectors.Tcp.TcpConnectionListener - Starting listener socket 
2017-10-04 16:45:20,560 [7] [DEBUG ] Transport.Connectors.Tcp.TcpConnectionListener - Socket was started on port 9000 
2017-10-04 16:45:20,570 [7] [INFO  ] Transport.Connectors.Tcp.TcpConnectionListener - Waiting for connections 
2017-10-04 16:45:32,410 [1] [INFO  ] Data.Transport - Huinea 
2017-10-04 16:45:32,415 [1] [INFO  ] Transport.Connectors.Tcp.TcpConnectionListener - Stoping listener socket 
2017-10-04 14:36:44,561 [1] [INFO  ] MessageBrocker.Program - Starting message broker 
2017-10-04 14:36:44,635 [1] [INFO  ] MessageBrocker.Program - Press any key to stop 
2017-10-04 14:36:44,642 [7] [INFO  ] Transport.Connectors.Tcp.TcpConnectionListener - Starting listener socket 
2017-10-04 14:36:44,693 [7] [DEBUG ] Transport.Connectors.Tcp.TcpConnectionListener - Socket was started on port 9000 
2017-10-04 14:36:44,713 [7] [INFO  ] Transport.Connectors.Tcp.TcpConnectionListener - Waiting for connections 
2017-10-04 14:36:47,390 [1] [INFO  ] Data.Transport - Huinea 
2017-10-04 14:36:47,405 [1] [INFO  ] Transport.Connectors.Tcp.TcpConnectionListener - Stoping listener socket 
2017-10-04 14:36:54,922 [1] [INFO  ] MessageBrocker.Program - Starting message broker 
2017-10-04 14:36:54,979 [1] [INFO  ] MessageBrocker.Program - Press any key to stop 
2017-10-04 14:36:54,983 [7] [INFO  ] Transport.Connectors.Tcp.TcpConnectionListener - Starting listener socket 
2017-10-04 14:36:55,006 [7] [DEBUG ] Transport.Connectors.Tcp.TcpConnectionListener - Socket was started on port 9000 
2017-10-04 14:36:55,024 [7] [INFO  ] Transport.Connectors.Tcp.TcpConnectionListener - Waiting for connections 
2017-10-04 14:36:56,953 [1] [INFO  ] Data.Transport - Huinea 
2017-10-04 14:36:56,967 [1] [INFO  ] Transport.Connectors.Tcp.TcpConnectionListener - Stoping listener socket 
2017-10-04 14:42:12,771 [1] [INFO  ] MessageBrocker.Program - Starting message broker 
2017-10-04 14:42:12,853 [1] [INFO  ] MessageBrocker.Program - Press any key to stop 
2017-10-04 14:42:12,860 [6] [INFO  ] Transport.Connectors.Tcp.TcpConnectionListener - Starting listener socket 
2017-10-04 14:42:12,906 [6] [DEBUG ] Transport.Connectors.Tcp.TcpConnectionListener - Socket was started on port 9000 
2017-10-04 14:42:12,922 [6] [INFO  ] Transport.Connectors.Tcp.TcpConnectionListener - Waiting for connections 
2017-10-04 14:42:14,158 [1] [INFO  ] Transport.Connectors.Tcp.TcpConnectionListener - Stoping listener socket 
2017-10-04 14:44:06,835 [1] [INFO  ] MessageBrocker.Program - Starting message broker 
2017-10-04 14:44:06,900 [1] [INFO  ] MessageBrocker.Program - Press any key to stop 
2017-10-04 14:44:06,904 [7] [INFO  ] Transport.Connectors.Tcp.TcpConnectionListener - Starting listener socket 
2017-10-04 14:44:06,952 [7] [DEBUG ] Transport.Connectors.Tcp.TcpConnectionListener - Socket was started on port 9000 
2017-10-04 14:44:06,965 [7] [INFO  ] Transport.Connectors.Tcp.TcpConnectionListener - Waiting for connections 
2017-10-04 14:44:08,350 [1] [INFO  ] Transport.Connectors.Tcp.TcpConnectionListener - Stop sockets listener 
2017-10-04 14:47:36,080 [1] [INFO  ] MessageBrocker.Program - Starting message broker 
2017-10-04 14:47:36,157 [1] [INFO  ] MessageBrocker.Program - Press any key to stop 
2017-10-04 14:47:36,163 [6] [INFO  ] Transport.Connectors.Tcp.TcpConnectionListener - Starting sockets listener 
2017-10-04 14:47:36,209 [6] [DEBUG ] Transport.Connectors.Tcp.TcpConnectionListener - Socket was started on port 9000 
2017-10-04 14:47:36,226 [6] [INFO  ] Transport.Connectors.Tcp.TcpConnectionListener - Waiting for connections 
2017-10-04 14:48:09,724 [4] [INFO  ] Transport.Connectors.Tcp.TcpConnectionListener - New client socket was accepted 
2017-10-04 15:54:04,972 [1] [INFO  ] Transport.Connectors.Tcp.TcpConnectionListener - Stop sockets listener 
2017-10-04 17:08:51,731 [1] [INFO  ] MessageBrocker.Program - Starting message broker 
2017-10-04 17:08:51,876 [1] [INFO  ] MessageBrocker.Program - Press any key to stop 
2017-10-04 17:08:51,920 [6] [INFO  ] Transport.Connectors.Tcp.TcpConnectionListener - Starting sockets listener 
2017-10-04 17:08:51,965 [6] [DEBUG ] Transport.Connectors.Tcp.TcpConnectionListener - Socket was started on port 9000 
2017-10-04 17:08:51,984 [6] [INFO  ] Transport.Connectors.Tcp.TcpConnectionListener - Waiting for connections 
2017-10-04 17:08:56,456 [1] [INFO  ] Transport.Connectors.Tcp.TcpConnectionListener - Stop sockets listener 
2017-10-04 17:09:18,441 [1] [INFO  ] MessageBrocker.Program - Starting message broker 
2017-10-04 17:09:18,570 [1] [INFO  ] MessageBrocker.Program - Press any key to stop the server 
2017-10-04 17:09:18,614 [6] [INFO  ] Transport.Connectors.Tcp.TcpConnectionListener - Starting sockets listener 
2017-10-04 17:09:18,647 [6] [DEBUG ] Transport.Connectors.Tcp.TcpConnectionListener - Socket was started on port 9000 
2017-10-04 17:09:18,661 [6] [INFO  ] Transport.Connectors.Tcp.TcpConnectionListener - Waiting for connections 
2017-10-04 17:09:21,670 [1] [INFO  ] Transport.Connectors.Tcp.TcpConnectionListener - Stop sockets listener 
2017-10-04 17:09:42,085 [1] [INFO  ] MessageBrocker.Program - Starting message broker 
2017-10-04 17:09:42,145 [1] [INFO  ] MessageBrocker.Program - Press any key to stop the server 
2017-10-04 17:09:42,149 [7] [INFO  ] Transport.Connectors.Tcp.TcpConnectionListener - Starting sockets listener 
2017-10-04 17:09:42,193 [7] [DEBUG ] Transport.Connectors.Tcp.TcpConnectionListener - Socket was started on port 9000 
2017-10-04 17:09:42,209 [7] [INFO  ] Transport.Connectors.Tcp.TcpConnectionListener - Waiting for connections 
2017-10-04 17:09:47,706 [1] [INFO  ] Transport.Connectors.Tcp.TcpConnectionListener - Stop sockets listener 
2017-10-04 17:09:48,573 [1] [INFO  ] MessageBrocker.Program - Press any key to exit 
